Psyduck challenged Neutrel2
Psyduck have: []
Neutrel2 have: null
Psyduck HP: 43 Normal Attack: 3 Special Attack: null Defence: 3 Special Defence: null Ability{damage=2, stun=false, dodge=false, coolDown=4} Ability{damage=2, stun=true, dodge=false, coolDown=5}
Neutrel2 HP: 20 Normal Attack: 4 Special Attack: null Defence: 1 Special Defence: null null null

=====================!!! Round 1 !!!=====================
* CoolDown Psyduck: Ability1 [0] Ability2 [0]
* CoolDown Neutrel2: Ability1 [0] Ability2 [0]
Psyduck attack with ABILITY2 | Neutrel2 attack with NORMAL_ATTACK
	+Psyduck HP: 42(Damage received: 1)
	+Neutrel2 HP: 18(Damage received: 2)

=====================!!! Round 2 !!!=====================
* CoolDown Psyduck: Ability1 [0] Ability2 [5]
* CoolDown Neutrel2: Ability1 [0] Ability2 [0]
Psyduck attack with NORMAL_ATTACK | Neutrel2 is stunned
	+Psyduck HP: 42(Damage received: 0)
	+Neutrel2 HP: 16(Damage received: 2)

=====================!!! Round 3 !!!=====================
* CoolDown Psyduck: Ability1 [0] Ability2 [4]
* CoolDown Neutrel2: Ability1 [0] Ability2 [0]
Psyduck attack with NORMAL_ATTACK | Neutrel2 attack with NORMAL_ATTACK
	+Psyduck HP: 41(Damage received: 1)
	+Neutrel2 HP: 14(Damage received: 2)

=====================!!! Round 4 !!!=====================
* CoolDown Psyduck: Ability1 [0] Ability2 [3]
* CoolDown Neutrel2: Ability1 [0] Ability2 [0]
Psyduck attack with NORMAL_ATTACK | Neutrel2 attack with NORMAL_ATTACK
	+Psyduck HP: 40(Damage received: 1)
	+Neutrel2 HP: 12(Damage received: 2)

=====================!!! Round 5 !!!=====================
* CoolDown Psyduck: Ability1 [0] Ability2 [2]
* CoolDown Neutrel2: Ability1 [0] Ability2 [0]
Psyduck attack with ABILITY1 | Neutrel2 attack with NORMAL_ATTACK
	+Psyduck HP: 39(Damage received: 1)
	+Neutrel2 HP: 10(Damage received: 2)

=====================!!! Round 6 !!!=====================
* CoolDown Psyduck: Ability1 [4] Ability2 [1]
* CoolDown Neutrel2: Ability1 [0] Ability2 [0]
Psyduck attack with NORMAL_ATTACK | Neutrel2 attack with NORMAL_ATTACK
	+Psyduck HP: 38(Damage received: 1)
	+Neutrel2 HP: 8(Damage received: 2)

=====================!!! Round 7 !!!=====================
* CoolDown Psyduck: Ability1 [3] Ability2 [0]
* CoolDown Neutrel2: Ability1 [0] Ability2 [0]
Psyduck attack with NORMAL_ATTACK | Neutrel2 attack with NORMAL_ATTACK
	+Psyduck HP: 37(Damage received: 1)
	+Neutrel2 HP: 6(Damage received: 2)

=====================!!! Round 8 !!!=====================
* CoolDown Psyduck: Ability1 [2] Ability2 [0]
* CoolDown Neutrel2: Ability1 [0] Ability2 [0]
Psyduck attack with ABILITY2 | Neutrel2 attack with NORMAL_ATTACK
	+Psyduck HP: 36(Damage received: 1)
	+Neutrel2 HP: 4(Damage received: 2)

=====================!!! Round 9 !!!=====================
* CoolDown Psyduck: Ability1 [1] Ability2 [5]
* CoolDown Neutrel2: Ability1 [0] Ability2 [0]
Psyduck attack with NORMAL_ATTACK | Neutrel2 is stunned
	+Psyduck HP: 36(Damage received: 0)
	+Neutrel2 HP: 2(Damage received: 2)

=====================!!! Round 10 !!!=====================
* CoolDown Psyduck: Ability1 [0] Ability2 [4]
* CoolDown Neutrel2: Ability1 [0] Ability2 [0]
Psyduck attack with NORMAL_ATTACK | Neutrel2 attack with NORMAL_ATTACK
	+Psyduck HP: 35(Damage received: 1)
	+Neutrel2 HP: 0(Damage received: 2)

		+++ Result: Win Psyduck +++

Eevee challenged Neutrel2
Eevee have: [Vitamins{HP +2, Attack +2, Special Attack +2}, Wand{Special Attack +3}]
Neutrel2 have: null
Eevee HP: 41 Normal Attack: null Special Attack: 9 Defence: 3 Special Defence: 9 Ability{damage=5, stun=false, dodge=false, coolDown=3} Ability{damage=3, stun=true, dodge=false, coolDown=3}
Neutrel2 HP: 20 Normal Attack: 4 Special Attack: null Defence: 1 Special Defence: null null null

=====================!!! Round 1 !!!=====================
* CoolDown Eevee: Ability1 [0] Ability2 [0]
* CoolDown Neutrel2: Ability1 [0] Ability2 [0]
Eevee attack with ABILITY2 | Neutrel2 attack with NORMAL_ATTACK
	+Eevee HP: 40(Damage received: 1)
	+Neutrel2 HP: 17(Damage received: 3)

=====================!!! Round 2 !!!=====================
* CoolDown Eevee: Ability1 [0] Ability2 [3]
* CoolDown Neutrel2: Ability1 [0] Ability2 [0]
Eevee attack with SPECIAL_ATTACK | Neutrel2 is stunned
	+Eevee HP: 40(Damage received: 0)
	+Neutrel2 HP: 9(Damage received: 8)

=====================!!! Round 3 !!!=====================
* CoolDown Eevee: Ability1 [0] Ability2 [2]
* CoolDown Neutrel2: Ability1 [0] Ability2 [0]
Eevee attack with SPECIAL_ATTACK | Neutrel2 attack with NORMAL_ATTACK
	+Eevee HP: 39(Damage received: 1)
	+Neutrel2 HP: 1(Damage received: 8)

=====================!!! Round 4 !!!=====================
* CoolDown Eevee: Ability1 [0] Ability2 [1]
* CoolDown Neutrel2: Ability1 [0] Ability2 [0]
Eevee attack with SPECIAL_ATTACK | Neutrel2 attack with NORMAL_ATTACK
	+Eevee HP: 38(Damage received: 1)
	+Neutrel2 HP: -7(Damage received: 8)

		+++ Result: Win Eevee +++

Jigglypuff challenged Neutrel1
Jigglypuff have: []
Neutrel1 have: null
Jigglypuff HP: 34 Normal Attack: 4 Special Attack: null Defence: 2 Special Defence: null Ability{damage=4, stun=true, dodge=false, coolDown=4} Ability{damage=3, stun=true, dodge=false, coolDown=4}
Neutrel1 HP: 10 Normal Attack: 3 Special Attack: null Defence: 1 Special Defence: null null null

=====================!!! Round 1 !!!=====================
* CoolDown Jigglypuff: Ability1 [0] Ability2 [0]
* CoolDown Neutrel1: Ability1 [0] Ability2 [0]
Jigglypuff attack with NORMAL_ATTACK | Neutrel1 attack with NORMAL_ATTACK
	+Jigglypuff HP: 33(Damage received: 1)
	+Neutrel1 HP: 7(Damage received: 3)

=====================!!! Round 2 !!!=====================
* CoolDown Jigglypuff: Ability1 [0] Ability2 [0]
* CoolDown Neutrel1: Ability1 [0] Ability2 [0]
Jigglypuff attack with ABILITY2 | Neutrel1 attack with NORMAL_ATTACK
	+Jigglypuff HP: 32(Damage received: 1)
	+Neutrel1 HP: 4(Damage received: 3)

=====================!!! Round 3 !!!=====================
* CoolDown Jigglypuff: Ability1 [0] Ability2 [4]
* CoolDown Neutrel1: Ability1 [0] Ability2 [0]
Jigglypuff attack with NORMAL_ATTACK | Neutrel1 is stunned
	+Jigglypuff HP: 32(Damage received: 0)
	+Neutrel1 HP: 1(Damage received: 3)

=====================!!! Round 4 !!!=====================
* CoolDown Jigglypuff: Ability1 [0] Ability2 [3]
* CoolDown Neutrel1: Ability1 [0] Ability2 [0]
Jigglypuff attack with ABILITY1 | Neutrel1 attack with NORMAL_ATTACK
	+Jigglypuff HP: 31(Damage received: 1)
	+Neutrel1 HP: -3(Damage received: 4)

		+++ Result: Win Jigglypuff +++

Meowth challenged Neutrel1
Meowth have: []
Neutrel1 have: null
Meowth HP: 41 Normal Attack: 3 Special Attack: null Defence: 4 Special Defence: null Ability{damage=5, stun=false, dodge=true, coolDown=4} Ability{damage=1, stun=false, dodge=true, coolDown=3}
Neutrel1 HP: 10 Normal Attack: 3 Special Attack: null Defence: 1 Special Defence: null null null

=====================!!! Round 1 !!!=====================
* CoolDown Meowth: Ability1 [0] Ability2 [0]
* CoolDown Neutrel1: Ability1 [0] Ability2 [0]
Meowth attack with NORMAL_ATTACK | Neutrel1 attack with NORMAL_ATTACK
	+Meowth HP: 41(Damage received: 0)
	+Neutrel1 HP: 8(Damage received: 2)

=====================!!! Round 2 !!!=====================
* CoolDown Meowth: Ability1 [0] Ability2 [0]
* CoolDown Neutrel1: Ability1 [0] Ability2 [0]
Meowth attack with NORMAL_ATTACK | Neutrel1 attack with NORMAL_ATTACK
	+Meowth HP: 41(Damage received: 0)
	+Neutrel1 HP: 6(Damage received: 2)

=====================!!! Round 3 !!!=====================
* CoolDown Meowth: Ability1 [0] Ability2 [0]
* CoolDown Neutrel1: Ability1 [0] Ability2 [0]
Meowth attack with ABILITY2 | Neutrel1 attack with NORMAL_ATTACK
!! Meowth has dodged attack !!
	+Meowth HP: 41(Damage received: 0)
	+Neutrel1 HP: 5(Damage received: 1)

=====================!!! Round 4 !!!=====================
* CoolDown Meowth: Ability1 [0] Ability2 [3]
* CoolDown Neutrel1: Ability1 [0] Ability2 [0]
Meowth attack with ABILITY1 | Neutrel1 attack with NORMAL_ATTACK
!! Meowth has dodged attack !!
	+Meowth HP: 41(Damage received: 0)
	+Neutrel1 HP: 0(Damage received: 5)

		+++ Result: Win Meowth +++

Snorlax challenged Neutrel2
Snorlax have: []
Neutrel2 have: null
Snorlax HP: 62 Normal Attack: 3 Special Attack: null Defence: 6 Special Defence: null Ability{damage=4, stun=true, dodge=false, coolDown=5} Ability{damage=0, stun=false, dodge=true, coolDown=5}
Neutrel2 HP: 20 Normal Attack: 4 Special Attack: null Defence: 1 Special Defence: null null null

=====================!!! Round 1 !!!=====================
* CoolDown Snorlax: Ability1 [0] Ability2 [0]
* CoolDown Neutrel2: Ability1 [0] Ability2 [0]
Snorlax attack with NORMAL_ATTACK | Neutrel2 attack with NORMAL_ATTACK
	+Snorlax HP: 62(Damage received: 0)
	+Neutrel2 HP: 18(Damage received: 2)

=====================!!! Round 2 !!!=====================
* CoolDown Snorlax: Ability1 [0] Ability2 [0]
* CoolDown Neutrel2: Ability1 [0] Ability2 [0]
Snorlax attack with NORMAL_ATTACK | Neutrel2 attack with NORMAL_ATTACK
	+Snorlax HP: 62(Damage received: 0)
	+Neutrel2 HP: 16(Damage received: 2)

=====================!!! Round 3 !!!=====================
* CoolDown Snorlax: Ability1 [0] Ability2 [0]
* CoolDown Neutrel2: Ability1 [0] Ability2 [0]
Snorlax attack with ABILITY1 | Neutrel2 attack with NORMAL_ATTACK
	+Snorlax HP: 62(Damage received: 0)
	+Neutrel2 HP: 12(Damage received: 4)

=====================!!! Round 4 !!!=====================
* CoolDown Snorlax: Ability1 [5] Ability2 [0]
* CoolDown Neutrel2: Ability1 [0] Ability2 [0]
Snorlax attack with ABILITY2 | Neutrel2 is stunned
!! Snorlax has dodged attack !!
	+Snorlax HP: 62(Damage received: 0)
	+Neutrel2 HP: 12(Damage received: 0)

=====================!!! Round 5 !!!=====================
* CoolDown Snorlax: Ability1 [4] Ability2 [5]
* CoolDown Neutrel2: Ability1 [0] Ability2 [0]
Snorlax attack with NORMAL_ATTACK | Neutrel2 attack with NORMAL_ATTACK
	+Snorlax HP: 62(Damage received: 0)
	+Neutrel2 HP: 10(Damage received: 2)

=====================!!! Round 6 !!!=====================
* CoolDown Snorlax: Ability1 [3] Ability2 [4]
* CoolDown Neutrel2: Ability1 [0] Ability2 [0]
Snorlax attack with NORMAL_ATTACK | Neutrel2 attack with NORMAL_ATTACK
	+Snorlax HP: 62(Damage received: 0)
	+Neutrel2 HP: 8(Damage received: 2)

=====================!!! Round 7 !!!=====================
* CoolDown Snorlax: Ability1 [2] Ability2 [3]
* CoolDown Neutrel2: Ability1 [0] Ability2 [0]
Snorlax attack with NORMAL_ATTACK | Neutrel2 attack with NORMAL_ATTACK
	+Snorlax HP: 62(Damage received: 0)
	+Neutrel2 HP: 6(Damage received: 2)

=====================!!! Round 8 !!!=====================
* CoolDown Snorlax: Ability1 [1] Ability2 [2]
* CoolDown Neutrel2: Ability1 [0] Ability2 [0]
Snorlax attack with NORMAL_ATTACK | Neutrel2 attack with NORMAL_ATTACK
	+Snorlax HP: 62(Damage received: 0)
	+Neutrel2 HP: 4(Damage received: 2)

=====================!!! Round 9 !!!=====================
* CoolDown Snorlax: Ability1 [0] Ability2 [1]
* CoolDown Neutrel2: Ability1 [0] Ability2 [0]
Snorlax attack with NORMAL_ATTACK | Neutrel2 attack with NORMAL_ATTACK
	+Snorlax HP: 62(Damage received: 0)
	+Neutrel2 HP: 2(Damage received: 2)

=====================!!! Round 10 !!!=====================
* CoolDown Snorlax: Ability1 [0] Ability2 [0]
* CoolDown Neutrel2: Ability1 [0] Ability2 [0]
Snorlax attack with ABILITY1 | Neutrel2 attack with NORMAL_ATTACK
	+Snorlax HP: 62(Damage received: 0)
	+Neutrel2 HP: -2(Damage received: 4)

		+++ Result: Win Snorlax +++

Bulbasaur challenged Neutrel2
Bulbasaur have: [Vitamins{HP +2, Attack +2, Special Attack +2}, Wand{Special Attack +3}]
Neutrel2 have: null
Bulbasaur HP: 44 Normal Attack: null Special Attack: 10 Defence: 3 Special Defence: 10 Ability{damage=6, stun=false, dodge=false, coolDown=4} Ability{damage=5, stun=false, dodge=false, coolDown=3}
Neutrel2 HP: 20 Normal Attack: 4 Special Attack: null Defence: 1 Special Defence: null null null

=====================!!! Round 1 !!!=====================
* CoolDown Bulbasaur: Ability1 [0] Ability2 [0]
* CoolDown Neutrel2: Ability1 [0] Ability2 [0]
Bulbasaur attack with ABILITY2 | Neutrel2 attack with NORMAL_ATTACK
	+Bulbasaur HP: 43(Damage received: 1)
	+Neutrel2 HP: 15(Damage received: 5)

=====================!!! Round 2 !!!=====================
* CoolDown Bulbasaur: Ability1 [0] Ability2 [3]
* CoolDown Neutrel2: Ability1 [0] Ability2 [0]
Bulbasaur attack with ABILITY1 | Neutrel2 attack with NORMAL_ATTACK
	+Bulbasaur HP: 42(Damage received: 1)
	+Neutrel2 HP: 9(Damage received: 6)

=====================!!! Round 3 !!!=====================
* CoolDown Bulbasaur: Ability1 [4] Ability2 [2]
* CoolDown Neutrel2: Ability1 [0] Ability2 [0]
Bulbasaur attack with SPECIAL_ATTACK | Neutrel2 attack with NORMAL_ATTACK
	+Bulbasaur HP: 41(Damage received: 1)
	+Neutrel2 HP: 0(Damage received: 9)

		+++ Result: Win Bulbasaur +++

Psyduck challenged Eevee
Psyduck have: []
Eevee have: [Vitamins{HP +2, Attack +2, Special Attack +2}, Wand{Special Attack +3}]
Psyduck HP: 44 Normal Attack: 4 Special Attack: null Defence: 4 Special Defence: null Ability{damage=2, stun=false, dodge=false, coolDown=4} Ability{damage=2, stun=true, dodge=false, coolDown=5}
Eevee HP: 42 Normal Attack: null Special Attack: 10 Defence: 4 Special Defence: 10 Ability{damage=5, stun=false, dodge=false, coolDown=3} Ability{damage=3, stun=true, dodge=false, coolDown=3}

=====================!!! Round 1 !!!=====================
* CoolDown Psyduck: Ability1 [0] Ability2 [0]
* CoolDown Eevee: Ability1 [0] Ability2 [0]
Psyduck attack with ABILITY1 | Eevee attack with ABILITY2
	+Psyduck HP: 41(Damage received: 3)
	+Eevee HP: 40(Damage received: 2)

=====================!!! Round 2 !!!=====================
* CoolDown Psyduck: Ability1 [4] Ability2 [0]
* CoolDown Eevee: Ability1 [0] Ability2 [3]
Psyduck is stunned | Eevee attack with SPECIAL_ATTACK
	+Psyduck HP: 35(Damage received: 6)
	+Eevee HP: 40(Damage received: 0)

=====================!!! Round 3 !!!=====================
* CoolDown Psyduck: Ability1 [3] Ability2 [0]
* CoolDown Eevee: Ability1 [0] Ability2 [2]
Psyduck attack with ABILITY2 | Eevee attack with SPECIAL_ATTACK
	+Psyduck HP: 29(Damage received: 6)
	+Eevee HP: 38(Damage received: 2)

=====================!!! Round 4 !!!=====================
* CoolDown Psyduck: Ability1 [2] Ability2 [5]
* CoolDown Eevee: Ability1 [0] Ability2 [1]
Psyduck attack with NORMAL_ATTACK | Eevee is stunned
	+Psyduck HP: 29(Damage received: 0)
	+Eevee HP: 38(Damage received: 0)

=====================!!! Round 5 !!!=====================
* CoolDown Psyduck: Ability1 [1] Ability2 [4]
* CoolDown Eevee: Ability1 [0] Ability2 [0]
Psyduck attack with NORMAL_ATTACK | Eevee attack with SPECIAL_ATTACK
	+Psyduck HP: 23(Damage received: 6)
	+Eevee HP: 38(Damage received: 0)

=====================!!! Round 6 !!!=====================
* CoolDown Psyduck: Ability1 [0] Ability2 [3]
* CoolDown Eevee: Ability1 [0] Ability2 [0]
Psyduck attack with NORMAL_ATTACK | Eevee attack with SPECIAL_ATTACK
	+Psyduck HP: 17(Damage received: 6)
	+Eevee HP: 38(Damage received: 0)

=====================!!! Round 7 !!!=====================
* CoolDown Psyduck: Ability1 [0] Ability2 [2]
* CoolDown Eevee: Ability1 [0] Ability2 [0]
Psyduck attack with NORMAL_ATTACK | Eevee attack with SPECIAL_ATTACK
	+Psyduck HP: 11(Damage received: 6)
	+Eevee HP: 38(Damage received: 0)

=====================!!! Round 8 !!!=====================
* CoolDown Psyduck: Ability1 [0] Ability2 [1]
* CoolDown Eevee: Ability1 [0] Ability2 [0]
Psyduck attack with NORMAL_ATTACK | Eevee attack with ABILITY2
	+Psyduck HP: 8(Damage received: 3)
	+Eevee HP: 38(Damage received: 0)

=====================!!! Round 9 !!!=====================
* CoolDown Psyduck: Ability1 [0] Ability2 [0]
* CoolDown Eevee: Ability1 [0] Ability2 [3]
Psyduck is stunned | Eevee attack with SPECIAL_ATTACK
	+Psyduck HP: 2(Damage received: 6)
	+Eevee HP: 38(Damage received: 0)

=====================!!! Round 10 !!!=====================
* CoolDown Psyduck: Ability1 [0] Ability2 [0]
* CoolDown Eevee: Ability1 [0] Ability2 [2]
Psyduck attack with NORMAL_ATTACK | Eevee attack with SPECIAL_ATTACK
	+Psyduck HP: -4(Damage received: 6)
	+Eevee HP: 38(Damage received: 0)

		+++ Result: Win Eevee +++

Jigglypuff challenged Meowth
Jigglypuff have: []
Meowth have: []
Jigglypuff HP: 35 Normal Attack: 5 Special Attack: null Defence: 3 Special Defence: null Ability{damage=4, stun=true, dodge=false, coolDown=4} Ability{damage=3, stun=true, dodge=false, coolDown=4}
Meowth HP: 42 Normal Attack: 4 Special Attack: null Defence: 5 Special Defence: null Ability{damage=5, stun=false, dodge=true, coolDown=4} Ability{damage=1, stun=false, dodge=true, coolDown=3}

=====================!!! Round 1 !!!=====================
* CoolDown Jigglypuff: Ability1 [0] Ability2 [0]
* CoolDown Meowth: Ability1 [0] Ability2 [0]
Jigglypuff attack with NORMAL_ATTACK | Meowth attack with ABILITY2
!! Meowth has dodged attack !!
	+Jigglypuff HP: 34(Damage received: 1)
	+Meowth HP: 42(Damage received: 0)

=====================!!! Round 2 !!!=====================
* CoolDown Jigglypuff: Ability1 [0] Ability2 [0]
* CoolDown Meowth: Ability1 [0] Ability2 [3]
Jigglypuff attack with ABILITY1 | Meowth attack with NORMAL_ATTACK
	+Jigglypuff HP: 33(Damage received: 1)
	+Meowth HP: 38(Damage received: 4)

=====================!!! Round 3 !!!=====================
* CoolDown Jigglypuff: Ability1 [4] Ability2 [0]
* CoolDown Meowth: Ability1 [0] Ability2 [2]
Jigglypuff attack with ABILITY2 | Meowth is stunned
	+Jigglypuff HP: 33(Damage received: 0)
	+Meowth HP: 35(Damage received: 3)

=====================!!! Round 4 !!!=====================
* CoolDown Jigglypuff: Ability1 [3] Ability2 [4]
* CoolDown Meowth: Ability1 [0] Ability2 [1]
Jigglypuff attack with NORMAL_ATTACK | Meowth is stunned
	+Jigglypuff HP: 33(Damage received: 0)
	+Meowth HP: 35(Damage received: 0)

=====================!!! Round 5 !!!=====================
* CoolDown Jigglypuff: Ability1 [2] Ability2 [3]
* CoolDown Meowth: Ability1 [0] Ability2 [0]
Jigglypuff attack with NORMAL_ATTACK | Meowth attack with ABILITY2
!! Meowth has dodged attack !!
	+Jigglypuff HP: 32(Damage received: 1)
	+Meowth HP: 35(Damage received: 0)

=====================!!! Round 6 !!!=====================
* CoolDown Jigglypuff: Ability1 [1] Ability2 [2]
* CoolDown Meowth: Ability1 [0] Ability2 [3]
Jigglypuff attack with NORMAL_ATTACK | Meowth attack with NORMAL_ATTACK
	+Jigglypuff HP: 31(Damage received: 1)
	+Meowth HP: 35(Damage received: 0)

=====================!!! Round 7 !!!=====================
* CoolDown Jigglypuff: Ability1 [0] Ability2 [1]
* CoolDown Meowth: Ability1 [0] Ability2 [2]
Jigglypuff attack with NORMAL_ATTACK | Meowth attack with ABILITY1
!! Meowth has dodged attack !!
	+Jigglypuff HP: 26(Damage received: 5)
	+Meowth HP: 35(Damage received: 0)

=====================!!! Round 8 !!!=====================
* CoolDown Jigglypuff: Ability1 [0] Ability2 [0]
* CoolDown Meowth: Ability1 [4] Ability2 [1]
Jigglypuff attack with NORMAL_ATTACK | Meowth attack with NORMAL_ATTACK
	+Jigglypuff HP: 25(Damage received: 1)
	+Meowth HP: 35(Damage received: 0)

=====================!!! Round 9 !!!=====================
* CoolDown Jigglypuff: Ability1 [0] Ability2 [0]
* CoolDown Meowth: Ability1 [3] Ability2 [0]
Jigglypuff attack with ABILITY2 | Meowth attack with NORMAL_ATTACK
	+Jigglypuff HP: 24(Damage received: 1)
	+Meowth HP: 32(Damage received: 3)

=====================!!! Round 10 !!!=====================
* CoolDown Jigglypuff: Ability1 [0] Ability2 [4]
* CoolDown Meowth: Ability1 [2] Ability2 [0]
Jigglypuff attack with NORMAL_ATTACK | Meowth is stunned
	+Jigglypuff HP: 24(Damage received: 0)
	+Meowth HP: 32(Damage received: 0)

=====================!!! Round 11 !!!=====================
* CoolDown Jigglypuff: Ability1 [0] Ability2 [3]
* CoolDown Meowth: Ability1 [1] Ability2 [0]
Jigglypuff attack with NORMAL_ATTACK | Meowth attack with ABILITY2
!! Meowth has dodged attack !!
	+Jigglypuff HP: 23(Damage received: 1)
	+Meowth HP: 32(Damage received: 0)

=====================!!! Round 12 !!!=====================
* CoolDown Jigglypuff: Ability1 [0] Ability2 [2]
* CoolDown Meowth: Ability1 [0] Ability2 [3]
Jigglypuff attack with ABILITY1 | Meowth attack with ABILITY1
!! Meowth has dodged attack !!
	+Jigglypuff HP: 18(Damage received: 5)
	+Meowth HP: 32(Damage received: 0)

=====================!!! Round 13 !!!=====================
* CoolDown Jigglypuff: Ability1 [4] Ability2 [1]
* CoolDown Meowth: Ability1 [4] Ability2 [2]
Jigglypuff attack with NORMAL_ATTACK | Meowth is stunned
	+Jigglypuff HP: 18(Damage received: 0)
	+Meowth HP: 32(Damage received: 0)

=====================!!! Round 14 !!!=====================
* CoolDown Jigglypuff: Ability1 [3] Ability2 [0]
* CoolDown Meowth: Ability1 [3] Ability2 [1]
Jigglypuff attack with NORMAL_ATTACK | Meowth attack with NORMAL_ATTACK
	+Jigglypuff HP: 17(Damage received: 1)
	+Meowth HP: 32(Damage received: 0)

=====================!!! Round 15 !!!=====================
* CoolDown Jigglypuff: Ability1 [2] Ability2 [0]
* CoolDown Meowth: Ability1 [2] Ability2 [0]
Jigglypuff attack with ABILITY2 | Meowth attack with ABILITY2
!! Meowth has dodged attack !!
	+Jigglypuff HP: 16(Damage received: 1)
	+Meowth HP: 32(Damage received: 0)

=====================!!! Round 16 !!!=====================
* CoolDown Jigglypuff: Ability1 [1] Ability2 [4]
* CoolDown Meowth: Ability1 [1] Ability2 [3]
Jigglypuff attack with NORMAL_ATTACK | Meowth is stunned
	+Jigglypuff HP: 16(Damage received: 0)
	+Meowth HP: 32(Damage received: 0)

=====================!!! Round 17 !!!=====================
* CoolDown Jigglypuff: Ability1 [0] Ability2 [3]
* CoolDown Meowth: Ability1 [0] Ability2 [2]
Jigglypuff attack with NORMAL_ATTACK | Meowth attack with NORMAL_ATTACK
	+Jigglypuff HP: 15(Damage received: 1)
	+Meowth HP: 32(Damage received: 0)

=====================!!! Round 18 !!!=====================
* CoolDown Jigglypuff: Ability1 [0] Ability2 [2]
* CoolDown Meowth: Ability1 [0] Ability2 [1]
Jigglypuff attack with NORMAL_ATTACK | Meowth attack with ABILITY1
!! Meowth has dodged attack !!
	+Jigglypuff HP: 10(Damage received: 5)
	+Meowth HP: 32(Damage received: 0)

=====================!!! Round 19 !!!=====================
* CoolDown Jigglypuff: Ability1 [0] Ability2 [1]
* CoolDown Meowth: Ability1 [4] Ability2 [0]
Jigglypuff attack with NORMAL_ATTACK | Meowth attack with ABILITY2
!! Meowth has dodged attack !!
	+Jigglypuff HP: 9(Damage received: 1)
	+Meowth HP: 32(Damage received: 0)

=====================!!! Round 20 !!!=====================
* CoolDown Jigglypuff: Ability1 [0] Ability2 [0]
* CoolDown Meowth: Ability1 [3] Ability2 [3]
Jigglypuff attack with NORMAL_ATTACK | Meowth attack with NORMAL_ATTACK
	+Jigglypuff HP: 8(Damage received: 1)
	+Meowth HP: 32(Damage received: 0)

=====================!!! Round 21 !!!=====================
* CoolDown Jigglypuff: Ability1 [0] Ability2 [0]
* CoolDown Meowth: Ability1 [2] Ability2 [2]
Jigglypuff attack with NORMAL_ATTACK | Meowth attack with NORMAL_ATTACK
	+Jigglypuff HP: 7(Damage received: 1)
	+Meowth HP: 32(Damage received: 0)

=====================!!! Round 22 !!!=====================
* CoolDown Jigglypuff: Ability1 [0] Ability2 [0]
* CoolDown Meowth: Ability1 [1] Ability2 [1]
Jigglypuff attack with NORMAL_ATTACK | Meowth attack with NORMAL_ATTACK
	+Jigglypuff HP: 6(Damage received: 1)
	+Meowth HP: 32(Damage received: 0)

=====================!!! Round 23 !!!=====================
* CoolDown Jigglypuff: Ability1 [0] Ability2 [0]
* CoolDown Meowth: Ability1 [0] Ability2 [0]
Jigglypuff attack with ABILITY2 | Meowth attack with ABILITY1
!! Meowth has dodged attack !!
	+Jigglypuff HP: 1(Damage received: 5)
	+Meowth HP: 32(Damage received: 0)

=====================!!! Round 24 !!!=====================
* CoolDown Jigglypuff: Ability1 [0] Ability2 [4]
* CoolDown Meowth: Ability1 [4] Ability2 [0]
Jigglypuff attack with NORMAL_ATTACK | Meowth is stunned
	+Jigglypuff HP: 1(Damage received: 0)
	+Meowth HP: 32(Damage received: 0)

=====================!!! Round 25 !!!=====================
* CoolDown Jigglypuff: Ability1 [0] Ability2 [3]
* CoolDown Meowth: Ability1 [3] Ability2 [0]
Jigglypuff attack with ABILITY1 | Meowth attack with NORMAL_ATTACK
	+Jigglypuff HP: 0(Damage received: 1)
	+Meowth HP: 28(Damage received: 4)

		+++ Result: Win Meowth +++

Snorlax challenged Bulbasaur
Snorlax have: []
Bulbasaur have: [Vitamins{HP +2, Attack +2, Special Attack +2}, Wand{Special Attack +3}]
Snorlax HP: 63 Normal Attack: 4 Special Attack: null Defence: 7 Special Defence: null Ability{damage=4, stun=true, dodge=false, coolDown=5} Ability{damage=0, stun=false, dodge=true, coolDown=5}
Bulbasaur HP: 45 Normal Attack: null Special Attack: 11 Defence: 4 Special Defence: 11 Ability{damage=6, stun=false, dodge=false, coolDown=4} Ability{damage=5, stun=false, dodge=false, coolDown=3}

=====================!!! Round 1 !!!=====================
* CoolDown Snorlax: Ability1 [0] Ability2 [0]
* CoolDown Bulbasaur: Ability1 [0] Ability2 [0]
Snorlax attack with ABILITY1 | Bulbasaur attack with ABILITY2
	+Snorlax HP: 58(Damage received: 5)
	+Bulbasaur HP: 41(Damage received: 4)

=====================!!! Round 2 !!!=====================
* CoolDown Snorlax: Ability1 [5] Ability2 [0]
* CoolDown Bulbasaur: Ability1 [0] Ability2 [3]
Snorlax attack with ABILITY2 | Bulbasaur is stunned
!! Snorlax has dodged attack !!
	+Snorlax HP: 58(Damage received: 0)
	+Bulbasaur HP: 41(Damage received: 0)

=====================!!! Round 3 !!!=====================
* CoolDown Snorlax: Ability1 [4] Ability2 [5]
* CoolDown Bulbasaur: Ability1 [0] Ability2 [2]
Snorlax attack with NORMAL_ATTACK | Bulbasaur attack with SPECIAL_ATTACK
	+Snorlax HP: 52(Damage received: 6)
	+Bulbasaur HP: 41(Damage received: 0)

=====================!!! Round 4 !!!=====================
* CoolDown Snorlax: Ability1 [3] Ability2 [4]
* CoolDown Bulbasaur: Ability1 [0] Ability2 [1]
Snorlax attack with NORMAL_ATTACK | Bulbasaur attack with ABILITY1
	+Snorlax HP: 46(Damage received: 6)
	+Bulbasaur HP: 41(Damage received: 0)

=====================!!! Round 5 !!!=====================
* CoolDown Snorlax: Ability1 [2] Ability2 [3]
* CoolDown Bulbasaur: Ability1 [4] Ability2 [0]
Snorlax attack with NORMAL_ATTACK | Bulbasaur attack with SPECIAL_ATTACK
	+Snorlax HP: 40(Damage received: 6)
	+Bulbasaur HP: 41(Damage received: 0)

=====================!!! Round 6 !!!=====================
* CoolDown Snorlax: Ability1 [1] Ability2 [2]
* CoolDown Bulbasaur: Ability1 [3] Ability2 [0]
Snorlax attack with NORMAL_ATTACK | Bulbasaur attack with ABILITY2
	+Snorlax HP: 35(Damage received: 5)
	+Bulbasaur HP: 41(Damage received: 0)

=====================!!! Round 7 !!!=====================
* CoolDown Snorlax: Ability1 [0] Ability2 [1]
* CoolDown Bulbasaur: Ability1 [2] Ability2 [3]
Snorlax attack with ABILITY1 | Bulbasaur attack with SPECIAL_ATTACK
	+Snorlax HP: 29(Damage received: 6)
	+Bulbasaur HP: 37(Damage received: 4)

=====================!!! Round 8 !!!=====================
* CoolDown Snorlax: Ability1 [5] Ability2 [0]
* CoolDown Bulbasaur: Ability1 [1] Ability2 [2]
Snorlax attack with NORMAL_ATTACK | Bulbasaur is stunned
	+Snorlax HP: 29(Damage received: 0)
	+Bulbasaur HP: 37(Damage received: 0)

=====================!!! Round 9 !!!=====================
* CoolDown Snorlax: Ability1 [4] Ability2 [0]
* CoolDown Bulbasaur: Ability1 [0] Ability2 [1]
Snorlax attack with ABILITY2 | Bulbasaur attack with SPECIAL_ATTACK
!! Snorlax has dodged attack !!
	+Snorlax HP: 29(Damage received: 0)
	+Bulbasaur HP: 37(Damage received: 0)

=====================!!! Round 10 !!!=====================
* CoolDown Snorlax: Ability1 [3] Ability2 [5]
* CoolDown Bulbasaur: Ability1 [0] Ability2 [0]
Snorlax attack with NORMAL_ATTACK | Bulbasaur attack with SPECIAL_ATTACK
	+Snorlax HP: 23(Damage received: 6)
	+Bulbasaur HP: 37(Damage received: 0)

=====================!!! Round 11 !!!=====================
* CoolDown Snorlax: Ability1 [2] Ability2 [4]
* CoolDown Bulbasaur: Ability1 [0] Ability2 [0]
Snorlax attack with NORMAL_ATTACK | Bulbasaur attack with ABILITY2
	+Snorlax HP: 18(Damage received: 5)
	+Bulbasaur HP: 37(Damage received: 0)

=====================!!! Round 12 !!!=====================
* CoolDown Snorlax: Ability1 [1] Ability2 [3]
* CoolDown Bulbasaur: Ability1 [0] Ability2 [3]
Snorlax attack with NORMAL_ATTACK | Bulbasaur attack with ABILITY1
	+Snorlax HP: 12(Damage received: 6)
	+Bulbasaur HP: 37(Damage received: 0)

=====================!!! Round 13 !!!=====================
* CoolDown Snorlax: Ability1 [0] Ability2 [2]
* CoolDown Bulbasaur: Ability1 [4] Ability2 [2]
Snorlax attack with ABILITY1 | Bulbasaur attack with SPECIAL_ATTACK
	+Snorlax HP: 6(Damage received: 6)
	+Bulbasaur HP: 33(Damage received: 4)

=====================!!! Round 14 !!!=====================
* CoolDown Snorlax: Ability1 [5] Ability2 [1]
* CoolDown Bulbasaur: Ability1 [3] Ability2 [1]
Snorlax attack with NORMAL_ATTACK | Bulbasaur is stunned
	+Snorlax HP: 6(Damage received: 0)
	+Bulbasaur HP: 33(Damage received: 0)

=====================!!! Round 15 !!!=====================
* CoolDown Snorlax: Ability1 [4] Ability2 [0]
* CoolDown Bulbasaur: Ability1 [2] Ability2 [0]
Snorlax attack with ABILITY2 | Bulbasaur attack with ABILITY2
!! Snorlax has dodged attack !!
	+Snorlax HP: 6(Damage received: 0)
	+Bulbasaur HP: 33(Damage received: 0)

=====================!!! Round 16 !!!=====================
* CoolDown Snorlax: Ability1 [3] Ability2 [5]
* CoolDown Bulbasaur: Ability1 [1] Ability2 [3]
Snorlax attack with NORMAL_ATTACK | Bulbasaur attack with SPECIAL_ATTACK
	+Snorlax HP: 0(Damage received: 6)
	+Bulbasaur HP: 33(Damage received: 0)

		+++ Result: Win Bulbasaur +++

Snorlax challenged Eevee
Snorlax have: []
Eevee have: [Vitamins{HP +2, Attack +2, Special Attack +2}, Wand{Special Attack +3}]
Snorlax HP: 63 Normal Attack: 4 Special Attack: null Defence: 7 Special Defence: null Ability{damage=4, stun=true, dodge=false, coolDown=5} Ability{damage=0, stun=false, dodge=true, coolDown=5}
Eevee HP: 43 Normal Attack: null Special Attack: 11 Defence: 5 Special Defence: 11 Ability{damage=5, stun=false, dodge=false, coolDown=3} Ability{damage=3, stun=true, dodge=false, coolDown=3}

=====================!!! Round 1 !!!=====================
* CoolDown Snorlax: Ability1 [0] Ability2 [0]
* CoolDown Eevee: Ability1 [0] Ability2 [0]
Snorlax attack with NORMAL_ATTACK | Eevee attack with SPECIAL_ATTACK
	+Snorlax HP: 57(Damage received: 6)
	+Eevee HP: 43(Damage received: 0)

=====================!!! Round 2 !!!=====================
* CoolDown Snorlax: Ability1 [0] Ability2 [0]
* CoolDown Eevee: Ability1 [0] Ability2 [0]
Snorlax attack with ABILITY1 | Eevee attack with ABILITY1
	+Snorlax HP: 52(Damage received: 5)
	+Eevee HP: 39(Damage received: 4)

=====================!!! Round 3 !!!=====================
* CoolDown Snorlax: Ability1 [5] Ability2 [0]
* CoolDown Eevee: Ability1 [3] Ability2 [0]
Snorlax attack with ABILITY2 | Eevee is stunned
!! Snorlax has dodged attack !!
	+Snorlax HP: 52(Damage received: 0)
	+Eevee HP: 39(Damage received: 0)

=====================!!! Round 4 !!!=====================
* CoolDown Snorlax: Ability1 [4] Ability2 [5]
* CoolDown Eevee: Ability1 [2] Ability2 [0]
Snorlax attack with NORMAL_ATTACK | Eevee attack with SPECIAL_ATTACK
	+Snorlax HP: 46(Damage received: 6)
	+Eevee HP: 39(Damage received: 0)

=====================!!! Round 5 !!!=====================
* CoolDown Snorlax: Ability1 [3] Ability2 [4]
* CoolDown Eevee: Ability1 [1] Ability2 [0]
Snorlax attack with NORMAL_ATTACK | Eevee attack with SPECIAL_ATTACK
	+Snorlax HP: 40(Damage received: 6)
	+Eevee HP: 39(Damage received: 0)

=====================!!! Round 6 !!!=====================
* CoolDown Snorlax: Ability1 [2] Ability2 [3]
* CoolDown Eevee: Ability1 [0] Ability2 [0]
Snorlax attack with NORMAL_ATTACK | Eevee attack with SPECIAL_ATTACK
	+Snorlax HP: 34(Damage received: 6)
	+Eevee HP: 39(Damage received: 0)

=====================!!! Round 7 !!!=====================
* CoolDown Snorlax: Ability1 [1] Ability2 [2]
* CoolDown Eevee: Ability1 [0] Ability2 [0]
Snorlax attack with NORMAL_ATTACK | Eevee attack with SPECIAL_ATTACK
	+Snorlax HP: 28(Damage received: 6)
	+Eevee HP: 39(Damage received: 0)

=====================!!! Round 8 !!!=====================
* CoolDown Snorlax: Ability1 [0] Ability2 [1]
* CoolDown Eevee: Ability1 [0] Ability2 [0]
Snorlax attack with ABILITY1 | Eevee attack with ABILITY1
	+Snorlax HP: 23(Damage received: 5)
	+Eevee HP: 35(Damage received: 4)

=====================!!! Round 9 !!!=====================
* CoolDown Snorlax: Ability1 [5] Ability2 [0]
* CoolDown Eevee: Ability1 [3] Ability2 [0]
Snorlax attack with ABILITY2 | Eevee is stunned
!! Snorlax has dodged attack !!
	+Snorlax HP: 23(Damage received: 0)
	+Eevee HP: 35(Damage received: 0)

=====================!!! Round 10 !!!=====================
* CoolDown Snorlax: Ability1 [4] Ability2 [5]
* CoolDown Eevee: Ability1 [2] Ability2 [0]
Snorlax attack with NORMAL_ATTACK | Eevee attack with SPECIAL_ATTACK
	+Snorlax HP: 17(Damage received: 6)
	+Eevee HP: 35(Damage received: 0)

=====================!!! Round 11 !!!=====================
* CoolDown Snorlax: Ability1 [3] Ability2 [4]
* CoolDown Eevee: Ability1 [1] Ability2 [0]
Snorlax attack with NORMAL_ATTACK | Eevee attack with SPECIAL_ATTACK
	+Snorlax HP: 11(Damage received: 6)
	+Eevee HP: 35(Damage received: 0)

=====================!!! Round 12 !!!=====================
* CoolDown Snorlax: Ability1 [2] Ability2 [3]
* CoolDown Eevee: Ability1 [0] Ability2 [0]
Snorlax attack with NORMAL_ATTACK | Eevee attack with SPECIAL_ATTACK
	+Snorlax HP: 5(Damage received: 6)
	+Eevee HP: 35(Damage received: 0)

=====================!!! Round 13 !!!=====================
* CoolDown Snorlax: Ability1 [1] Ability2 [2]
* CoolDown Eevee: Ability1 [0] Ability2 [0]
Snorlax attack with NORMAL_ATTACK | Eevee attack with ABILITY2
	+Snorlax HP: 2(Damage received: 3)
	+Eevee HP: 35(Damage received: 0)

=====================!!! Round 14 !!!=====================
* CoolDown Snorlax: Ability1 [0] Ability2 [1]
* CoolDown Eevee: Ability1 [0] Ability2 [3]
Snorlax is stunned | Eevee attack with ABILITY1
	+Snorlax HP: -3(Damage received: 5)
	+Eevee HP: 35(Damage received: 0)

		+++ Result: Win Eevee +++

Winner of all adventure is: Serena with pokemon: Eevee