Pikachu challenged Neutrel1
Pikachu have: [Cape{Special Defence +3}, Wand{Special Attack +3}, Vest{HP +10}]
Neutrel1 have: null
Pikachu HP: 45 Normal Attack: null Special Attack: 7 Defence: 2 Special Defence: 7 Ability{damage=6, stun=false, dodge=false, coolDown=4} Ability{damage=4, stun=true, dodge=true, coolDown=5}
Neutrel1 HP: 10 Normal Attack: 3 Special Attack: null Defence: 1 Special Defence: null null null

=====================!!! Round 1 !!!=====================
* CoolDown Pikachu: Ability1 [0] Ability2 [0]
* CoolDown Neutrel1: Ability1 [0] Ability2 [0]
Pikachu attack with SPECIAL_ATTACK | Neutrel1 attack with NORMAL_ATTACK
	+Pikachu HP: 44(Damage received: 1)
	+Neutrel1 HP: 4(Damage received: 6)

=====================!!! Round 2 !!!=====================
* CoolDown Pikachu: Ability1 [0] Ability2 [0]
* CoolDown Neutrel1: Ability1 [0] Ability2 [0]
Pikachu attack with SPECIAL_ATTACK | Neutrel1 attack with NORMAL_ATTACK
	+Pikachu HP: 43(Damage received: 1)
	+Neutrel1 HP: -2(Damage received: 6)

		+++ Result: Win Pikachu +++

Snorlax challenged Neutrel1
Snorlax have: [Shield{Defence +2, Special Defence +2}, ChristmasTree{Attack +3, Defence +1}, Vitamins{HP +2, Attack +2, Special Attack +2}]
Neutrel1 have: null
Snorlax HP: 64 Normal Attack: 8 Special Attack: null Defence: 9 Special Defence: null Ability{damage=4, stun=true, dodge=false, coolDown=5} Ability{damage=0, stun=false, dodge=true, coolDown=5}
Neutrel1 HP: 10 Normal Attack: 3 Special Attack: null Defence: 1 Special Defence: null null null

=====================!!! Round 1 !!!=====================
* CoolDown Snorlax: Ability1 [0] Ability2 [0]
* CoolDown Neutrel1: Ability1 [0] Ability2 [0]
Snorlax attack with NORMAL_ATTACK | Neutrel1 attack with NORMAL_ATTACK
	+Snorlax HP: 64(Damage received: 0)
	+Neutrel1 HP: 3(Damage received: 7)

=====================!!! Round 2 !!!=====================
* CoolDown Snorlax: Ability1 [0] Ability2 [0]
* CoolDown Neutrel1: Ability1 [0] Ability2 [0]
Snorlax attack with ABILITY1 | Neutrel1 attack with NORMAL_ATTACK
	+Snorlax HP: 64(Damage received: 0)
	+Neutrel1 HP: -1(Damage received: 4)

		+++ Result: Win Snorlax +++

Pikachu challenged Neutrel2
Pikachu have: [Cape{Special Defence +3}, Wand{Special Attack +3}, Vest{HP +10}]
Neutrel2 have: null
Pikachu HP: 46 Normal Attack: null Special Attack: 8 Defence: 3 Special Defence: 8 Ability{damage=6, stun=false, dodge=false, coolDown=4} Ability{damage=4, stun=true, dodge=true, coolDown=5}
Neutrel2 HP: 20 Normal Attack: 4 Special Attack: null Defence: 1 Special Defence: null null null

=====================!!! Round 1 !!!=====================
* CoolDown Pikachu: Ability1 [0] Ability2 [0]
* CoolDown Neutrel2: Ability1 [0] Ability2 [0]
Pikachu attack with SPECIAL_ATTACK | Neutrel2 attack with NORMAL_ATTACK
	+Pikachu HP: 45(Damage received: 1)
	+Neutrel2 HP: 13(Damage received: 7)

=====================!!! Round 2 !!!=====================
* CoolDown Pikachu: Ability1 [0] Ability2 [0]
* CoolDown Neutrel2: Ability1 [0] Ability2 [0]
Pikachu attack with SPECIAL_ATTACK | Neutrel2 attack with NORMAL_ATTACK
	+Pikachu HP: 44(Damage received: 1)
	+Neutrel2 HP: 6(Damage received: 7)

=====================!!! Round 3 !!!=====================
* CoolDown Pikachu: Ability1 [0] Ability2 [0]
* CoolDown Neutrel2: Ability1 [0] Ability2 [0]
Pikachu attack with ABILITY2 | Neutrel2 attack with NORMAL_ATTACK
!! Pikachu has dodged attack !!
	+Pikachu HP: 44(Damage received: 0)
	+Neutrel2 HP: 2(Damage received: 4)

=====================!!! Round 4 !!!=====================
* CoolDown Pikachu: Ability1 [0] Ability2 [5]
* CoolDown Neutrel2: Ability1 [0] Ability2 [0]
Pikachu attack with SPECIAL_ATTACK | Neutrel2 is stunned
	+Pikachu HP: 44(Damage received: 0)
	+Neutrel2 HP: -5(Damage received: 7)

		+++ Result: Win Pikachu +++

Psyduck challenged Neutrel2
Psyduck have: [Sword{Attack +3}, Shield{Defence +2, Special Defence +2}]
Neutrel2 have: null
Psyduck HP: 43 Normal Attack: 6 Special Attack: null Defence: 5 Special Defence: null Ability{damage=2, stun=false, dodge=false, coolDown=4} Ability{damage=2, stun=true, dodge=false, coolDown=5}
Neutrel2 HP: 20 Normal Attack: 4 Special Attack: null Defence: 1 Special Defence: null null null

=====================!!! Round 1 !!!=====================
* CoolDown Psyduck: Ability1 [0] Ability2 [0]
* CoolDown Neutrel2: Ability1 [0] Ability2 [0]
Psyduck attack with ABILITY2 | Neutrel2 attack with NORMAL_ATTACK
	+Psyduck HP: 43(Damage received: 0)
	+Neutrel2 HP: 18(Damage received: 2)

=====================!!! Round 2 !!!=====================
* CoolDown Psyduck: Ability1 [0] Ability2 [5]
* CoolDown Neutrel2: Ability1 [0] Ability2 [0]
Psyduck attack with ABILITY1 | Neutrel2 is stunned
	+Psyduck HP: 43(Damage received: 0)
	+Neutrel2 HP: 16(Damage received: 2)

=====================!!! Round 3 !!!=====================
* CoolDown Psyduck: Ability1 [4] Ability2 [4]
* CoolDown Neutrel2: Ability1 [0] Ability2 [0]
Psyduck attack with NORMAL_ATTACK | Neutrel2 attack with NORMAL_ATTACK
	+Psyduck HP: 43(Damage received: 0)
	+Neutrel2 HP: 11(Damage received: 5)

=====================!!! Round 4 !!!=====================
* CoolDown Psyduck: Ability1 [3] Ability2 [3]
* CoolDown Neutrel2: Ability1 [0] Ability2 [0]
Psyduck attack with NORMAL_ATTACK | Neutrel2 attack with NORMAL_ATTACK
	+Psyduck HP: 43(Damage received: 0)
	+Neutrel2 HP: 6(Damage received: 5)

=====================!!! Round 5 !!!=====================
* CoolDown Psyduck: Ability1 [2] Ability2 [2]
* CoolDown Neutrel2: Ability1 [0] Ability2 [0]
Psyduck attack with NORMAL_ATTACK | Neutrel2 attack with NORMAL_ATTACK
	+Psyduck HP: 43(Damage received: 0)
	+Neutrel2 HP: 1(Damage received: 5)

=====================!!! Round 6 !!!=====================
* CoolDown Psyduck: Ability1 [1] Ability2 [1]
* CoolDown Neutrel2: Ability1 [0] Ability2 [0]
Psyduck attack with NORMAL_ATTACK | Neutrel2 attack with NORMAL_ATTACK
	+Psyduck HP: 43(Damage received: 0)
	+Neutrel2 HP: -4(Damage received: 5)

		+++ Result: Win Psyduck +++

Charmander challenged Meowth
Charmander have: [Wand{Special Attack +3}, Vest{HP +10}]
Meowth have: [Sword{Attack +3}, Shield{Defence +2, Special Defence +2}, Vitamins{HP +2, Attack +2, Special Attack +2}]
Charmander HP: 60 Normal Attack: 4 Special Attack: null Defence: 3 Special Defence: null Ability{damage=4, stun=true, dodge=false, coolDown=4} Ability{damage=7, stun=false, dodge=false, coolDown=6}
Meowth HP: 43 Normal Attack: 8 Special Attack: null Defence: 6 Special Defence: null Ability{damage=5, stun=false, dodge=true, coolDown=4} Ability{damage=1, stun=false, dodge=true, coolDown=3}

=====================!!! Round 1 !!!=====================
* CoolDown Charmander: Ability1 [0] Ability2 [0]
* CoolDown Meowth: Ability1 [0] Ability2 [0]
Charmander attack with NORMAL_ATTACK | Meowth attack with ABILITY2
!! Meowth has dodged attack !!
	+Charmander HP: 59(Damage received: 1)
	+Meowth HP: 43(Damage received: 0)

=====================!!! Round 2 !!!=====================
* CoolDown Charmander: Ability1 [0] Ability2 [0]
* CoolDown Meowth: Ability1 [0] Ability2 [3]
Charmander attack with ABILITY2 | Meowth attack with NORMAL_ATTACK
	+Charmander HP: 54(Damage received: 5)
	+Meowth HP: 36(Damage received: 7)

=====================!!! Round 3 !!!=====================
* CoolDown Charmander: Ability1 [0] Ability2 [6]
* CoolDown Meowth: Ability1 [0] Ability2 [2]
Charmander attack with ABILITY1 | Meowth attack with NORMAL_ATTACK
	+Charmander HP: 49(Damage received: 5)
	+Meowth HP: 32(Damage received: 4)

=====================!!! Round 4 !!!=====================
* CoolDown Charmander: Ability1 [4] Ability2 [5]
* CoolDown Meowth: Ability1 [0] Ability2 [1]
Charmander attack with NORMAL_ATTACK | Meowth is stunned
	+Charmander HP: 49(Damage received: 0)
	+Meowth HP: 32(Damage received: 0)

=====================!!! Round 5 !!!=====================
* CoolDown Charmander: Ability1 [3] Ability2 [4]
* CoolDown Meowth: Ability1 [0] Ability2 [0]
Charmander attack with NORMAL_ATTACK | Meowth attack with NORMAL_ATTACK
	+Charmander HP: 44(Damage received: 5)
	+Meowth HP: 32(Damage received: 0)

=====================!!! Round 6 !!!=====================
* CoolDown Charmander: Ability1 [2] Ability2 [3]
* CoolDown Meowth: Ability1 [0] Ability2 [0]
Charmander attack with NORMAL_ATTACK | Meowth attack with ABILITY1
!! Meowth has dodged attack !!
	+Charmander HP: 39(Damage received: 5)
	+Meowth HP: 32(Damage received: 0)

=====================!!! Round 7 !!!=====================
* CoolDown Charmander: Ability1 [1] Ability2 [2]
* CoolDown Meowth: Ability1 [4] Ability2 [0]
Charmander attack with NORMAL_ATTACK | Meowth attack with NORMAL_ATTACK
	+Charmander HP: 34(Damage received: 5)
	+Meowth HP: 32(Damage received: 0)

=====================!!! Round 8 !!!=====================
* CoolDown Charmander: Ability1 [0] Ability2 [1]
* CoolDown Meowth: Ability1 [3] Ability2 [0]
Charmander attack with NORMAL_ATTACK | Meowth attack with ABILITY2
!! Meowth has dodged attack !!
	+Charmander HP: 33(Damage received: 1)
	+Meowth HP: 32(Damage received: 0)

=====================!!! Round 9 !!!=====================
* CoolDown Charmander: Ability1 [0] Ability2 [0]
* CoolDown Meowth: Ability1 [2] Ability2 [3]
Charmander attack with ABILITY1 | Meowth attack with NORMAL_ATTACK
	+Charmander HP: 28(Damage received: 5)
	+Meowth HP: 28(Damage received: 4)

=====================!!! Round 10 !!!=====================
* CoolDown Charmander: Ability1 [4] Ability2 [0]
* CoolDown Meowth: Ability1 [1] Ability2 [2]
Charmander attack with ABILITY2 | Meowth is stunned
	+Charmander HP: 28(Damage received: 0)
	+Meowth HP: 21(Damage received: 7)

=====================!!! Round 11 !!!=====================
* CoolDown Charmander: Ability1 [3] Ability2 [6]
* CoolDown Meowth: Ability1 [0] Ability2 [1]
Charmander attack with NORMAL_ATTACK | Meowth attack with ABILITY1
!! Meowth has dodged attack !!
	+Charmander HP: 23(Damage received: 5)
	+Meowth HP: 21(Damage received: 0)

=====================!!! Round 12 !!!=====================
* CoolDown Charmander: Ability1 [2] Ability2 [5]
* CoolDown Meowth: Ability1 [4] Ability2 [0]
Charmander attack with NORMAL_ATTACK | Meowth attack with NORMAL_ATTACK
	+Charmander HP: 18(Damage received: 5)
	+Meowth HP: 21(Damage received: 0)

=====================!!! Round 13 !!!=====================
* CoolDown Charmander: Ability1 [1] Ability2 [4]
* CoolDown Meowth: Ability1 [3] Ability2 [0]
Charmander attack with NORMAL_ATTACK | Meowth attack with NORMAL_ATTACK
	+Charmander HP: 13(Damage received: 5)
	+Meowth HP: 21(Damage received: 0)

=====================!!! Round 14 !!!=====================
* CoolDown Charmander: Ability1 [0] Ability2 [3]
* CoolDown Meowth: Ability1 [2] Ability2 [0]
Charmander attack with NORMAL_ATTACK | Meowth attack with ABILITY2
!! Meowth has dodged attack !!
	+Charmander HP: 12(Damage received: 1)
	+Meowth HP: 21(Damage received: 0)

=====================!!! Round 15 !!!=====================
* CoolDown Charmander: Ability1 [0] Ability2 [2]
* CoolDown Meowth: Ability1 [1] Ability2 [3]
Charmander attack with NORMAL_ATTACK | Meowth attack with NORMAL_ATTACK
	+Charmander HP: 7(Damage received: 5)
	+Meowth HP: 21(Damage received: 0)

=====================!!! Round 16 !!!=====================
* CoolDown Charmander: Ability1 [0] Ability2 [1]
* CoolDown Meowth: Ability1 [0] Ability2 [2]
Charmander attack with NORMAL_ATTACK | Meowth attack with NORMAL_ATTACK
	+Charmander HP: 2(Damage received: 5)
	+Meowth HP: 21(Damage received: 0)

=====================!!! Round 17 !!!=====================
* CoolDown Charmander: Ability1 [0] Ability2 [0]
* CoolDown Meowth: Ability1 [0] Ability2 [1]
Charmander attack with ABILITY1 | Meowth attack with NORMAL_ATTACK
	+Charmander HP: -3(Damage received: 5)
	+Meowth HP: 17(Damage received: 4)

		+++ Result: Win Meowth +++

Charmander challenged Neutrel2
Charmander have: [Wand{Special Attack +3}]
Neutrel2 have: null
Charmander HP: 50 Normal Attack: 4 Special Attack: null Defence: 3 Special Defence: null Ability{damage=4, stun=true, dodge=false, coolDown=4} Ability{damage=7, stun=false, dodge=false, coolDown=6}
Neutrel2 HP: 20 Normal Attack: 4 Special Attack: null Defence: 1 Special Defence: null null null

=====================!!! Round 1 !!!=====================
* CoolDown Charmander: Ability1 [0] Ability2 [0]
* CoolDown Neutrel2: Ability1 [0] Ability2 [0]
Charmander attack with NORMAL_ATTACK | Neutrel2 attack with NORMAL_ATTACK
	+Charmander HP: 49(Damage received: 1)
	+Neutrel2 HP: 17(Damage received: 3)

=====================!!! Round 2 !!!=====================
* CoolDown Charmander: Ability1 [0] Ability2 [0]
* CoolDown Neutrel2: Ability1 [0] Ability2 [0]
Charmander attack with NORMAL_ATTACK | Neutrel2 attack with NORMAL_ATTACK
	+Charmander HP: 48(Damage received: 1)
	+Neutrel2 HP: 14(Damage received: 3)

=====================!!! Round 3 !!!=====================
* CoolDown Charmander: Ability1 [0] Ability2 [0]
* CoolDown Neutrel2: Ability1 [0] Ability2 [0]
Charmander attack with NORMAL_ATTACK | Neutrel2 attack with NORMAL_ATTACK
	+Charmander HP: 47(Damage received: 1)
	+Neutrel2 HP: 11(Damage received: 3)

=====================!!! Round 4 !!!=====================
* CoolDown Charmander: Ability1 [0] Ability2 [0]
* CoolDown Neutrel2: Ability1 [0] Ability2 [0]
Charmander attack with ABILITY1 | Neutrel2 attack with NORMAL_ATTACK
	+Charmander HP: 46(Damage received: 1)
	+Neutrel2 HP: 7(Damage received: 4)

=====================!!! Round 5 !!!=====================
* CoolDown Charmander: Ability1 [4] Ability2 [0]
* CoolDown Neutrel2: Ability1 [0] Ability2 [0]
Charmander attack with NORMAL_ATTACK | Neutrel2 is stunned
	+Charmander HP: 46(Damage received: 0)
	+Neutrel2 HP: 4(Damage received: 3)

=====================!!! Round 6 !!!=====================
* CoolDown Charmander: Ability1 [3] Ability2 [0]
* CoolDown Neutrel2: Ability1 [0] Ability2 [0]
Charmander attack with NORMAL_ATTACK | Neutrel2 attack with NORMAL_ATTACK
	+Charmander HP: 45(Damage received: 1)
	+Neutrel2 HP: 1(Damage received: 3)

=====================!!! Round 7 !!!=====================
* CoolDown Charmander: Ability1 [2] Ability2 [0]
* CoolDown Neutrel2: Ability1 [0] Ability2 [0]
Charmander attack with ABILITY2 | Neutrel2 attack with NORMAL_ATTACK
	+Charmander HP: 44(Damage received: 1)
	+Neutrel2 HP: -6(Damage received: 7)

		+++ Result: Win Charmander +++

Snorlax challenged Neutrel2
Snorlax have: [Shield{Defence +2, Special Defence +2}, ChristmasTree{Attack +3, Defence +1}]
Neutrel2 have: null
Snorlax HP: 63 Normal Attack: 7 Special Attack: null Defence: 10 Special Defence: null Ability{damage=4, stun=true, dodge=false, coolDown=5} Ability{damage=0, stun=false, dodge=true, coolDown=5}
Neutrel2 HP: 20 Normal Attack: 4 Special Attack: null Defence: 1 Special Defence: null null null

=====================!!! Round 1 !!!=====================
* CoolDown Snorlax: Ability1 [0] Ability2 [0]
* CoolDown Neutrel2: Ability1 [0] Ability2 [0]
Snorlax attack with ABILITY1 | Neutrel2 attack with NORMAL_ATTACK
	+Snorlax HP: 63(Damage received: 0)
	+Neutrel2 HP: 16(Damage received: 4)

=====================!!! Round 2 !!!=====================
* CoolDown Snorlax: Ability1 [5] Ability2 [0]
* CoolDown Neutrel2: Ability1 [0] Ability2 [0]
Snorlax attack with NORMAL_ATTACK | Neutrel2 is stunned
	+Snorlax HP: 63(Damage received: 0)
	+Neutrel2 HP: 10(Damage received: 6)

=====================!!! Round 3 !!!=====================
* CoolDown Snorlax: Ability1 [4] Ability2 [0]
* CoolDown Neutrel2: Ability1 [0] Ability2 [0]
Snorlax attack with ABILITY2 | Neutrel2 attack with NORMAL_ATTACK
!! Snorlax has dodged attack !!
	+Snorlax HP: 63(Damage received: 0)
	+Neutrel2 HP: 10(Damage received: 0)

=====================!!! Round 4 !!!=====================
* CoolDown Snorlax: Ability1 [3] Ability2 [5]
* CoolDown Neutrel2: Ability1 [0] Ability2 [0]
Snorlax attack with NORMAL_ATTACK | Neutrel2 attack with NORMAL_ATTACK
	+Snorlax HP: 63(Damage received: 0)
	+Neutrel2 HP: 4(Damage received: 6)

=====================!!! Round 5 !!!=====================
* CoolDown Snorlax: Ability1 [2] Ability2 [4]
* CoolDown Neutrel2: Ability1 [0] Ability2 [0]
Snorlax attack with NORMAL_ATTACK | Neutrel2 attack with NORMAL_ATTACK
	+Snorlax HP: 63(Damage received: 0)
	+Neutrel2 HP: -2(Damage received: 6)

		+++ Result: Win Snorlax +++

Eevee challenged Snorlax
Eevee have: [Cape{Special Defence +3}, Wand{Special Attack +3}, Vest{HP +10}]
Snorlax have: [ChristmasTree{Attack +3, Defence +1}, Vitamins{HP +2, Attack +2, Special Attack +2}]
Eevee HP: 49 Normal Attack: null Special Attack: 7 Defence: 3 Special Defence: 7 Ability{damage=5, stun=false, dodge=false, coolDown=3} Ability{damage=3, stun=true, dodge=false, coolDown=3}
Snorlax HP: 66 Normal Attack: 10 Special Attack: null Defence: 9 Special Defence: null Ability{damage=4, stun=true, dodge=false, coolDown=5} Ability{damage=0, stun=false, dodge=true, coolDown=5}

=====================!!! Round 1 !!!=====================
* CoolDown Eevee: Ability1 [0] Ability2 [0]
* CoolDown Snorlax: Ability1 [0] Ability2 [0]
Eevee attack with ABILITY1 | Snorlax attack with NORMAL_ATTACK
	+Eevee HP: 42(Damage received: 7)
	+Snorlax HP: 61(Damage received: 5)

=====================!!! Round 2 !!!=====================
* CoolDown Eevee: Ability1 [3] Ability2 [0]
* CoolDown Snorlax: Ability1 [0] Ability2 [0]
Eevee attack with SPECIAL_ATTACK | Snorlax attack with ABILITY2
!! Snorlax has dodged attack !!
	+Eevee HP: 42(Damage received: 0)
	+Snorlax HP: 61(Damage received: 0)

=====================!!! Round 3 !!!=====================
* CoolDown Eevee: Ability1 [2] Ability2 [0]
* CoolDown Snorlax: Ability1 [0] Ability2 [5]
Eevee attack with SPECIAL_ATTACK | Snorlax attack with ABILITY1
	+Eevee HP: 38(Damage received: 4)
	+Snorlax HP: 60(Damage received: 1)

=====================!!! Round 4 !!!=====================
* CoolDown Eevee: Ability1 [1] Ability2 [0]
* CoolDown Snorlax: Ability1 [5] Ability2 [4]
Eevee is stunned | Snorlax attack with NORMAL_ATTACK
	+Eevee HP: 31(Damage received: 7)
	+Snorlax HP: 60(Damage received: 0)

=====================!!! Round 5 !!!=====================
* CoolDown Eevee: Ability1 [0] Ability2 [0]
* CoolDown Snorlax: Ability1 [4] Ability2 [3]
Eevee attack with ABILITY1 | Snorlax attack with NORMAL_ATTACK
	+Eevee HP: 24(Damage received: 7)
	+Snorlax HP: 55(Damage received: 5)

=====================!!! Round 6 !!!=====================
* CoolDown Eevee: Ability1 [3] Ability2 [0]
* CoolDown Snorlax: Ability1 [3] Ability2 [2]
Eevee attack with ABILITY2 | Snorlax attack with NORMAL_ATTACK
	+Eevee HP: 17(Damage received: 7)
	+Snorlax HP: 52(Damage received: 3)

=====================!!! Round 7 !!!=====================
* CoolDown Eevee: Ability1 [2] Ability2 [3]
* CoolDown Snorlax: Ability1 [2] Ability2 [1]
Eevee attack with SPECIAL_ATTACK | Snorlax is stunned
	+Eevee HP: 17(Damage received: 0)
	+Snorlax HP: 51(Damage received: 1)

=====================!!! Round 8 !!!=====================
* CoolDown Eevee: Ability1 [1] Ability2 [2]
* CoolDown Snorlax: Ability1 [1] Ability2 [0]
Eevee attack with SPECIAL_ATTACK | Snorlax attack with NORMAL_ATTACK
	+Eevee HP: 10(Damage received: 7)
	+Snorlax HP: 50(Damage received: 1)

=====================!!! Round 9 !!!=====================
* CoolDown Eevee: Ability1 [0] Ability2 [1]
* CoolDown Snorlax: Ability1 [0] Ability2 [0]
Eevee attack with ABILITY1 | Snorlax attack with NORMAL_ATTACK
	+Eevee HP: 3(Damage received: 7)
	+Snorlax HP: 45(Damage received: 5)

=====================!!! Round 10 !!!=====================
* CoolDown Eevee: Ability1 [3] Ability2 [0]
* CoolDown Snorlax: Ability1 [0] Ability2 [0]
Eevee attack with SPECIAL_ATTACK | Snorlax attack with NORMAL_ATTACK
	+Eevee HP: -4(Damage received: 7)
	+Snorlax HP: 44(Damage received: 1)

		+++ Result: Win Snorlax +++

Pikachu challenged Neutrel1
Pikachu have: [Cape{Special Defence +3}, Wand{Special Attack +3}, Vest{HP +10}]
Neutrel1 have: null
Pikachu HP: 47 Normal Attack: null Special Attack: 9 Defence: 4 Special Defence: 9 Ability{damage=6, stun=false, dodge=false, coolDown=4} Ability{damage=4, stun=true, dodge=true, coolDown=5}
Neutrel1 HP: 10 Normal Attack: 3 Special Attack: null Defence: 1 Special Defence: null null null

=====================!!! Round 1 !!!=====================
* CoolDown Pikachu: Ability1 [0] Ability2 [0]
* CoolDown Neutrel1: Ability1 [0] Ability2 [0]
Pikachu attack with ABILITY1 | Neutrel1 attack with NORMAL_ATTACK
	+Pikachu HP: 47(Damage received: 0)
	+Neutrel1 HP: 4(Damage received: 6)

=====================!!! Round 2 !!!=====================
* CoolDown Pikachu: Ability1 [4] Ability2 [0]
* CoolDown Neutrel1: Ability1 [0] Ability2 [0]
Pikachu attack with ABILITY2 | Neutrel1 attack with NORMAL_ATTACK
!! Pikachu has dodged attack !!
	+Pikachu HP: 47(Damage received: 0)
	+Neutrel1 HP: 0(Damage received: 4)

		+++ Result: Win Pikachu +++

Meowth challenged Neutrel1
Meowth have: [Shield{Defence +2, Special Defence +2}, Vitamins{HP +2, Attack +2, Special Attack +2}]
Neutrel1 have: null
Meowth HP: 44 Normal Attack: 6 Special Attack: null Defence: 7 Special Defence: null Ability{damage=5, stun=false, dodge=true, coolDown=4} Ability{damage=1, stun=false, dodge=true, coolDown=3}
Neutrel1 HP: 10 Normal Attack: 3 Special Attack: null Defence: 1 Special Defence: null null null

=====================!!! Round 1 !!!=====================
* CoolDown Meowth: Ability1 [0] Ability2 [0]
* CoolDown Neutrel1: Ability1 [0] Ability2 [0]
Meowth attack with ABILITY2 | Neutrel1 attack with NORMAL_ATTACK
!! Meowth has dodged attack !!
	+Meowth HP: 44(Damage received: 0)
	+Neutrel1 HP: 9(Damage received: 1)

=====================!!! Round 2 !!!=====================
* CoolDown Meowth: Ability1 [0] Ability2 [3]
* CoolDown Neutrel1: Ability1 [0] Ability2 [0]
Meowth attack with NORMAL_ATTACK | Neutrel1 attack with NORMAL_ATTACK
	+Meowth HP: 44(Damage received: 0)
	+Neutrel1 HP: 4(Damage received: 5)

=====================!!! Round 3 !!!=====================
* CoolDown Meowth: Ability1 [0] Ability2 [2]
* CoolDown Neutrel1: Ability1 [0] Ability2 [0]
Meowth attack with ABILITY1 | Neutrel1 attack with NORMAL_ATTACK
!! Meowth has dodged attack !!
	+Meowth HP: 44(Damage received: 0)
	+Neutrel1 HP: -1(Damage received: 5)

		+++ Result: Win Meowth +++

Pikachu challenged Neutrel1
Pikachu have: [Cape{Special Defence +3}, Wand{Special Attack +3}, Vest{HP +10}]
Neutrel1 have: null
Pikachu HP: 48 Normal Attack: null Special Attack: 10 Defence: 5 Special Defence: 10 Ability{damage=6, stun=false, dodge=false, coolDown=4} Ability{damage=4, stun=true, dodge=true, coolDown=5}
Neutrel1 HP: 10 Normal Attack: 3 Special Attack: null Defence: 1 Special Defence: null null null

=====================!!! Round 1 !!!=====================
* CoolDown Pikachu: Ability1 [0] Ability2 [0]
* CoolDown Neutrel1: Ability1 [0] Ability2 [0]
Pikachu attack with SPECIAL_ATTACK | Neutrel1 attack with NORMAL_ATTACK
	+Pikachu HP: 48(Damage received: 0)
	+Neutrel1 HP: 1(Damage received: 9)

=====================!!! Round 2 !!!=====================
* CoolDown Pikachu: Ability1 [0] Ability2 [0]
* CoolDown Neutrel1: Ability1 [0] Ability2 [0]
Pikachu attack with ABILITY2 | Neutrel1 attack with NORMAL_ATTACK
!! Pikachu has dodged attack !!
	+Pikachu HP: 48(Damage received: 0)
	+Neutrel1 HP: -3(Damage received: 4)

		+++ Result: Win Pikachu +++

Psyduck challenged Neutrel1
Psyduck have: [Shield{Defence +2, Special Defence +2}, ChristmasTree{Attack +3, Defence +1}, Vitamins{HP +2, Attack +2, Special Attack +2}]
Neutrel1 have: null
Psyduck HP: 46 Normal Attack: 9 Special Attack: null Defence: 7 Special Defence: null Ability{damage=2, stun=false, dodge=false, coolDown=4} Ability{damage=2, stun=true, dodge=false, coolDown=5}
Neutrel1 HP: 10 Normal Attack: 3 Special Attack: null Defence: 1 Special Defence: null null null

=====================!!! Round 1 !!!=====================
* CoolDown Psyduck: Ability1 [0] Ability2 [0]
* CoolDown Neutrel1: Ability1 [0] Ability2 [0]
Psyduck attack with ABILITY2 | Neutrel1 attack with NORMAL_ATTACK
	+Psyduck HP: 46(Damage received: 0)
	+Neutrel1 HP: 8(Damage received: 2)

=====================!!! Round 2 !!!=====================
* CoolDown Psyduck: Ability1 [0] Ability2 [5]
* CoolDown Neutrel1: Ability1 [0] Ability2 [0]
Psyduck attack with NORMAL_ATTACK | Neutrel1 is stunned
	+Psyduck HP: 46(Damage received: 0)
	+Neutrel1 HP: 0(Damage received: 8)

		+++ Result: Win Psyduck +++

Pikachu challenged Psyduck
Pikachu have: [Cape{Special Defence +3}, Wand{Special Attack +3}, Vest{HP +10}]
Psyduck have: [Sword{Attack +3}, Shield{Defence +2, Special Defence +2}, ChristmasTree{Attack +3, Defence +1}]
Pikachu HP: 49 Normal Attack: null Special Attack: 11 Defence: 6 Special Defence: 11 Ability{damage=6, stun=false, dodge=false, coolDown=4} Ability{damage=4, stun=true, dodge=true, coolDown=5}
Psyduck HP: 45 Normal Attack: 11 Special Attack: null Defence: 8 Special Defence: null Ability{damage=2, stun=false, dodge=false, coolDown=4} Ability{damage=2, stun=true, dodge=false, coolDown=5}

=====================!!! Round 1 !!!=====================
* CoolDown Pikachu: Ability1 [0] Ability2 [0]
* CoolDown Psyduck: Ability1 [0] Ability2 [0]
Pikachu attack with ABILITY2 | Psyduck attack with ABILITY2
!! Pikachu has dodged attack !!
	+Pikachu HP: 49(Damage received: 0)
	+Psyduck HP: 41(Damage received: 4)

=====================!!! Round 2 !!!=====================
* CoolDown Pikachu: Ability1 [0] Ability2 [5]
* CoolDown Psyduck: Ability1 [0] Ability2 [5]
Pikachu is stunned | Psyduck is stunned
	+Pikachu HP: 49(Damage received: 0)
	+Psyduck HP: 41(Damage received: 0)

=====================!!! Round 3 !!!=====================
* CoolDown Pikachu: Ability1 [0] Ability2 [4]
* CoolDown Psyduck: Ability1 [0] Ability2 [4]
Pikachu attack with ABILITY1 | Psyduck attack with ABILITY1
	+Pikachu HP: 47(Damage received: 2)
	+Psyduck HP: 35(Damage received: 6)

=====================!!! Round 4 !!!=====================
* CoolDown Pikachu: Ability1 [4] Ability2 [3]
* CoolDown Psyduck: Ability1 [4] Ability2 [3]
Pikachu attack with SPECIAL_ATTACK | Psyduck attack with NORMAL_ATTACK
	+Pikachu HP: 42(Damage received: 5)
	+Psyduck HP: 31(Damage received: 4)

=====================!!! Round 5 !!!=====================
* CoolDown Pikachu: Ability1 [3] Ability2 [2]
* CoolDown Psyduck: Ability1 [3] Ability2 [2]
Pikachu attack with SPECIAL_ATTACK | Psyduck attack with NORMAL_ATTACK
	+Pikachu HP: 37(Damage received: 5)
	+Psyduck HP: 27(Damage received: 4)

=====================!!! Round 6 !!!=====================
* CoolDown Pikachu: Ability1 [2] Ability2 [1]
* CoolDown Psyduck: Ability1 [2] Ability2 [1]
Pikachu attack with SPECIAL_ATTACK | Psyduck attack with NORMAL_ATTACK
	+Pikachu HP: 32(Damage received: 5)
	+Psyduck HP: 23(Damage received: 4)

=====================!!! Round 7 !!!=====================
* CoolDown Pikachu: Ability1 [1] Ability2 [0]
* CoolDown Psyduck: Ability1 [1] Ability2 [0]
Pikachu attack with SPECIAL_ATTACK | Psyduck attack with NORMAL_ATTACK
	+Pikachu HP: 27(Damage received: 5)
	+Psyduck HP: 19(Damage received: 4)

=====================!!! Round 8 !!!=====================
* CoolDown Pikachu: Ability1 [0] Ability2 [0]
* CoolDown Psyduck: Ability1 [0] Ability2 [0]
Pikachu attack with SPECIAL_ATTACK | Psyduck attack with ABILITY2
	+Pikachu HP: 25(Damage received: 2)
	+Psyduck HP: 15(Damage received: 4)

=====================!!! Round 9 !!!=====================
* CoolDown Pikachu: Ability1 [0] Ability2 [0]
* CoolDown Psyduck: Ability1 [0] Ability2 [5]
Pikachu is stunned | Psyduck attack with NORMAL_ATTACK
	+Pikachu HP: 20(Damage received: 5)
	+Psyduck HP: 15(Damage received: 0)

=====================!!! Round 10 !!!=====================
* CoolDown Pikachu: Ability1 [0] Ability2 [0]
* CoolDown Psyduck: Ability1 [0] Ability2 [4]
Pikachu attack with ABILITY2 | Psyduck attack with ABILITY1
!! Pikachu has dodged attack !!
	+Pikachu HP: 20(Damage received: 0)
	+Psyduck HP: 11(Damage received: 4)

=====================!!! Round 11 !!!=====================
* CoolDown Pikachu: Ability1 [0] Ability2 [5]
* CoolDown Psyduck: Ability1 [4] Ability2 [3]
Pikachu attack with ABILITY1 | Psyduck is stunned
	+Pikachu HP: 20(Damage received: 0)
	+Psyduck HP: 5(Damage received: 6)

=====================!!! Round 12 !!!=====================
* CoolDown Pikachu: Ability1 [4] Ability2 [4]
* CoolDown Psyduck: Ability1 [3] Ability2 [2]
Pikachu attack with SPECIAL_ATTACK | Psyduck attack with NORMAL_ATTACK
	+Pikachu HP: 15(Damage received: 5)
	+Psyduck HP: 1(Damage received: 4)

=====================!!! Round 13 !!!=====================
* CoolDown Pikachu: Ability1 [3] Ability2 [3]
* CoolDown Psyduck: Ability1 [2] Ability2 [1]
Pikachu attack with SPECIAL_ATTACK | Psyduck attack with NORMAL_ATTACK
	+Pikachu HP: 10(Damage received: 5)
	+Psyduck HP: -3(Damage received: 4)

		+++ Result: Win Pikachu +++

Charmander challenged Meowth
Charmander have: [Cape{Special Defence +3}, Wand{Special Attack +3}, Vest{HP +10}]
Meowth have: [Vitamins{HP +2, Attack +2, Special Attack +2}, Sword{Attack +3}, Shield{Defence +2, Special Defence +2}]
Charmander HP: 61 Normal Attack: 5 Special Attack: null Defence: 4 Special Defence: null Ability{damage=4, stun=true, dodge=false, coolDown=4} Ability{damage=7, stun=false, dodge=false, coolDown=6}
Meowth HP: 45 Normal Attack: 10 Special Attack: null Defence: 8 Special Defence: null Ability{damage=5, stun=false, dodge=true, coolDown=4} Ability{damage=1, stun=false, dodge=true, coolDown=3}

=====================!!! Round 1 !!!=====================
* CoolDown Charmander: Ability1 [0] Ability2 [0]
* CoolDown Meowth: Ability1 [0] Ability2 [0]
Charmander attack with ABILITY1 | Meowth attack with ABILITY1
!! Meowth has dodged attack !!
	+Charmander HP: 56(Damage received: 5)
	+Meowth HP: 45(Damage received: 0)

=====================!!! Round 2 !!!=====================
* CoolDown Charmander: Ability1 [4] Ability2 [0]
* CoolDown Meowth: Ability1 [4] Ability2 [0]
Charmander attack with NORMAL_ATTACK | Meowth is stunned
	+Charmander HP: 56(Damage received: 0)
	+Meowth HP: 45(Damage received: 0)

=====================!!! Round 3 !!!=====================
* CoolDown Charmander: Ability1 [3] Ability2 [0]
* CoolDown Meowth: Ability1 [3] Ability2 [0]
Charmander attack with ABILITY2 | Meowth attack with ABILITY2
!! Meowth has dodged attack !!
	+Charmander HP: 55(Damage received: 1)
	+Meowth HP: 45(Damage received: 0)

=====================!!! Round 4 !!!=====================
* CoolDown Charmander: Ability1 [2] Ability2 [6]
* CoolDown Meowth: Ability1 [2] Ability2 [3]
Charmander attack with NORMAL_ATTACK | Meowth attack with NORMAL_ATTACK
	+Charmander HP: 49(Damage received: 6)
	+Meowth HP: 45(Damage received: 0)

=====================!!! Round 5 !!!=====================
* CoolDown Charmander: Ability1 [1] Ability2 [5]
* CoolDown Meowth: Ability1 [1] Ability2 [2]
Charmander attack with NORMAL_ATTACK | Meowth attack with NORMAL_ATTACK
	+Charmander HP: 43(Damage received: 6)
	+Meowth HP: 45(Damage received: 0)

=====================!!! Round 6 !!!=====================
* CoolDown Charmander: Ability1 [0] Ability2 [4]
* CoolDown Meowth: Ability1 [0] Ability2 [1]
Charmander attack with ABILITY1 | Meowth attack with NORMAL_ATTACK
	+Charmander HP: 37(Damage received: 6)
	+Meowth HP: 41(Damage received: 4)

=====================!!! Round 7 !!!=====================
* CoolDown Charmander: Ability1 [4] Ability2 [3]
* CoolDown Meowth: Ability1 [0] Ability2 [0]
Charmander attack with NORMAL_ATTACK | Meowth is stunned
	+Charmander HP: 37(Damage received: 0)
	+Meowth HP: 41(Damage received: 0)

=====================!!! Round 8 !!!=====================
* CoolDown Charmander: Ability1 [3] Ability2 [2]
* CoolDown Meowth: Ability1 [0] Ability2 [0]
Charmander attack with NORMAL_ATTACK | Meowth attack with ABILITY1
!! Meowth has dodged attack !!
	+Charmander HP: 32(Damage received: 5)
	+Meowth HP: 41(Damage received: 0)

=====================!!! Round 9 !!!=====================
* CoolDown Charmander: Ability1 [2] Ability2 [1]
* CoolDown Meowth: Ability1 [4] Ability2 [0]
Charmander attack with NORMAL_ATTACK | Meowth attack with ABILITY2
!! Meowth has dodged attack !!
	+Charmander HP: 31(Damage received: 1)
	+Meowth HP: 41(Damage received: 0)

=====================!!! Round 10 !!!=====================
* CoolDown Charmander: Ability1 [1] Ability2 [0]
* CoolDown Meowth: Ability1 [3] Ability2 [3]
Charmander attack with ABILITY2 | Meowth attack with NORMAL_ATTACK
	+Charmander HP: 25(Damage received: 6)
	+Meowth HP: 34(Damage received: 7)

=====================!!! Round 11 !!!=====================
* CoolDown Charmander: Ability1 [0] Ability2 [6]
* CoolDown Meowth: Ability1 [2] Ability2 [2]
Charmander attack with NORMAL_ATTACK | Meowth attack with NORMAL_ATTACK
	+Charmander HP: 19(Damage received: 6)
	+Meowth HP: 34(Damage received: 0)

=====================!!! Round 12 !!!=====================
* CoolDown Charmander: Ability1 [0] Ability2 [5]
* CoolDown Meowth: Ability1 [1] Ability2 [1]
Charmander attack with NORMAL_ATTACK | Meowth attack with NORMAL_ATTACK
	+Charmander HP: 13(Damage received: 6)
	+Meowth HP: 34(Damage received: 0)

=====================!!! Round 13 !!!=====================
* CoolDown Charmander: Ability1 [0] Ability2 [4]
* CoolDown Meowth: Ability1 [0] Ability2 [0]
Charmander attack with ABILITY1 | Meowth attack with NORMAL_ATTACK
	+Charmander HP: 7(Damage received: 6)
	+Meowth HP: 30(Damage received: 4)

=====================!!! Round 14 !!!=====================
* CoolDown Charmander: Ability1 [4] Ability2 [3]
* CoolDown Meowth: Ability1 [0] Ability2 [0]
Charmander attack with NORMAL_ATTACK | Meowth is stunned
	+Charmander HP: 7(Damage received: 0)
	+Meowth HP: 30(Damage received: 0)

=====================!!! Round 15 !!!=====================
* CoolDown Charmander: Ability1 [3] Ability2 [2]
* CoolDown Meowth: Ability1 [0] Ability2 [0]
Charmander attack with NORMAL_ATTACK | Meowth attack with NORMAL_ATTACK
	+Charmander HP: 1(Damage received: 6)
	+Meowth HP: 30(Damage received: 0)

=====================!!! Round 16 !!!=====================
* CoolDown Charmander: Ability1 [2] Ability2 [1]
* CoolDown Meowth: Ability1 [0] Ability2 [0]
Charmander attack with NORMAL_ATTACK | Meowth attack with NORMAL_ATTACK
	+Charmander HP: -5(Damage received: 6)
	+Meowth HP: 30(Damage received: 0)

		+++ Result: Win Meowth +++

Eevee challenged Snorlax
Eevee have: [Cape{Special Defence +3}, Wand{Special Attack +3}, Vest{HP +10}]
Snorlax have: [Shield{Defence +2, Special Defence +2}, ChristmasTree{Attack +3, Defence +1}, Vitamins{HP +2, Attack +2, Special Attack +2}]
Eevee HP: 49 Normal Attack: null Special Attack: 7 Defence: 3 Special Defence: 7 Ability{damage=5, stun=false, dodge=false, coolDown=3} Ability{damage=3, stun=true, dodge=false, coolDown=3}
Snorlax HP: 67 Normal Attack: 11 Special Attack: null Defence: 12 Special Defence: null Ability{damage=4, stun=true, dodge=false, coolDown=5} Ability{damage=0, stun=false, dodge=true, coolDown=5}

=====================!!! Round 1 !!!=====================
* CoolDown Eevee: Ability1 [0] Ability2 [0]
* CoolDown Snorlax: Ability1 [0] Ability2 [0]
Eevee attack with SPECIAL_ATTACK | Snorlax attack with ABILITY2
!! Snorlax has dodged attack !!
	+Eevee HP: 49(Damage received: 0)
	+Snorlax HP: 67(Damage received: 0)

=====================!!! Round 2 !!!=====================
* CoolDown Eevee: Ability1 [0] Ability2 [0]
* CoolDown Snorlax: Ability1 [0] Ability2 [5]
Eevee attack with SPECIAL_ATTACK | Snorlax attack with NORMAL_ATTACK
	+Eevee HP: 41(Damage received: 8)
	+Snorlax HP: 67(Damage received: 0)

=====================!!! Round 3 !!!=====================
* CoolDown Eevee: Ability1 [0] Ability2 [0]
* CoolDown Snorlax: Ability1 [0] Ability2 [4]
Eevee attack with ABILITY1 | Snorlax attack with ABILITY1
	+Eevee HP: 37(Damage received: 4)
	+Snorlax HP: 62(Damage received: 5)

=====================!!! Round 4 !!!=====================
* CoolDown Eevee: Ability1 [3] Ability2 [0]
* CoolDown Snorlax: Ability1 [5] Ability2 [3]
Eevee is stunned | Snorlax attack with NORMAL_ATTACK
	+Eevee HP: 29(Damage received: 8)
	+Snorlax HP: 62(Damage received: 0)

=====================!!! Round 5 !!!=====================
* CoolDown Eevee: Ability1 [2] Ability2 [0]
* CoolDown Snorlax: Ability1 [4] Ability2 [2]
Eevee attack with SPECIAL_ATTACK | Snorlax attack with NORMAL_ATTACK
	+Eevee HP: 21(Damage received: 8)
	+Snorlax HP: 62(Damage received: 0)

=====================!!! Round 6 !!!=====================
* CoolDown Eevee: Ability1 [1] Ability2 [0]
* CoolDown Snorlax: Ability1 [3] Ability2 [1]
Eevee attack with SPECIAL_ATTACK | Snorlax attack with NORMAL_ATTACK
	+Eevee HP: 13(Damage received: 8)
	+Snorlax HP: 62(Damage received: 0)

=====================!!! Round 7 !!!=====================
* CoolDown Eevee: Ability1 [0] Ability2 [0]
* CoolDown Snorlax: Ability1 [2] Ability2 [0]
Eevee attack with ABILITY1 | Snorlax attack with ABILITY2
!! Snorlax has dodged attack !!
	+Eevee HP: 13(Damage received: 0)
	+Snorlax HP: 62(Damage received: 0)

=====================!!! Round 8 !!!=====================
* CoolDown Eevee: Ability1 [3] Ability2 [0]
* CoolDown Snorlax: Ability1 [1] Ability2 [5]
Eevee attack with ABILITY2 | Snorlax attack with NORMAL_ATTACK
	+Eevee HP: 5(Damage received: 8)
	+Snorlax HP: 59(Damage received: 3)

=====================!!! Round 9 !!!=====================
* CoolDown Eevee: Ability1 [2] Ability2 [3]
* CoolDown Snorlax: Ability1 [0] Ability2 [4]
Eevee attack with SPECIAL_ATTACK | Snorlax is stunned
	+Eevee HP: 5(Damage received: 0)
	+Snorlax HP: 59(Damage received: 0)

=====================!!! Round 10 !!!=====================
* CoolDown Eevee: Ability1 [1] Ability2 [2]
* CoolDown Snorlax: Ability1 [0] Ability2 [3]
Eevee attack with SPECIAL_ATTACK | Snorlax attack with ABILITY1
	+Eevee HP: 1(Damage received: 4)
	+Snorlax HP: 59(Damage received: 0)

=====================!!! Round 11 !!!=====================
* CoolDown Eevee: Ability1 [0] Ability2 [1]
* CoolDown Snorlax: Ability1 [5] Ability2 [2]
Eevee is stunned | Snorlax attack with NORMAL_ATTACK
	+Eevee HP: -7(Damage received: 8)
	+Snorlax HP: 59(Damage received: 0)

		+++ Result: Win Snorlax +++

Pikachu challenged Snorlax
Pikachu have: [Cape{Special Defence +3}, Wand{Special Attack +3}, Vest{HP +10}]
Snorlax have: [Shield{Defence +2, Special Defence +2}, ChristmasTree{Attack +3, Defence +1}, Vitamins{HP +2, Attack +2, Special Attack +2}]
Pikachu HP: 50 Normal Attack: null Special Attack: 12 Defence: 7 Special Defence: 12 Ability{damage=6, stun=false, dodge=false, coolDown=4} Ability{damage=4, stun=true, dodge=true, coolDown=5}
Snorlax HP: 68 Normal Attack: 12 Special Attack: null Defence: 13 Special Defence: null Ability{damage=4, stun=true, dodge=false, coolDown=5} Ability{damage=0, stun=false, dodge=true, coolDown=5}

=====================!!! Round 1 !!!=====================
* CoolDown Pikachu: Ability1 [0] Ability2 [0]
* CoolDown Snorlax: Ability1 [0] Ability2 [0]
Pikachu attack with ABILITY2 | Snorlax attack with ABILITY1
!! Pikachu has dodged attack !!
	+Pikachu HP: 50(Damage received: 0)
	+Snorlax HP: 64(Damage received: 4)

=====================!!! Round 2 !!!=====================
* CoolDown Pikachu: Ability1 [0] Ability2 [5]
* CoolDown Snorlax: Ability1 [5] Ability2 [0]
Pikachu is stunned | Snorlax is stunned
	+Pikachu HP: 50(Damage received: 0)
	+Snorlax HP: 64(Damage received: 0)

=====================!!! Round 3 !!!=====================
* CoolDown Pikachu: Ability1 [0] Ability2 [4]
* CoolDown Snorlax: Ability1 [4] Ability2 [0]
Pikachu attack with ABILITY1 | Snorlax attack with NORMAL_ATTACK
	+Pikachu HP: 45(Damage received: 5)
	+Snorlax HP: 58(Damage received: 6)

=====================!!! Round 4 !!!=====================
* CoolDown Pikachu: Ability1 [4] Ability2 [3]
* CoolDown Snorlax: Ability1 [3] Ability2 [0]
Pikachu attack with SPECIAL_ATTACK | Snorlax attack with NORMAL_ATTACK
	+Pikachu HP: 40(Damage received: 5)
	+Snorlax HP: 56(Damage received: 2)

=====================!!! Round 5 !!!=====================
* CoolDown Pikachu: Ability1 [3] Ability2 [2]
* CoolDown Snorlax: Ability1 [2] Ability2 [0]
Pikachu attack with SPECIAL_ATTACK | Snorlax attack with NORMAL_ATTACK
	+Pikachu HP: 35(Damage received: 5)
	+Snorlax HP: 54(Damage received: 2)

=====================!!! Round 6 !!!=====================
* CoolDown Pikachu: Ability1 [2] Ability2 [1]
* CoolDown Snorlax: Ability1 [1] Ability2 [0]
Pikachu attack with SPECIAL_ATTACK | Snorlax attack with ABILITY2
!! Snorlax has dodged attack !!
	+Pikachu HP: 35(Damage received: 0)
	+Snorlax HP: 54(Damage received: 0)

=====================!!! Round 7 !!!=====================
* CoolDown Pikachu: Ability1 [1] Ability2 [0]
* CoolDown Snorlax: Ability1 [0] Ability2 [5]
Pikachu attack with ABILITY2 | Snorlax attack with ABILITY1
!! Pikachu has dodged attack !!
	+Pikachu HP: 35(Damage received: 0)
	+Snorlax HP: 50(Damage received: 4)

=====================!!! Round 8 !!!=====================
* CoolDown Pikachu: Ability1 [0] Ability2 [5]
* CoolDown Snorlax: Ability1 [5] Ability2 [4]
Pikachu is stunned | Snorlax is stunned
	+Pikachu HP: 35(Damage received: 0)
	+Snorlax HP: 50(Damage received: 0)

=====================!!! Round 9 !!!=====================
* CoolDown Pikachu: Ability1 [0] Ability2 [4]
* CoolDown Snorlax: Ability1 [4] Ability2 [3]
Pikachu attack with SPECIAL_ATTACK | Snorlax attack with NORMAL_ATTACK
	+Pikachu HP: 30(Damage received: 5)
	+Snorlax HP: 48(Damage received: 2)

=====================!!! Round 10 !!!=====================
* CoolDown Pikachu: Ability1 [0] Ability2 [3]
* CoolDown Snorlax: Ability1 [3] Ability2 [2]
Pikachu attack with ABILITY1 | Snorlax attack with NORMAL_ATTACK
	+Pikachu HP: 25(Damage received: 5)
	+Snorlax HP: 42(Damage received: 6)

=====================!!! Round 11 !!!=====================
* CoolDown Pikachu: Ability1 [4] Ability2 [2]
* CoolDown Snorlax: Ability1 [2] Ability2 [1]
Pikachu attack with SPECIAL_ATTACK | Snorlax attack with NORMAL_ATTACK
	+Pikachu HP: 20(Damage received: 5)
	+Snorlax HP: 40(Damage received: 2)

=====================!!! Round 12 !!!=====================
* CoolDown Pikachu: Ability1 [3] Ability2 [1]
* CoolDown Snorlax: Ability1 [1] Ability2 [0]
Pikachu attack with SPECIAL_ATTACK | Snorlax attack with ABILITY2
!! Snorlax has dodged attack !!
	+Pikachu HP: 20(Damage received: 0)
	+Snorlax HP: 40(Damage received: 0)

=====================!!! Round 13 !!!=====================
* CoolDown Pikachu: Ability1 [2] Ability2 [0]
* CoolDown Snorlax: Ability1 [0] Ability2 [5]
Pikachu attack with ABILITY2 | Snorlax attack with NORMAL_ATTACK
!! Pikachu has dodged attack !!
	+Pikachu HP: 20(Damage received: 0)
	+Snorlax HP: 36(Damage received: 4)

=====================!!! Round 14 !!!=====================
* CoolDown Pikachu: Ability1 [1] Ability2 [5]
* CoolDown Snorlax: Ability1 [0] Ability2 [4]
Pikachu attack with SPECIAL_ATTACK | Snorlax is stunned
	+Pikachu HP: 20(Damage received: 0)
	+Snorlax HP: 34(Damage received: 2)

=====================!!! Round 15 !!!=====================
* CoolDown Pikachu: Ability1 [0] Ability2 [4]
* CoolDown Snorlax: Ability1 [0] Ability2 [3]
Pikachu attack with SPECIAL_ATTACK | Snorlax attack with ABILITY1
	+Pikachu HP: 16(Damage received: 4)
	+Snorlax HP: 32(Damage received: 2)

=====================!!! Round 16 !!!=====================
* CoolDown Pikachu: Ability1 [0] Ability2 [3]
* CoolDown Snorlax: Ability1 [5] Ability2 [2]
Pikachu is stunned | Snorlax attack with NORMAL_ATTACK
	+Pikachu HP: 11(Damage received: 5)
	+Snorlax HP: 32(Damage received: 0)

=====================!!! Round 17 !!!=====================
* CoolDown Pikachu: Ability1 [0] Ability2 [2]
* CoolDown Snorlax: Ability1 [4] Ability2 [1]
Pikachu attack with SPECIAL_ATTACK | Snorlax attack with NORMAL_ATTACK
	+Pikachu HP: 6(Damage received: 5)
	+Snorlax HP: 30(Damage received: 2)

=====================!!! Round 18 !!!=====================
* CoolDown Pikachu: Ability1 [0] Ability2 [1]
* CoolDown Snorlax: Ability1 [3] Ability2 [0]
Pikachu attack with SPECIAL_ATTACK | Snorlax attack with ABILITY2
!! Snorlax has dodged attack !!
	+Pikachu HP: 6(Damage received: 0)
	+Snorlax HP: 30(Damage received: 0)

=====================!!! Round 19 !!!=====================
* CoolDown Pikachu: Ability1 [0] Ability2 [0]
* CoolDown Snorlax: Ability1 [2] Ability2 [5]
Pikachu attack with SPECIAL_ATTACK | Snorlax attack with NORMAL_ATTACK
	+Pikachu HP: 1(Damage received: 5)
	+Snorlax HP: 28(Damage received: 2)

=====================!!! Round 20 !!!=====================
* CoolDown Pikachu: Ability1 [0] Ability2 [0]
* CoolDown Snorlax: Ability1 [1] Ability2 [4]
Pikachu attack with ABILITY2 | Snorlax attack with NORMAL_ATTACK
!! Pikachu has dodged attack !!
	+Pikachu HP: 1(Damage received: 0)
	+Snorlax HP: 24(Damage received: 4)

=====================!!! Round 21 !!!=====================
* CoolDown Pikachu: Ability1 [0] Ability2 [5]
* CoolDown Snorlax: Ability1 [0] Ability2 [3]
Pikachu attack with SPECIAL_ATTACK | Snorlax is stunned
	+Pikachu HP: 1(Damage received: 0)
	+Snorlax HP: 22(Damage received: 2)

=====================!!! Round 22 !!!=====================
* CoolDown Pikachu: Ability1 [0] Ability2 [4]
* CoolDown Snorlax: Ability1 [0] Ability2 [2]
Pikachu attack with ABILITY1 | Snorlax attack with NORMAL_ATTACK
	+Pikachu HP: -4(Damage received: 5)
	+Snorlax HP: 16(Damage received: 6)

		+++ Result: Win Snorlax +++

Winner of all adventure is: Bonnie with pokemon: Snorlax