Meowth challenged Neutrel2
Meowth have: []
Neutrel2 have: null
Meowth HP: 41 Normal Attack: 3 Special Attack: null Defence: 4 Special Defence: null Ability{damage=5, stun=false, dodge=true, coolDown=4} Ability{damage=1, stun=false, dodge=true, coolDown=3}
Neutrel2 HP: 20 Normal Attack: 4 Special Attack: null Defence: 1 Special Defence: null null null

=====================!!! Round 1 !!!=====================
* CoolDown Meowth: Ability1 [0] Ability2 [0]
* CoolDown Neutrel2: Ability1 [0] Ability2 [0]
Meowth attack with ABILITY2 | Neutrel2 attack with NORMAL_ATTACK
!! Meowth has dodged attack !!
	+Meowth HP: 41(Damage received: 0)
	+Neutrel2 HP: 19(Damage received: 1)

=====================!!! Round 2 !!!=====================
* CoolDown Meowth: Ability1 [0] Ability2 [3]
* CoolDown Neutrel2: Ability1 [0] Ability2 [0]
Meowth attack with NORMAL_ATTACK | Neutrel2 attack with NORMAL_ATTACK
	+Meowth HP: 41(Damage received: 0)
	+Neutrel2 HP: 17(Damage received: 2)

=====================!!! Round 3 !!!=====================
* CoolDown Meowth: Ability1 [0] Ability2 [2]
* CoolDown Neutrel2: Ability1 [0] Ability2 [0]
Meowth attack with NORMAL_ATTACK | Neutrel2 attack with NORMAL_ATTACK
	+Meowth HP: 41(Damage received: 0)
	+Neutrel2 HP: 15(Damage received: 2)

=====================!!! Round 4 !!!=====================
* CoolDown Meowth: Ability1 [0] Ability2 [1]
* CoolDown Neutrel2: Ability1 [0] Ability2 [0]
Meowth attack with NORMAL_ATTACK | Neutrel2 attack with NORMAL_ATTACK
	+Meowth HP: 41(Damage received: 0)
	+Neutrel2 HP: 13(Damage received: 2)

=====================!!! Round 5 !!!=====================
* CoolDown Meowth: Ability1 [0] Ability2 [0]
* CoolDown Neutrel2: Ability1 [0] Ability2 [0]
Meowth attack with ABILITY1 | Neutrel2 attack with NORMAL_ATTACK
!! Meowth has dodged attack !!
	+Meowth HP: 41(Damage received: 0)
	+Neutrel2 HP: 8(Damage received: 5)

=====================!!! Round 6 !!!=====================
* CoolDown Meowth: Ability1 [4] Ability2 [0]
* CoolDown Neutrel2: Ability1 [0] Ability2 [0]
Meowth attack with ABILITY2 | Neutrel2 attack with NORMAL_ATTACK
!! Meowth has dodged attack !!
	+Meowth HP: 41(Damage received: 0)
	+Neutrel2 HP: 7(Damage received: 1)

=====================!!! Round 7 !!!=====================
* CoolDown Meowth: Ability1 [3] Ability2 [3]
* CoolDown Neutrel2: Ability1 [0] Ability2 [0]
Meowth attack with NORMAL_ATTACK | Neutrel2 attack with NORMAL_ATTACK
	+Meowth HP: 41(Damage received: 0)
	+Neutrel2 HP: 5(Damage received: 2)

=====================!!! Round 8 !!!=====================
* CoolDown Meowth: Ability1 [2] Ability2 [2]
* CoolDown Neutrel2: Ability1 [0] Ability2 [0]
Meowth attack with NORMAL_ATTACK | Neutrel2 attack with NORMAL_ATTACK
	+Meowth HP: 41(Damage received: 0)
	+Neutrel2 HP: 3(Damage received: 2)

=====================!!! Round 9 !!!=====================
* CoolDown Meowth: Ability1 [1] Ability2 [1]
* CoolDown Neutrel2: Ability1 [0] Ability2 [0]
Meowth attack with NORMAL_ATTACK | Neutrel2 attack with NORMAL_ATTACK
	+Meowth HP: 41(Damage received: 0)
	+Neutrel2 HP: 1(Damage received: 2)

=====================!!! Round 10 !!!=====================
* CoolDown Meowth: Ability1 [0] Ability2 [0]
* CoolDown Neutrel2: Ability1 [0] Ability2 [0]
Meowth attack with NORMAL_ATTACK | Neutrel2 attack with NORMAL_ATTACK
	+Meowth HP: 41(Damage received: 0)
	+Neutrel2 HP: -1(Damage received: 2)

		+++ Result: Win Meowth +++

Eevee challenged Neutrel2
Eevee have: []
Neutrel2 have: null
Eevee HP: 39 Normal Attack: null Special Attack: 4 Defence: 3 Special Defence: 4 Ability{damage=5, stun=false, dodge=false, coolDown=3} Ability{damage=3, stun=true, dodge=false, coolDown=3}
Neutrel2 HP: 20 Normal Attack: 4 Special Attack: null Defence: 1 Special Defence: null null null

=====================!!! Round 1 !!!=====================
* CoolDown Eevee: Ability1 [0] Ability2 [0]
* CoolDown Neutrel2: Ability1 [0] Ability2 [0]
Eevee attack with ABILITY1 | Neutrel2 attack with NORMAL_ATTACK
	+Eevee HP: 38(Damage received: 1)
	+Neutrel2 HP: 15(Damage received: 5)

=====================!!! Round 2 !!!=====================
* CoolDown Eevee: Ability1 [3] Ability2 [0]
* CoolDown Neutrel2: Ability1 [0] Ability2 [0]
Eevee attack with SPECIAL_ATTACK | Neutrel2 attack with NORMAL_ATTACK
	+Eevee HP: 37(Damage received: 1)
	+Neutrel2 HP: 12(Damage received: 3)

=====================!!! Round 3 !!!=====================
* CoolDown Eevee: Ability1 [2] Ability2 [0]
* CoolDown Neutrel2: Ability1 [0] Ability2 [0]
Eevee attack with SPECIAL_ATTACK | Neutrel2 attack with NORMAL_ATTACK
	+Eevee HP: 36(Damage received: 1)
	+Neutrel2 HP: 9(Damage received: 3)

=====================!!! Round 4 !!!=====================
* CoolDown Eevee: Ability1 [1] Ability2 [0]
* CoolDown Neutrel2: Ability1 [0] Ability2 [0]
Eevee attack with ABILITY2 | Neutrel2 attack with NORMAL_ATTACK
	+Eevee HP: 35(Damage received: 1)
	+Neutrel2 HP: 6(Damage received: 3)

=====================!!! Round 5 !!!=====================
* CoolDown Eevee: Ability1 [0] Ability2 [3]
* CoolDown Neutrel2: Ability1 [0] Ability2 [0]
Eevee attack with ABILITY1 | Neutrel2 is stunned
	+Eevee HP: 35(Damage received: 0)
	+Neutrel2 HP: 1(Damage received: 5)

=====================!!! Round 6 !!!=====================
* CoolDown Eevee: Ability1 [3] Ability2 [2]
* CoolDown Neutrel2: Ability1 [0] Ability2 [0]
Eevee attack with SPECIAL_ATTACK | Neutrel2 attack with NORMAL_ATTACK
	+Eevee HP: 34(Damage received: 1)
	+Neutrel2 HP: -2(Damage received: 3)

		+++ Result: Win Eevee +++

Pikachu challenged Snorlax
Pikachu have: []
Snorlax have: []
Pikachu HP: 35 Normal Attack: null Special Attack: 4 Defence: 2 Special Defence: 4 Ability{damage=6, stun=false, dodge=false, coolDown=4} Ability{damage=4, stun=true, dodge=true, coolDown=5}
Snorlax HP: 62 Normal Attack: 3 Special Attack: null Defence: 6 Special Defence: null Ability{damage=4, stun=true, dodge=false, coolDown=5} Ability{damage=0, stun=false, dodge=true, coolDown=5}

=====================!!! Round 1 !!!=====================
* CoolDown Pikachu: Ability1 [0] Ability2 [0]
* CoolDown Snorlax: Ability1 [0] Ability2 [0]
Pikachu attack with ABILITY2 | Snorlax attack with NORMAL_ATTACK
!! Pikachu has dodged attack !!
	+Pikachu HP: 35(Damage received: 0)
	+Snorlax HP: 58(Damage received: 4)

=====================!!! Round 2 !!!=====================
* CoolDown Pikachu: Ability1 [0] Ability2 [5]
* CoolDown Snorlax: Ability1 [0] Ability2 [0]
Pikachu attack with SPECIAL_ATTACK | Snorlax is stunned
	+Pikachu HP: 35(Damage received: 0)
	+Snorlax HP: 58(Damage received: 0)

=====================!!! Round 3 !!!=====================
* CoolDown Pikachu: Ability1 [0] Ability2 [4]
* CoolDown Snorlax: Ability1 [0] Ability2 [0]
Pikachu attack with SPECIAL_ATTACK | Snorlax attack with NORMAL_ATTACK
	+Pikachu HP: 34(Damage received: 1)
	+Snorlax HP: 58(Damage received: 0)

=====================!!! Round 4 !!!=====================
* CoolDown Pikachu: Ability1 [0] Ability2 [3]
* CoolDown Snorlax: Ability1 [0] Ability2 [0]
Pikachu attack with SPECIAL_ATTACK | Snorlax attack with ABILITY2
!! Snorlax has dodged attack !!
	+Pikachu HP: 34(Damage received: 0)
	+Snorlax HP: 58(Damage received: 0)

=====================!!! Round 5 !!!=====================
* CoolDown Pikachu: Ability1 [0] Ability2 [2]
* CoolDown Snorlax: Ability1 [0] Ability2 [5]
Pikachu attack with SPECIAL_ATTACK | Snorlax attack with NORMAL_ATTACK
	+Pikachu HP: 33(Damage received: 1)
	+Snorlax HP: 58(Damage received: 0)

=====================!!! Round 6 !!!=====================
* CoolDown Pikachu: Ability1 [0] Ability2 [1]
* CoolDown Snorlax: Ability1 [0] Ability2 [4]
Pikachu attack with SPECIAL_ATTACK | Snorlax attack with ABILITY1
	+Pikachu HP: 29(Damage received: 4)
	+Snorlax HP: 58(Damage received: 0)

=====================!!! Round 7 !!!=====================
* CoolDown Pikachu: Ability1 [0] Ability2 [0]
* CoolDown Snorlax: Ability1 [5] Ability2 [3]
Pikachu is stunned | Snorlax attack with NORMAL_ATTACK
	+Pikachu HP: 28(Damage received: 1)
	+Snorlax HP: 58(Damage received: 0)

=====================!!! Round 8 !!!=====================
* CoolDown Pikachu: Ability1 [0] Ability2 [0]
* CoolDown Snorlax: Ability1 [4] Ability2 [2]
Pikachu attack with ABILITY1 | Snorlax attack with NORMAL_ATTACK
	+Pikachu HP: 27(Damage received: 1)
	+Snorlax HP: 52(Damage received: 6)

=====================!!! Round 9 !!!=====================
* CoolDown Pikachu: Ability1 [4] Ability2 [0]
* CoolDown Snorlax: Ability1 [3] Ability2 [1]
Pikachu attack with ABILITY2 | Snorlax attack with NORMAL_ATTACK
!! Pikachu has dodged attack !!
	+Pikachu HP: 27(Damage received: 0)
	+Snorlax HP: 48(Damage received: 4)

=====================!!! Round 10 !!!=====================
* CoolDown Pikachu: Ability1 [3] Ability2 [5]
* CoolDown Snorlax: Ability1 [2] Ability2 [0]
Pikachu attack with SPECIAL_ATTACK | Snorlax is stunned
	+Pikachu HP: 27(Damage received: 0)
	+Snorlax HP: 48(Damage received: 0)

=====================!!! Round 11 !!!=====================
* CoolDown Pikachu: Ability1 [2] Ability2 [4]
* CoolDown Snorlax: Ability1 [1] Ability2 [0]
Pikachu attack with SPECIAL_ATTACK | Snorlax attack with ABILITY2
!! Snorlax has dodged attack !!
	+Pikachu HP: 27(Damage received: 0)
	+Snorlax HP: 48(Damage received: 0)

=====================!!! Round 12 !!!=====================
* CoolDown Pikachu: Ability1 [1] Ability2 [3]
* CoolDown Snorlax: Ability1 [0] Ability2 [5]
Pikachu attack with SPECIAL_ATTACK | Snorlax attack with ABILITY1
	+Pikachu HP: 23(Damage received: 4)
	+Snorlax HP: 48(Damage received: 0)

=====================!!! Round 13 !!!=====================
* CoolDown Pikachu: Ability1 [0] Ability2 [2]
* CoolDown Snorlax: Ability1 [5] Ability2 [4]
Pikachu is stunned | Snorlax attack with NORMAL_ATTACK
	+Pikachu HP: 22(Damage received: 1)
	+Snorlax HP: 48(Damage received: 0)

=====================!!! Round 14 !!!=====================
* CoolDown Pikachu: Ability1 [0] Ability2 [1]
* CoolDown Snorlax: Ability1 [4] Ability2 [3]
Pikachu attack with ABILITY1 | Snorlax attack with NORMAL_ATTACK
	+Pikachu HP: 21(Damage received: 1)
	+Snorlax HP: 42(Damage received: 6)

=====================!!! Round 15 !!!=====================
* CoolDown Pikachu: Ability1 [4] Ability2 [0]
* CoolDown Snorlax: Ability1 [3] Ability2 [2]
Pikachu attack with SPECIAL_ATTACK | Snorlax attack with NORMAL_ATTACK
	+Pikachu HP: 20(Damage received: 1)
	+Snorlax HP: 42(Damage received: 0)

=====================!!! Round 16 !!!=====================
* CoolDown Pikachu: Ability1 [3] Ability2 [0]
* CoolDown Snorlax: Ability1 [2] Ability2 [1]
Pikachu attack with ABILITY2 | Snorlax attack with NORMAL_ATTACK
!! Pikachu has dodged attack !!
	+Pikachu HP: 20(Damage received: 0)
	+Snorlax HP: 38(Damage received: 4)

=====================!!! Round 17 !!!=====================
* CoolDown Pikachu: Ability1 [2] Ability2 [5]
* CoolDown Snorlax: Ability1 [1] Ability2 [0]
Pikachu attack with SPECIAL_ATTACK | Snorlax is stunned
	+Pikachu HP: 20(Damage received: 0)
	+Snorlax HP: 38(Damage received: 0)

=====================!!! Round 18 !!!=====================
* CoolDown Pikachu: Ability1 [1] Ability2 [4]
* CoolDown Snorlax: Ability1 [0] Ability2 [0]
Pikachu attack with SPECIAL_ATTACK | Snorlax attack with NORMAL_ATTACK
	+Pikachu HP: 19(Damage received: 1)
	+Snorlax HP: 38(Damage received: 0)

=====================!!! Round 19 !!!=====================
* CoolDown Pikachu: Ability1 [0] Ability2 [3]
* CoolDown Snorlax: Ability1 [0] Ability2 [0]
Pikachu attack with ABILITY1 | Snorlax attack with NORMAL_ATTACK
	+Pikachu HP: 18(Damage received: 1)
	+Snorlax HP: 32(Damage received: 6)

=====================!!! Round 20 !!!=====================
* CoolDown Pikachu: Ability1 [4] Ability2 [2]
* CoolDown Snorlax: Ability1 [0] Ability2 [0]
Pikachu attack with SPECIAL_ATTACK | Snorlax attack with ABILITY2
!! Snorlax has dodged attack !!
	+Pikachu HP: 18(Damage received: 0)
	+Snorlax HP: 32(Damage received: 0)

=====================!!! Round 21 !!!=====================
* CoolDown Pikachu: Ability1 [3] Ability2 [1]
* CoolDown Snorlax: Ability1 [0] Ability2 [5]
Pikachu attack with SPECIAL_ATTACK | Snorlax attack with NORMAL_ATTACK
	+Pikachu HP: 17(Damage received: 1)
	+Snorlax HP: 32(Damage received: 0)

=====================!!! Round 22 !!!=====================
* CoolDown Pikachu: Ability1 [2] Ability2 [0]
* CoolDown Snorlax: Ability1 [0] Ability2 [4]
Pikachu attack with ABILITY2 | Snorlax attack with ABILITY1
!! Pikachu has dodged attack !!
	+Pikachu HP: 17(Damage received: 0)
	+Snorlax HP: 28(Damage received: 4)

=====================!!! Round 23 !!!=====================
* CoolDown Pikachu: Ability1 [1] Ability2 [5]
* CoolDown Snorlax: Ability1 [5] Ability2 [3]
Pikachu is stunned | Snorlax is stunned
	+Pikachu HP: 17(Damage received: 0)
	+Snorlax HP: 28(Damage received: 0)

=====================!!! Round 24 !!!=====================
* CoolDown Pikachu: Ability1 [0] Ability2 [4]
* CoolDown Snorlax: Ability1 [4] Ability2 [2]
Pikachu attack with SPECIAL_ATTACK | Snorlax attack with NORMAL_ATTACK
	+Pikachu HP: 16(Damage received: 1)
	+Snorlax HP: 28(Damage received: 0)

=====================!!! Round 25 !!!=====================
* CoolDown Pikachu: Ability1 [0] Ability2 [3]
* CoolDown Snorlax: Ability1 [3] Ability2 [1]
Pikachu attack with ABILITY1 | Snorlax attack with NORMAL_ATTACK
	+Pikachu HP: 15(Damage received: 1)
	+Snorlax HP: 22(Damage received: 6)

=====================!!! Round 26 !!!=====================
* CoolDown Pikachu: Ability1 [4] Ability2 [2]
* CoolDown Snorlax: Ability1 [2] Ability2 [0]
Pikachu attack with SPECIAL_ATTACK | Snorlax attack with NORMAL_ATTACK
	+Pikachu HP: 14(Damage received: 1)
	+Snorlax HP: 22(Damage received: 0)

=====================!!! Round 27 !!!=====================
* CoolDown Pikachu: Ability1 [3] Ability2 [1]
* CoolDown Snorlax: Ability1 [1] Ability2 [0]
Pikachu attack with SPECIAL_ATTACK | Snorlax attack with NORMAL_ATTACK
	+Pikachu HP: 13(Damage received: 1)
	+Snorlax HP: 22(Damage received: 0)

=====================!!! Round 28 !!!=====================
* CoolDown Pikachu: Ability1 [2] Ability2 [0]
* CoolDown Snorlax: Ability1 [0] Ability2 [0]
Pikachu attack with SPECIAL_ATTACK | Snorlax attack with ABILITY2
!! Snorlax has dodged attack !!
	+Pikachu HP: 13(Damage received: 0)
	+Snorlax HP: 22(Damage received: 0)

=====================!!! Round 29 !!!=====================
* CoolDown Pikachu: Ability1 [1] Ability2 [0]
* CoolDown Snorlax: Ability1 [0] Ability2 [5]
Pikachu attack with ABILITY2 | Snorlax attack with NORMAL_ATTACK
!! Pikachu has dodged attack !!
	+Pikachu HP: 13(Damage received: 0)
	+Snorlax HP: 18(Damage received: 4)

=====================!!! Round 30 !!!=====================
* CoolDown Pikachu: Ability1 [0] Ability2 [5]
* CoolDown Snorlax: Ability1 [0] Ability2 [4]
Pikachu attack with ABILITY1 | Snorlax is stunned
	+Pikachu HP: 13(Damage received: 0)
	+Snorlax HP: 12(Damage received: 6)

=====================!!! Round 31 !!!=====================
* CoolDown Pikachu: Ability1 [4] Ability2 [4]
* CoolDown Snorlax: Ability1 [0] Ability2 [3]
Pikachu attack with SPECIAL_ATTACK | Snorlax attack with ABILITY1
	+Pikachu HP: 9(Damage received: 4)
	+Snorlax HP: 12(Damage received: 0)

=====================!!! Round 32 !!!=====================
* CoolDown Pikachu: Ability1 [3] Ability2 [3]
* CoolDown Snorlax: Ability1 [5] Ability2 [2]
Pikachu is stunned | Snorlax attack with NORMAL_ATTACK
	+Pikachu HP: 8(Damage received: 1)
	+Snorlax HP: 12(Damage received: 0)

=====================!!! Round 33 !!!=====================
* CoolDown Pikachu: Ability1 [2] Ability2 [2]
* CoolDown Snorlax: Ability1 [4] Ability2 [1]
Pikachu attack with SPECIAL_ATTACK | Snorlax attack with NORMAL_ATTACK
	+Pikachu HP: 7(Damage received: 1)
	+Snorlax HP: 12(Damage received: 0)

=====================!!! Round 34 !!!=====================
* CoolDown Pikachu: Ability1 [1] Ability2 [1]
* CoolDown Snorlax: Ability1 [3] Ability2 [0]
Pikachu attack with SPECIAL_ATTACK | Snorlax attack with NORMAL_ATTACK
	+Pikachu HP: 6(Damage received: 1)
	+Snorlax HP: 12(Damage received: 0)

=====================!!! Round 35 !!!=====================
* CoolDown Pikachu: Ability1 [0] Ability2 [0]
* CoolDown Snorlax: Ability1 [2] Ability2 [0]
Pikachu attack with SPECIAL_ATTACK | Snorlax attack with ABILITY2
!! Snorlax has dodged attack !!
	+Pikachu HP: 6(Damage received: 0)
	+Snorlax HP: 12(Damage received: 0)

=====================!!! Round 36 !!!=====================
* CoolDown Pikachu: Ability1 [0] Ability2 [0]
* CoolDown Snorlax: Ability1 [1] Ability2 [5]
Pikachu attack with ABILITY1 | Snorlax attack with NORMAL_ATTACK
	+Pikachu HP: 5(Damage received: 1)
	+Snorlax HP: 6(Damage received: 6)

=====================!!! Round 37 !!!=====================
* CoolDown Pikachu: Ability1 [4] Ability2 [0]
* CoolDown Snorlax: Ability1 [0] Ability2 [4]
Pikachu attack with SPECIAL_ATTACK | Snorlax attack with NORMAL_ATTACK
	+Pikachu HP: 4(Damage received: 1)
	+Snorlax HP: 6(Damage received: 0)

=====================!!! Round 38 !!!=====================
* CoolDown Pikachu: Ability1 [3] Ability2 [0]
* CoolDown Snorlax: Ability1 [0] Ability2 [3]
Pikachu attack with SPECIAL_ATTACK | Snorlax attack with ABILITY1
	+Pikachu HP: 0(Damage received: 4)
	+Snorlax HP: 6(Damage received: 0)

		+++ Result: Win Snorlax +++

Meowth challenged Meowth
Meowth have: []
Meowth have: []
Meowth HP: 42 Normal Attack: 4 Special Attack: null Defence: 5 Special Defence: null Ability{damage=5, stun=false, dodge=true, coolDown=4} Ability{damage=1, stun=false, dodge=true, coolDown=3}
Meowth HP: 41 Normal Attack: 3 Special Attack: null Defence: 4 Special Defence: null Ability{damage=5, stun=false, dodge=true, coolDown=4} Ability{damage=1, stun=false, dodge=true, coolDown=3}

=====================!!! Round 1 !!!=====================
* CoolDown Meowth: Ability1 [0] Ability2 [0]
* CoolDown Meowth: Ability1 [0] Ability2 [0]
Meowth attack with ABILITY1 | Meowth attack with ABILITY2
!! Meowth has dodged attack !!
!! Meowth has dodged attack !!
	+Meowth HP: 42(Damage received: 0)
	+Meowth HP: 41(Damage received: 0)

=====================!!! Round 2 !!!=====================
* CoolDown Meowth: Ability1 [4] Ability2 [0]
* CoolDown Meowth: Ability1 [0] Ability2 [3]
Meowth attack with ABILITY2 | Meowth attack with NORMAL_ATTACK
!! Meowth has dodged attack !!
	+Meowth HP: 42(Damage received: 0)
	+Meowth HP: 40(Damage received: 1)

=====================!!! Round 3 !!!=====================
* CoolDown Meowth: Ability1 [3] Ability2 [3]
* CoolDown Meowth: Ability1 [0] Ability2 [2]
Meowth attack with NORMAL_ATTACK | Meowth attack with NORMAL_ATTACK
	+Meowth HP: 42(Damage received: 0)
	+Meowth HP: 40(Damage received: 0)

=====================!!! Round 4 !!!=====================
* CoolDown Meowth: Ability1 [2] Ability2 [2]
* CoolDown Meowth: Ability1 [0] Ability2 [1]
Meowth attack with NORMAL_ATTACK | Meowth attack with ABILITY1
!! Meowth has dodged attack !!
	+Meowth HP: 37(Damage received: 5)
	+Meowth HP: 40(Damage received: 0)

=====================!!! Round 5 !!!=====================
* CoolDown Meowth: Ability1 [1] Ability2 [1]
* CoolDown Meowth: Ability1 [4] Ability2 [0]
Meowth attack with NORMAL_ATTACK | Meowth attack with NORMAL_ATTACK
	+Meowth HP: 37(Damage received: 0)
	+Meowth HP: 40(Damage received: 0)

=====================!!! Round 6 !!!=====================
* CoolDown Meowth: Ability1 [0] Ability2 [0]
* CoolDown Meowth: Ability1 [3] Ability2 [0]
Meowth attack with ABILITY1 | Meowth attack with NORMAL_ATTACK
!! Meowth has dodged attack !!
	+Meowth HP: 37(Damage received: 0)
	+Meowth HP: 35(Damage received: 5)

=====================!!! Round 7 !!!=====================
* CoolDown Meowth: Ability1 [4] Ability2 [0]
* CoolDown Meowth: Ability1 [2] Ability2 [0]
Meowth attack with NORMAL_ATTACK | Meowth attack with NORMAL_ATTACK
	+Meowth HP: 37(Damage received: 0)
	+Meowth HP: 35(Damage received: 0)

=====================!!! Round 8 !!!=====================
* CoolDown Meowth: Ability1 [3] Ability2 [0]
* CoolDown Meowth: Ability1 [1] Ability2 [0]
Meowth attack with ABILITY2 | Meowth attack with ABILITY2
!! Meowth has dodged attack !!
!! Meowth has dodged attack !!
	+Meowth HP: 37(Damage received: 0)
	+Meowth HP: 35(Damage received: 0)

=====================!!! Round 9 !!!=====================
* CoolDown Meowth: Ability1 [2] Ability2 [3]
* CoolDown Meowth: Ability1 [0] Ability2 [3]
Meowth attack with NORMAL_ATTACK | Meowth attack with ABILITY1
!! Meowth has dodged attack !!
	+Meowth HP: 32(Damage received: 5)
	+Meowth HP: 35(Damage received: 0)

=====================!!! Round 10 !!!=====================
* CoolDown Meowth: Ability1 [1] Ability2 [2]
* CoolDown Meowth: Ability1 [4] Ability2 [2]
Meowth attack with NORMAL_ATTACK | Meowth attack with NORMAL_ATTACK
	+Meowth HP: 32(Damage received: 0)
	+Meowth HP: 35(Damage received: 0)

=====================!!! Round 11 !!!=====================
* CoolDown Meowth: Ability1 [0] Ability2 [1]
* CoolDown Meowth: Ability1 [3] Ability2 [1]
Meowth attack with ABILITY1 | Meowth attack with NORMAL_ATTACK
!! Meowth has dodged attack !!
	+Meowth HP: 32(Damage received: 0)
	+Meowth HP: 30(Damage received: 5)

=====================!!! Round 12 !!!=====================
* CoolDown Meowth: Ability1 [4] Ability2 [0]
* CoolDown Meowth: Ability1 [2] Ability2 [0]
Meowth attack with NORMAL_ATTACK | Meowth attack with ABILITY2
!! Meowth has dodged attack !!
	+Meowth HP: 31(Damage received: 1)
	+Meowth HP: 30(Damage received: 0)

=====================!!! Round 13 !!!=====================
* CoolDown Meowth: Ability1 [3] Ability2 [0]
* CoolDown Meowth: Ability1 [1] Ability2 [3]
Meowth attack with ABILITY2 | Meowth attack with NORMAL_ATTACK
!! Meowth has dodged attack !!
	+Meowth HP: 31(Damage received: 0)
	+Meowth HP: 29(Damage received: 1)

=====================!!! Round 14 !!!=====================
* CoolDown Meowth: Ability1 [2] Ability2 [3]
* CoolDown Meowth: Ability1 [0] Ability2 [2]
Meowth attack with NORMAL_ATTACK | Meowth attack with ABILITY1
!! Meowth has dodged attack !!
	+Meowth HP: 26(Damage received: 5)
	+Meowth HP: 29(Damage received: 0)

=====================!!! Round 15 !!!=====================
* CoolDown Meowth: Ability1 [1] Ability2 [2]
* CoolDown Meowth: Ability1 [4] Ability2 [1]
Meowth attack with NORMAL_ATTACK | Meowth attack with NORMAL_ATTACK
	+Meowth HP: 26(Damage received: 0)
	+Meowth HP: 29(Damage received: 0)

=====================!!! Round 16 !!!=====================
* CoolDown Meowth: Ability1 [0] Ability2 [1]
* CoolDown Meowth: Ability1 [3] Ability2 [0]
Meowth attack with ABILITY1 | Meowth attack with NORMAL_ATTACK
!! Meowth has dodged attack !!
	+Meowth HP: 26(Damage received: 0)
	+Meowth HP: 24(Damage received: 5)

=====================!!! Round 17 !!!=====================
* CoolDown Meowth: Ability1 [4] Ability2 [0]
* CoolDown Meowth: Ability1 [2] Ability2 [0]
Meowth attack with ABILITY2 | Meowth attack with ABILITY2
!! Meowth has dodged attack !!
!! Meowth has dodged attack !!
	+Meowth HP: 26(Damage received: 0)
	+Meowth HP: 24(Damage received: 0)

=====================!!! Round 18 !!!=====================
* CoolDown Meowth: Ability1 [3] Ability2 [3]
* CoolDown Meowth: Ability1 [1] Ability2 [3]
Meowth attack with NORMAL_ATTACK | Meowth attack with NORMAL_ATTACK
	+Meowth HP: 26(Damage received: 0)
	+Meowth HP: 24(Damage received: 0)

=====================!!! Round 19 !!!=====================
* CoolDown Meowth: Ability1 [2] Ability2 [2]
* CoolDown Meowth: Ability1 [0] Ability2 [2]
Meowth attack with NORMAL_ATTACK | Meowth attack with ABILITY1
!! Meowth has dodged attack !!
	+Meowth HP: 21(Damage received: 5)
	+Meowth HP: 24(Damage received: 0)

=====================!!! Round 20 !!!=====================
* CoolDown Meowth: Ability1 [1] Ability2 [1]
* CoolDown Meowth: Ability1 [4] Ability2 [1]
Meowth attack with NORMAL_ATTACK | Meowth attack with NORMAL_ATTACK
	+Meowth HP: 21(Damage received: 0)
	+Meowth HP: 24(Damage received: 0)

=====================!!! Round 21 !!!=====================
* CoolDown Meowth: Ability1 [0] Ability2 [0]
* CoolDown Meowth: Ability1 [3] Ability2 [0]
Meowth attack with ABILITY1 | Meowth attack with NORMAL_ATTACK
!! Meowth has dodged attack !!
	+Meowth HP: 21(Damage received: 0)
	+Meowth HP: 19(Damage received: 5)

=====================!!! Round 22 !!!=====================
* CoolDown Meowth: Ability1 [4] Ability2 [0]
* CoolDown Meowth: Ability1 [2] Ability2 [0]
Meowth attack with ABILITY2 | Meowth attack with ABILITY2
!! Meowth has dodged attack !!
!! Meowth has dodged attack !!
	+Meowth HP: 21(Damage received: 0)
	+Meowth HP: 19(Damage received: 0)

=====================!!! Round 23 !!!=====================
* CoolDown Meowth: Ability1 [3] Ability2 [3]
* CoolDown Meowth: Ability1 [1] Ability2 [3]
Meowth attack with NORMAL_ATTACK | Meowth attack with NORMAL_ATTACK
	+Meowth HP: 21(Damage received: 0)
	+Meowth HP: 19(Damage received: 0)

=====================!!! Round 24 !!!=====================
* CoolDown Meowth: Ability1 [2] Ability2 [2]
* CoolDown Meowth: Ability1 [0] Ability2 [2]
Meowth attack with NORMAL_ATTACK | Meowth attack with ABILITY1
!! Meowth has dodged attack !!
	+Meowth HP: 16(Damage received: 5)
	+Meowth HP: 19(Damage received: 0)

=====================!!! Round 25 !!!=====================
* CoolDown Meowth: Ability1 [1] Ability2 [1]
* CoolDown Meowth: Ability1 [4] Ability2 [1]
Meowth attack with NORMAL_ATTACK | Meowth attack with NORMAL_ATTACK
	+Meowth HP: 16(Damage received: 0)
	+Meowth HP: 19(Damage received: 0)

=====================!!! Round 26 !!!=====================
* CoolDown Meowth: Ability1 [0] Ability2 [0]
* CoolDown Meowth: Ability1 [3] Ability2 [0]
Meowth attack with NORMAL_ATTACK | Meowth attack with ABILITY2
!! Meowth has dodged attack !!
	+Meowth HP: 15(Damage received: 1)
	+Meowth HP: 19(Damage received: 0)

=====================!!! Round 27 !!!=====================
* CoolDown Meowth: Ability1 [0] Ability2 [0]
* CoolDown Meowth: Ability1 [2] Ability2 [3]
Meowth attack with ABILITY2 | Meowth attack with NORMAL_ATTACK
!! Meowth has dodged attack !!
	+Meowth HP: 15(Damage received: 0)
	+Meowth HP: 18(Damage received: 1)

=====================!!! Round 28 !!!=====================
* CoolDown Meowth: Ability1 [0] Ability2 [3]
* CoolDown Meowth: Ability1 [1] Ability2 [2]
Meowth attack with ABILITY1 | Meowth attack with NORMAL_ATTACK
!! Meowth has dodged attack !!
	+Meowth HP: 15(Damage received: 0)
	+Meowth HP: 13(Damage received: 5)

=====================!!! Round 29 !!!=====================
* CoolDown Meowth: Ability1 [4] Ability2 [2]
* CoolDown Meowth: Ability1 [0] Ability2 [1]
Meowth attack with NORMAL_ATTACK | Meowth attack with ABILITY1
!! Meowth has dodged attack !!
	+Meowth HP: 10(Damage received: 5)
	+Meowth HP: 13(Damage received: 0)

=====================!!! Round 30 !!!=====================
* CoolDown Meowth: Ability1 [3] Ability2 [1]
* CoolDown Meowth: Ability1 [4] Ability2 [0]
Meowth attack with NORMAL_ATTACK | Meowth attack with NORMAL_ATTACK
	+Meowth HP: 10(Damage received: 0)
	+Meowth HP: 13(Damage received: 0)

=====================!!! Round 31 !!!=====================
* CoolDown Meowth: Ability1 [2] Ability2 [0]
* CoolDown Meowth: Ability1 [3] Ability2 [0]
Meowth attack with NORMAL_ATTACK | Meowth attack with ABILITY2
!! Meowth has dodged attack !!
	+Meowth HP: 9(Damage received: 1)
	+Meowth HP: 13(Damage received: 0)

=====================!!! Round 32 !!!=====================
* CoolDown Meowth: Ability1 [1] Ability2 [0]
* CoolDown Meowth: Ability1 [2] Ability2 [3]
Meowth attack with ABILITY2 | Meowth attack with NORMAL_ATTACK
!! Meowth has dodged attack !!
	+Meowth HP: 9(Damage received: 0)
	+Meowth HP: 12(Damage received: 1)

=====================!!! Round 33 !!!=====================
* CoolDown Meowth: Ability1 [0] Ability2 [3]
* CoolDown Meowth: Ability1 [1] Ability2 [2]
Meowth attack with ABILITY1 | Meowth attack with NORMAL_ATTACK
!! Meowth has dodged attack !!
	+Meowth HP: 9(Damage received: 0)
	+Meowth HP: 7(Damage received: 5)

=====================!!! Round 34 !!!=====================
* CoolDown Meowth: Ability1 [4] Ability2 [2]
* CoolDown Meowth: Ability1 [0] Ability2 [1]
Meowth attack with NORMAL_ATTACK | Meowth attack with ABILITY1
!! Meowth has dodged attack !!
	+Meowth HP: 4(Damage received: 5)
	+Meowth HP: 7(Damage received: 0)

=====================!!! Round 35 !!!=====================
* CoolDown Meowth: Ability1 [3] Ability2 [1]
* CoolDown Meowth: Ability1 [4] Ability2 [0]
Meowth attack with NORMAL_ATTACK | Meowth attack with ABILITY2
!! Meowth has dodged attack !!
	+Meowth HP: 3(Damage received: 1)
	+Meowth HP: 7(Damage received: 0)

=====================!!! Round 36 !!!=====================
* CoolDown Meowth: Ability1 [2] Ability2 [0]
* CoolDown Meowth: Ability1 [3] Ability2 [3]
Meowth attack with ABILITY2 | Meowth attack with NORMAL_ATTACK
!! Meowth has dodged attack !!
	+Meowth HP: 3(Damage received: 0)
	+Meowth HP: 6(Damage received: 1)

=====================!!! Round 37 !!!=====================
* CoolDown Meowth: Ability1 [1] Ability2 [3]
* CoolDown Meowth: Ability1 [2] Ability2 [2]
Meowth attack with NORMAL_ATTACK | Meowth attack with NORMAL_ATTACK
	+Meowth HP: 3(Damage received: 0)
	+Meowth HP: 6(Damage received: 0)

=====================!!! Round 38 !!!=====================
* CoolDown Meowth: Ability1 [0] Ability2 [2]
* CoolDown Meowth: Ability1 [1] Ability2 [1]
Meowth attack with ABILITY1 | Meowth attack with NORMAL_ATTACK
!! Meowth has dodged attack !!
	+Meowth HP: 3(Damage received: 0)
	+Meowth HP: 1(Damage received: 5)

=====================!!! Round 39 !!!=====================
* CoolDown Meowth: Ability1 [4] Ability2 [1]
* CoolDown Meowth: Ability1 [0] Ability2 [0]
Meowth attack with NORMAL_ATTACK | Meowth attack with NORMAL_ATTACK
	+Meowth HP: 3(Damage received: 0)
	+Meowth HP: 1(Damage received: 0)

=====================!!! Round 40 !!!=====================
* CoolDown Meowth: Ability1 [3] Ability2 [0]
* CoolDown Meowth: Ability1 [0] Ability2 [0]
Meowth attack with NORMAL_ATTACK | Meowth attack with ABILITY1
!! Meowth has dodged attack !!
	+Meowth HP: -2(Damage received: 5)
	+Meowth HP: 1(Damage received: 0)

		+++ Result: Win Meowth +++

Psyduck challenged Neutrel1
Psyduck have: []
Neutrel1 have: null
Psyduck HP: 43 Normal Attack: 3 Special Attack: null Defence: 3 Special Defence: null Ability{damage=2, stun=false, dodge=false, coolDown=4} Ability{damage=2, stun=true, dodge=false, coolDown=5}
Neutrel1 HP: 10 Normal Attack: 3 Special Attack: null Defence: 1 Special Defence: null null null

=====================!!! Round 1 !!!=====================
* CoolDown Psyduck: Ability1 [0] Ability2 [0]
* CoolDown Neutrel1: Ability1 [0] Ability2 [0]
Psyduck attack with ABILITY2 | Neutrel1 attack with NORMAL_ATTACK
	+Psyduck HP: 43(Damage received: 0)
	+Neutrel1 HP: 8(Damage received: 2)

=====================!!! Round 2 !!!=====================
* CoolDown Psyduck: Ability1 [0] Ability2 [5]
* CoolDown Neutrel1: Ability1 [0] Ability2 [0]
Psyduck attack with NORMAL_ATTACK | Neutrel1 is stunned
	+Psyduck HP: 43(Damage received: 0)
	+Neutrel1 HP: 6(Damage received: 2)

=====================!!! Round 3 !!!=====================
* CoolDown Psyduck: Ability1 [0] Ability2 [4]
* CoolDown Neutrel1: Ability1 [0] Ability2 [0]
Psyduck attack with NORMAL_ATTACK | Neutrel1 attack with NORMAL_ATTACK
	+Psyduck HP: 43(Damage received: 0)
	+Neutrel1 HP: 4(Damage received: 2)

=====================!!! Round 4 !!!=====================
* CoolDown Psyduck: Ability1 [0] Ability2 [3]
* CoolDown Neutrel1: Ability1 [0] Ability2 [0]
Psyduck attack with NORMAL_ATTACK | Neutrel1 attack with NORMAL_ATTACK
	+Psyduck HP: 43(Damage received: 0)
	+Neutrel1 HP: 2(Damage received: 2)

=====================!!! Round 5 !!!=====================
* CoolDown Psyduck: Ability1 [0] Ability2 [2]
* CoolDown Neutrel1: Ability1 [0] Ability2 [0]
Psyduck attack with ABILITY1 | Neutrel1 attack with NORMAL_ATTACK
	+Psyduck HP: 43(Damage received: 0)
	+Neutrel1 HP: 0(Damage received: 2)

		+++ Result: Win Psyduck +++

Meowth challenged Neutrel1
Meowth have: []
Neutrel1 have: null
Meowth HP: 42 Normal Attack: 4 Special Attack: null Defence: 5 Special Defence: null Ability{damage=5, stun=false, dodge=true, coolDown=4} Ability{damage=1, stun=false, dodge=true, coolDown=3}
Neutrel1 HP: 10 Normal Attack: 3 Special Attack: null Defence: 1 Special Defence: null null null

=====================!!! Round 1 !!!=====================
* CoolDown Meowth: Ability1 [0] Ability2 [0]
* CoolDown Neutrel1: Ability1 [0] Ability2 [0]
Meowth attack with ABILITY2 | Neutrel1 attack with NORMAL_ATTACK
!! Meowth has dodged attack !!
	+Meowth HP: 42(Damage received: 0)
	+Neutrel1 HP: 9(Damage received: 1)

=====================!!! Round 2 !!!=====================
* CoolDown Meowth: Ability1 [0] Ability2 [3]
* CoolDown Neutrel1: Ability1 [0] Ability2 [0]
Meowth attack with ABILITY1 | Neutrel1 attack with NORMAL_ATTACK
!! Meowth has dodged attack !!
	+Meowth HP: 42(Damage received: 0)
	+Neutrel1 HP: 4(Damage received: 5)

=====================!!! Round 3 !!!=====================
* CoolDown Meowth: Ability1 [4] Ability2 [2]
* CoolDown Neutrel1: Ability1 [0] Ability2 [0]
Meowth attack with NORMAL_ATTACK | Neutrel1 attack with NORMAL_ATTACK
	+Meowth HP: 42(Damage received: 0)
	+Neutrel1 HP: 1(Damage received: 3)

=====================!!! Round 4 !!!=====================
* CoolDown Meowth: Ability1 [3] Ability2 [1]
* CoolDown Neutrel1: Ability1 [0] Ability2 [0]
Meowth attack with NORMAL_ATTACK | Neutrel1 attack with NORMAL_ATTACK
	+Meowth HP: 42(Damage received: 0)
	+Neutrel1 HP: -2(Damage received: 3)

		+++ Result: Win Meowth +++

Pikachu challenged Neutrel1
Pikachu have: []
Neutrel1 have: null
Pikachu HP: 35 Normal Attack: null Special Attack: 4 Defence: 2 Special Defence: 4 Ability{damage=6, stun=false, dodge=false, coolDown=4} Ability{damage=4, stun=true, dodge=true, coolDown=5}
Neutrel1 HP: 10 Normal Attack: 3 Special Attack: null Defence: 1 Special Defence: null null null

=====================!!! Round 1 !!!=====================
* CoolDown Pikachu: Ability1 [0] Ability2 [0]
* CoolDown Neutrel1: Ability1 [0] Ability2 [0]
Pikachu attack with ABILITY2 | Neutrel1 attack with NORMAL_ATTACK
!! Pikachu has dodged attack !!
	+Pikachu HP: 35(Damage received: 0)
	+Neutrel1 HP: 6(Damage received: 4)

=====================!!! Round 2 !!!=====================
* CoolDown Pikachu: Ability1 [0] Ability2 [5]
* CoolDown Neutrel1: Ability1 [0] Ability2 [0]
Pikachu attack with ABILITY1 | Neutrel1 is stunned
	+Pikachu HP: 35(Damage received: 0)
	+Neutrel1 HP: 0(Damage received: 6)

		+++ Result: Win Pikachu +++

Snorlax challenged Neutrel1
Snorlax have: []
Neutrel1 have: null
Snorlax HP: 63 Normal Attack: 4 Special Attack: null Defence: 7 Special Defence: null Ability{damage=4, stun=true, dodge=false, coolDown=5} Ability{damage=0, stun=false, dodge=true, coolDown=5}
Neutrel1 HP: 10 Normal Attack: 3 Special Attack: null Defence: 1 Special Defence: null null null

=====================!!! Round 1 !!!=====================
* CoolDown Snorlax: Ability1 [0] Ability2 [0]
* CoolDown Neutrel1: Ability1 [0] Ability2 [0]
Snorlax attack with ABILITY1 | Neutrel1 attack with NORMAL_ATTACK
	+Snorlax HP: 63(Damage received: 0)
	+Neutrel1 HP: 6(Damage received: 4)

=====================!!! Round 2 !!!=====================
* CoolDown Snorlax: Ability1 [5] Ability2 [0]
* CoolDown Neutrel1: Ability1 [0] Ability2 [0]
Snorlax attack with NORMAL_ATTACK | Neutrel1 is stunned
	+Snorlax HP: 63(Damage received: 0)
	+Neutrel1 HP: 3(Damage received: 3)

=====================!!! Round 3 !!!=====================
* CoolDown Snorlax: Ability1 [4] Ability2 [0]
* CoolDown Neutrel1: Ability1 [0] Ability2 [0]
Snorlax attack with ABILITY2 | Neutrel1 attack with NORMAL_ATTACK
!! Snorlax has dodged attack !!
	+Snorlax HP: 63(Damage received: 0)
	+Neutrel1 HP: 3(Damage received: 0)

=====================!!! Round 4 !!!=====================
* CoolDown Snorlax: Ability1 [3] Ability2 [5]
* CoolDown Neutrel1: Ability1 [0] Ability2 [0]
Snorlax attack with NORMAL_ATTACK | Neutrel1 attack with NORMAL_ATTACK
	+Snorlax HP: 63(Damage received: 0)
	+Neutrel1 HP: 0(Damage received: 3)

		+++ Result: Win Snorlax +++

Meowth challenged Neutrel2
Meowth have: []
Neutrel2 have: null
Meowth HP: 42 Normal Attack: 4 Special Attack: null Defence: 5 Special Defence: null Ability{damage=5, stun=false, dodge=true, coolDown=4} Ability{damage=1, stun=false, dodge=true, coolDown=3}
Neutrel2 HP: 20 Normal Attack: 4 Special Attack: null Defence: 1 Special Defence: null null null

=====================!!! Round 1 !!!=====================
* CoolDown Meowth: Ability1 [0] Ability2 [0]
* CoolDown Neutrel2: Ability1 [0] Ability2 [0]
Meowth attack with ABILITY1 | Neutrel2 attack with NORMAL_ATTACK
!! Meowth has dodged attack !!
	+Meowth HP: 42(Damage received: 0)
	+Neutrel2 HP: 15(Damage received: 5)

=====================!!! Round 2 !!!=====================
* CoolDown Meowth: Ability1 [4] Ability2 [0]
* CoolDown Neutrel2: Ability1 [0] Ability2 [0]
Meowth attack with ABILITY2 | Neutrel2 attack with NORMAL_ATTACK
!! Meowth has dodged attack !!
	+Meowth HP: 42(Damage received: 0)
	+Neutrel2 HP: 14(Damage received: 1)

=====================!!! Round 3 !!!=====================
* CoolDown Meowth: Ability1 [3] Ability2 [3]
* CoolDown Neutrel2: Ability1 [0] Ability2 [0]
Meowth attack with NORMAL_ATTACK | Neutrel2 attack with NORMAL_ATTACK
	+Meowth HP: 42(Damage received: 0)
	+Neutrel2 HP: 11(Damage received: 3)

=====================!!! Round 4 !!!=====================
* CoolDown Meowth: Ability1 [2] Ability2 [2]
* CoolDown Neutrel2: Ability1 [0] Ability2 [0]
Meowth attack with NORMAL_ATTACK | Neutrel2 attack with NORMAL_ATTACK
	+Meowth HP: 42(Damage received: 0)
	+Neutrel2 HP: 8(Damage received: 3)

=====================!!! Round 5 !!!=====================
* CoolDown Meowth: Ability1 [1] Ability2 [1]
* CoolDown Neutrel2: Ability1 [0] Ability2 [0]
Meowth attack with NORMAL_ATTACK | Neutrel2 attack with NORMAL_ATTACK
	+Meowth HP: 42(Damage received: 0)
	+Neutrel2 HP: 5(Damage received: 3)

=====================!!! Round 6 !!!=====================
* CoolDown Meowth: Ability1 [0] Ability2 [0]
* CoolDown Neutrel2: Ability1 [0] Ability2 [0]
Meowth attack with ABILITY1 | Neutrel2 attack with NORMAL_ATTACK
!! Meowth has dodged attack !!
	+Meowth HP: 42(Damage received: 0)
	+Neutrel2 HP: 0(Damage received: 5)

		+++ Result: Win Meowth +++

Eevee challenged Neutrel2
Eevee have: []
Neutrel2 have: null
Eevee HP: 40 Normal Attack: null Special Attack: 5 Defence: 4 Special Defence: 5 Ability{damage=5, stun=false, dodge=false, coolDown=3} Ability{damage=3, stun=true, dodge=false, coolDown=3}
Neutrel2 HP: 20 Normal Attack: 4 Special Attack: null Defence: 1 Special Defence: null null null

=====================!!! Round 1 !!!=====================
* CoolDown Eevee: Ability1 [0] Ability2 [0]
* CoolDown Neutrel2: Ability1 [0] Ability2 [0]
Eevee attack with ABILITY2 | Neutrel2 attack with NORMAL_ATTACK
	+Eevee HP: 40(Damage received: 0)
	+Neutrel2 HP: 17(Damage received: 3)

=====================!!! Round 2 !!!=====================
* CoolDown Eevee: Ability1 [0] Ability2 [3]
* CoolDown Neutrel2: Ability1 [0] Ability2 [0]
Eevee attack with SPECIAL_ATTACK | Neutrel2 is stunned
	+Eevee HP: 40(Damage received: 0)
	+Neutrel2 HP: 13(Damage received: 4)

=====================!!! Round 3 !!!=====================
* CoolDown Eevee: Ability1 [0] Ability2 [2]
* CoolDown Neutrel2: Ability1 [0] Ability2 [0]
Eevee attack with ABILITY1 | Neutrel2 attack with NORMAL_ATTACK
	+Eevee HP: 40(Damage received: 0)
	+Neutrel2 HP: 8(Damage received: 5)

=====================!!! Round 4 !!!=====================
* CoolDown Eevee: Ability1 [3] Ability2 [1]
* CoolDown Neutrel2: Ability1 [0] Ability2 [0]
Eevee attack with SPECIAL_ATTACK | Neutrel2 attack with NORMAL_ATTACK
	+Eevee HP: 40(Damage received: 0)
	+Neutrel2 HP: 4(Damage received: 4)

=====================!!! Round 5 !!!=====================
* CoolDown Eevee: Ability1 [2] Ability2 [0]
* CoolDown Neutrel2: Ability1 [0] Ability2 [0]
Eevee attack with SPECIAL_ATTACK | Neutrel2 attack with NORMAL_ATTACK
	+Eevee HP: 40(Damage received: 0)
	+Neutrel2 HP: 0(Damage received: 4)

		+++ Result: Win Eevee +++

Meowth challenged Eevee
Meowth have: []
Eevee have: []
Meowth HP: 43 Normal Attack: 5 Special Attack: null Defence: 6 Special Defence: null Ability{damage=5, stun=false, dodge=true, coolDown=4} Ability{damage=1, stun=false, dodge=true, coolDown=3}
Eevee HP: 41 Normal Attack: null Special Attack: 6 Defence: 5 Special Defence: 6 Ability{damage=5, stun=false, dodge=false, coolDown=3} Ability{damage=3, stun=true, dodge=false, coolDown=3}

=====================!!! Round 1 !!!=====================
* CoolDown Meowth: Ability1 [0] Ability2 [0]
* CoolDown Eevee: Ability1 [0] Ability2 [0]
Meowth attack with ABILITY2 | Eevee attack with ABILITY1
!! Meowth has dodged attack !!
	+Meowth HP: 43(Damage received: 0)
	+Eevee HP: 40(Damage received: 1)

=====================!!! Round 2 !!!=====================
* CoolDown Meowth: Ability1 [0] Ability2 [3]
* CoolDown Eevee: Ability1 [3] Ability2 [0]
Meowth attack with NORMAL_ATTACK | Eevee attack with ABILITY2
	+Meowth HP: 40(Damage received: 3)
	+Eevee HP: 40(Damage received: 0)

=====================!!! Round 3 !!!=====================
* CoolDown Meowth: Ability1 [0] Ability2 [2]
* CoolDown Eevee: Ability1 [2] Ability2 [3]
Meowth is stunned | Eevee attack with SPECIAL_ATTACK
	+Meowth HP: 38(Damage received: 2)
	+Eevee HP: 40(Damage received: 0)

=====================!!! Round 4 !!!=====================
* CoolDown Meowth: Ability1 [0] Ability2 [1]
* CoolDown Eevee: Ability1 [1] Ability2 [2]
Meowth attack with ABILITY1 | Eevee attack with SPECIAL_ATTACK
!! Meowth has dodged attack !!
	+Meowth HP: 38(Damage received: 0)
	+Eevee HP: 35(Damage received: 5)

=====================!!! Round 5 !!!=====================
* CoolDown Meowth: Ability1 [4] Ability2 [0]
* CoolDown Eevee: Ability1 [0] Ability2 [1]
Meowth attack with ABILITY2 | Eevee attack with SPECIAL_ATTACK
!! Meowth has dodged attack !!
	+Meowth HP: 38(Damage received: 0)
	+Eevee HP: 34(Damage received: 1)

=====================!!! Round 6 !!!=====================
* CoolDown Meowth: Ability1 [3] Ability2 [3]
* CoolDown Eevee: Ability1 [0] Ability2 [0]
Meowth attack with NORMAL_ATTACK | Eevee attack with SPECIAL_ATTACK
	+Meowth HP: 36(Damage received: 2)
	+Eevee HP: 34(Damage received: 0)

=====================!!! Round 7 !!!=====================
* CoolDown Meowth: Ability1 [2] Ability2 [2]
* CoolDown Eevee: Ability1 [0] Ability2 [0]
Meowth attack with NORMAL_ATTACK | Eevee attack with ABILITY1
	+Meowth HP: 31(Damage received: 5)
	+Eevee HP: 34(Damage received: 0)

=====================!!! Round 8 !!!=====================
* CoolDown Meowth: Ability1 [1] Ability2 [1]
* CoolDown Eevee: Ability1 [3] Ability2 [0]
Meowth attack with NORMAL_ATTACK | Eevee attack with SPECIAL_ATTACK
	+Meowth HP: 29(Damage received: 2)
	+Eevee HP: 34(Damage received: 0)

=====================!!! Round 9 !!!=====================
* CoolDown Meowth: Ability1 [0] Ability2 [0]
* CoolDown Eevee: Ability1 [2] Ability2 [0]
Meowth attack with NORMAL_ATTACK | Eevee attack with SPECIAL_ATTACK
	+Meowth HP: 27(Damage received: 2)
	+Eevee HP: 34(Damage received: 0)

=====================!!! Round 10 !!!=====================
* CoolDown Meowth: Ability1 [0] Ability2 [0]
* CoolDown Eevee: Ability1 [1] Ability2 [0]
Meowth attack with ABILITY2 | Eevee attack with SPECIAL_ATTACK
!! Meowth has dodged attack !!
	+Meowth HP: 27(Damage received: 0)
	+Eevee HP: 33(Damage received: 1)

=====================!!! Round 11 !!!=====================
* CoolDown Meowth: Ability1 [0] Ability2 [3]
* CoolDown Eevee: Ability1 [0] Ability2 [0]
Meowth attack with NORMAL_ATTACK | Eevee attack with SPECIAL_ATTACK
	+Meowth HP: 25(Damage received: 2)
	+Eevee HP: 33(Damage received: 0)

=====================!!! Round 12 !!!=====================
* CoolDown Meowth: Ability1 [0] Ability2 [2]
* CoolDown Eevee: Ability1 [0] Ability2 [0]
Meowth attack with ABILITY1 | Eevee attack with ABILITY2
!! Meowth has dodged attack !!
	+Meowth HP: 25(Damage received: 0)
	+Eevee HP: 28(Damage received: 5)

=====================!!! Round 13 !!!=====================
* CoolDown Meowth: Ability1 [4] Ability2 [1]
* CoolDown Eevee: Ability1 [0] Ability2 [3]
Meowth is stunned | Eevee attack with SPECIAL_ATTACK
	+Meowth HP: 23(Damage received: 2)
	+Eevee HP: 28(Damage received: 0)

=====================!!! Round 14 !!!=====================
* CoolDown Meowth: Ability1 [3] Ability2 [0]
* CoolDown Eevee: Ability1 [0] Ability2 [2]
Meowth attack with ABILITY2 | Eevee attack with SPECIAL_ATTACK
!! Meowth has dodged attack !!
	+Meowth HP: 23(Damage received: 0)
	+Eevee HP: 27(Damage received: 1)

=====================!!! Round 15 !!!=====================
* CoolDown Meowth: Ability1 [2] Ability2 [3]
* CoolDown Eevee: Ability1 [0] Ability2 [1]
Meowth attack with NORMAL_ATTACK | Eevee attack with ABILITY1
	+Meowth HP: 18(Damage received: 5)
	+Eevee HP: 27(Damage received: 0)

=====================!!! Round 16 !!!=====================
* CoolDown Meowth: Ability1 [1] Ability2 [2]
* CoolDown Eevee: Ability1 [3] Ability2 [0]
Meowth attack with NORMAL_ATTACK | Eevee attack with ABILITY2
	+Meowth HP: 15(Damage received: 3)
	+Eevee HP: 27(Damage received: 0)

=====================!!! Round 17 !!!=====================
* CoolDown Meowth: Ability1 [0] Ability2 [1]
* CoolDown Eevee: Ability1 [2] Ability2 [3]
Meowth is stunned | Eevee attack with SPECIAL_ATTACK
	+Meowth HP: 13(Damage received: 2)
	+Eevee HP: 27(Damage received: 0)

=====================!!! Round 18 !!!=====================
* CoolDown Meowth: Ability1 [0] Ability2 [0]
* CoolDown Eevee: Ability1 [1] Ability2 [2]
Meowth attack with NORMAL_ATTACK | Eevee attack with SPECIAL_ATTACK
	+Meowth HP: 11(Damage received: 2)
	+Eevee HP: 27(Damage received: 0)

=====================!!! Round 19 !!!=====================
* CoolDown Meowth: Ability1 [0] Ability2 [0]
* CoolDown Eevee: Ability1 [0] Ability2 [1]
Meowth attack with ABILITY2 | Eevee attack with SPECIAL_ATTACK
!! Meowth has dodged attack !!
	+Meowth HP: 11(Damage received: 0)
	+Eevee HP: 26(Damage received: 1)

=====================!!! Round 20 !!!=====================
* CoolDown Meowth: Ability1 [0] Ability2 [3]
* CoolDown Eevee: Ability1 [0] Ability2 [0]
Meowth attack with ABILITY1 | Eevee attack with ABILITY2
!! Meowth has dodged attack !!
	+Meowth HP: 11(Damage received: 0)
	+Eevee HP: 21(Damage received: 5)

=====================!!! Round 21 !!!=====================
* CoolDown Meowth: Ability1 [4] Ability2 [2]
* CoolDown Eevee: Ability1 [0] Ability2 [3]
Meowth is stunned | Eevee attack with SPECIAL_ATTACK
	+Meowth HP: 9(Damage received: 2)
	+Eevee HP: 21(Damage received: 0)

=====================!!! Round 22 !!!=====================
* CoolDown Meowth: Ability1 [3] Ability2 [1]
* CoolDown Eevee: Ability1 [0] Ability2 [2]
Meowth attack with NORMAL_ATTACK | Eevee attack with ABILITY1
	+Meowth HP: 4(Damage received: 5)
	+Eevee HP: 21(Damage received: 0)

=====================!!! Round 23 !!!=====================
* CoolDown Meowth: Ability1 [2] Ability2 [0]
* CoolDown Eevee: Ability1 [3] Ability2 [1]
Meowth attack with NORMAL_ATTACK | Eevee attack with SPECIAL_ATTACK
	+Meowth HP: 2(Damage received: 2)
	+Eevee HP: 21(Damage received: 0)

=====================!!! Round 24 !!!=====================
* CoolDown Meowth: Ability1 [1] Ability2 [0]
* CoolDown Eevee: Ability1 [2] Ability2 [0]
Meowth attack with ABILITY2 | Eevee attack with SPECIAL_ATTACK
!! Meowth has dodged attack !!
	+Meowth HP: 2(Damage received: 0)
	+Eevee HP: 20(Damage received: 1)

=====================!!! Round 25 !!!=====================
* CoolDown Meowth: Ability1 [0] Ability2 [3]
* CoolDown Eevee: Ability1 [1] Ability2 [0]
Meowth attack with ABILITY1 | Eevee attack with ABILITY2
!! Meowth has dodged attack !!
	+Meowth HP: 2(Damage received: 0)
	+Eevee HP: 15(Damage received: 5)

=====================!!! Round 26 !!!=====================
* CoolDown Meowth: Ability1 [4] Ability2 [2]
* CoolDown Eevee: Ability1 [0] Ability2 [3]
Meowth is stunned | Eevee attack with ABILITY1
	+Meowth HP: -3(Damage received: 5)
	+Eevee HP: 15(Damage received: 0)

		+++ Result: Win Eevee +++

Pikachu challenged Snorlax
Pikachu have: []
Snorlax have: []
Pikachu HP: 36 Normal Attack: null Special Attack: 5 Defence: 3 Special Defence: 5 Ability{damage=6, stun=false, dodge=false, coolDown=4} Ability{damage=4, stun=true, dodge=true, coolDown=5}
Snorlax HP: 64 Normal Attack: 5 Special Attack: null Defence: 8 Special Defence: null Ability{damage=4, stun=true, dodge=false, coolDown=5} Ability{damage=0, stun=false, dodge=true, coolDown=5}

=====================!!! Round 1 !!!=====================
* CoolDown Pikachu: Ability1 [0] Ability2 [0]
* CoolDown Snorlax: Ability1 [0] Ability2 [0]
Pikachu attack with ABILITY1 | Snorlax attack with ABILITY1
	+Pikachu HP: 32(Damage received: 4)
	+Snorlax HP: 58(Damage received: 6)

=====================!!! Round 2 !!!=====================
* CoolDown Pikachu: Ability1 [4] Ability2 [0]
* CoolDown Snorlax: Ability1 [5] Ability2 [0]
Pikachu is stunned | Snorlax attack with ABILITY2
!! Snorlax has dodged attack !!
	+Pikachu HP: 32(Damage received: 0)
	+Snorlax HP: 58(Damage received: 0)

=====================!!! Round 3 !!!=====================
* CoolDown Pikachu: Ability1 [3] Ability2 [0]
* CoolDown Snorlax: Ability1 [4] Ability2 [5]
Pikachu attack with ABILITY2 | Snorlax attack with NORMAL_ATTACK
!! Pikachu has dodged attack !!
	+Pikachu HP: 32(Damage received: 0)
	+Snorlax HP: 54(Damage received: 4)

=====================!!! Round 4 !!!=====================
* CoolDown Pikachu: Ability1 [2] Ability2 [5]
* CoolDown Snorlax: Ability1 [3] Ability2 [4]
Pikachu attack with SPECIAL_ATTACK | Snorlax is stunned
	+Pikachu HP: 32(Damage received: 0)
	+Snorlax HP: 54(Damage received: 0)

=====================!!! Round 5 !!!=====================
* CoolDown Pikachu: Ability1 [1] Ability2 [4]
* CoolDown Snorlax: Ability1 [2] Ability2 [3]
Pikachu attack with SPECIAL_ATTACK | Snorlax attack with NORMAL_ATTACK
	+Pikachu HP: 30(Damage received: 2)
	+Snorlax HP: 54(Damage received: 0)

=====================!!! Round 6 !!!=====================
* CoolDown Pikachu: Ability1 [0] Ability2 [3]
* CoolDown Snorlax: Ability1 [1] Ability2 [2]
Pikachu attack with ABILITY1 | Snorlax attack with NORMAL_ATTACK
	+Pikachu HP: 28(Damage received: 2)
	+Snorlax HP: 48(Damage received: 6)

=====================!!! Round 7 !!!=====================
* CoolDown Pikachu: Ability1 [4] Ability2 [2]
* CoolDown Snorlax: Ability1 [0] Ability2 [1]
Pikachu attack with SPECIAL_ATTACK | Snorlax attack with ABILITY1
	+Pikachu HP: 24(Damage received: 4)
	+Snorlax HP: 48(Damage received: 0)

=====================!!! Round 8 !!!=====================
* CoolDown Pikachu: Ability1 [3] Ability2 [1]
* CoolDown Snorlax: Ability1 [5] Ability2 [0]
Pikachu is stunned | Snorlax attack with ABILITY2
!! Snorlax has dodged attack !!
	+Pikachu HP: 24(Damage received: 0)
	+Snorlax HP: 48(Damage received: 0)

=====================!!! Round 9 !!!=====================
* CoolDown Pikachu: Ability1 [2] Ability2 [0]
* CoolDown Snorlax: Ability1 [4] Ability2 [5]
Pikachu attack with ABILITY2 | Snorlax attack with NORMAL_ATTACK
!! Pikachu has dodged attack !!
	+Pikachu HP: 24(Damage received: 0)
	+Snorlax HP: 44(Damage received: 4)

=====================!!! Round 10 !!!=====================
* CoolDown Pikachu: Ability1 [1] Ability2 [5]
* CoolDown Snorlax: Ability1 [3] Ability2 [4]
Pikachu attack with SPECIAL_ATTACK | Snorlax is stunned
	+Pikachu HP: 24(Damage received: 0)
	+Snorlax HP: 44(Damage received: 0)

=====================!!! Round 11 !!!=====================
* CoolDown Pikachu: Ability1 [0] Ability2 [4]
* CoolDown Snorlax: Ability1 [2] Ability2 [3]
Pikachu attack with SPECIAL_ATTACK | Snorlax attack with NORMAL_ATTACK
	+Pikachu HP: 22(Damage received: 2)
	+Snorlax HP: 44(Damage received: 0)

=====================!!! Round 12 !!!=====================
* CoolDown Pikachu: Ability1 [0] Ability2 [3]
* CoolDown Snorlax: Ability1 [1] Ability2 [2]
Pikachu attack with ABILITY1 | Snorlax attack with NORMAL_ATTACK
	+Pikachu HP: 20(Damage received: 2)
	+Snorlax HP: 38(Damage received: 6)

=====================!!! Round 13 !!!=====================
* CoolDown Pikachu: Ability1 [4] Ability2 [2]
* CoolDown Snorlax: Ability1 [0] Ability2 [1]
Pikachu attack with SPECIAL_ATTACK | Snorlax attack with ABILITY1
	+Pikachu HP: 16(Damage received: 4)
	+Snorlax HP: 38(Damage received: 0)

=====================!!! Round 14 !!!=====================
* CoolDown Pikachu: Ability1 [3] Ability2 [1]
* CoolDown Snorlax: Ability1 [5] Ability2 [0]
Pikachu is stunned | Snorlax attack with ABILITY2
!! Snorlax has dodged attack !!
	+Pikachu HP: 16(Damage received: 0)
	+Snorlax HP: 38(Damage received: 0)

=====================!!! Round 15 !!!=====================
* CoolDown Pikachu: Ability1 [2] Ability2 [0]
* CoolDown Snorlax: Ability1 [4] Ability2 [5]
Pikachu attack with SPECIAL_ATTACK | Snorlax attack with NORMAL_ATTACK
	+Pikachu HP: 14(Damage received: 2)
	+Snorlax HP: 38(Damage received: 0)

=====================!!! Round 16 !!!=====================
* CoolDown Pikachu: Ability1 [1] Ability2 [0]
* CoolDown Snorlax: Ability1 [3] Ability2 [4]
Pikachu attack with ABILITY2 | Snorlax attack with NORMAL_ATTACK
!! Pikachu has dodged attack !!
	+Pikachu HP: 14(Damage received: 0)
	+Snorlax HP: 34(Damage received: 4)

=====================!!! Round 17 !!!=====================
* CoolDown Pikachu: Ability1 [0] Ability2 [5]
* CoolDown Snorlax: Ability1 [2] Ability2 [3]
Pikachu attack with SPECIAL_ATTACK | Snorlax is stunned
	+Pikachu HP: 14(Damage received: 0)
	+Snorlax HP: 34(Damage received: 0)

=====================!!! Round 18 !!!=====================
* CoolDown Pikachu: Ability1 [0] Ability2 [4]
* CoolDown Snorlax: Ability1 [1] Ability2 [2]
Pikachu attack with SPECIAL_ATTACK | Snorlax attack with NORMAL_ATTACK
	+Pikachu HP: 12(Damage received: 2)
	+Snorlax HP: 34(Damage received: 0)

=====================!!! Round 19 !!!=====================
* CoolDown Pikachu: Ability1 [0] Ability2 [3]
* CoolDown Snorlax: Ability1 [0] Ability2 [1]
Pikachu attack with SPECIAL_ATTACK | Snorlax attack with ABILITY1
	+Pikachu HP: 8(Damage received: 4)
	+Snorlax HP: 34(Damage received: 0)

=====================!!! Round 20 !!!=====================
* CoolDown Pikachu: Ability1 [0] Ability2 [2]
* CoolDown Snorlax: Ability1 [5] Ability2 [0]
Pikachu is stunned | Snorlax attack with NORMAL_ATTACK
	+Pikachu HP: 6(Damage received: 2)
	+Snorlax HP: 34(Damage received: 0)

=====================!!! Round 21 !!!=====================
* CoolDown Pikachu: Ability1 [0] Ability2 [1]
* CoolDown Snorlax: Ability1 [4] Ability2 [0]
Pikachu attack with ABILITY1 | Snorlax attack with ABILITY2
!! Snorlax has dodged attack !!
	+Pikachu HP: 6(Damage received: 0)
	+Snorlax HP: 34(Damage received: 0)

=====================!!! Round 22 !!!=====================
* CoolDown Pikachu: Ability1 [4] Ability2 [0]
* CoolDown Snorlax: Ability1 [3] Ability2 [5]
Pikachu attack with ABILITY2 | Snorlax attack with NORMAL_ATTACK
!! Pikachu has dodged attack !!
	+Pikachu HP: 6(Damage received: 0)
	+Snorlax HP: 30(Damage received: 4)

=====================!!! Round 23 !!!=====================
* CoolDown Pikachu: Ability1 [3] Ability2 [5]
* CoolDown Snorlax: Ability1 [2] Ability2 [4]
Pikachu attack with SPECIAL_ATTACK | Snorlax is stunned
	+Pikachu HP: 6(Damage received: 0)
	+Snorlax HP: 30(Damage received: 0)

=====================!!! Round 24 !!!=====================
* CoolDown Pikachu: Ability1 [2] Ability2 [4]
* CoolDown Snorlax: Ability1 [1] Ability2 [3]
Pikachu attack with SPECIAL_ATTACK | Snorlax attack with NORMAL_ATTACK
	+Pikachu HP: 4(Damage received: 2)
	+Snorlax HP: 30(Damage received: 0)

=====================!!! Round 25 !!!=====================
* CoolDown Pikachu: Ability1 [1] Ability2 [3]
* CoolDown Snorlax: Ability1 [0] Ability2 [2]
Pikachu attack with SPECIAL_ATTACK | Snorlax attack with ABILITY1
	+Pikachu HP: 0(Damage received: 4)
	+Snorlax HP: 30(Damage received: 0)

		+++ Result: Win Snorlax +++

Psyduck challenged Meowth
Psyduck have: []
Meowth have: []
Psyduck HP: 44 Normal Attack: 4 Special Attack: null Defence: 4 Special Defence: null Ability{damage=2, stun=false, dodge=false, coolDown=4} Ability{damage=2, stun=true, dodge=false, coolDown=5}
Meowth HP: 43 Normal Attack: 5 Special Attack: null Defence: 6 Special Defence: null Ability{damage=5, stun=false, dodge=true, coolDown=4} Ability{damage=1, stun=false, dodge=true, coolDown=3}

=====================!!! Round 1 !!!=====================
* CoolDown Psyduck: Ability1 [0] Ability2 [0]
* CoolDown Meowth: Ability1 [0] Ability2 [0]
Psyduck attack with ABILITY1 | Meowth attack with NORMAL_ATTACK
	+Psyduck HP: 43(Damage received: 1)
	+Meowth HP: 41(Damage received: 2)

=====================!!! Round 2 !!!=====================
* CoolDown Psyduck: Ability1 [4] Ability2 [0]
* CoolDown Meowth: Ability1 [0] Ability2 [0]
Psyduck attack with ABILITY2 | Meowth attack with ABILITY2
!! Meowth has dodged attack !!
	+Psyduck HP: 42(Damage received: 1)
	+Meowth HP: 41(Damage received: 0)

=====================!!! Round 3 !!!=====================
* CoolDown Psyduck: Ability1 [3] Ability2 [5]
* CoolDown Meowth: Ability1 [0] Ability2 [3]
Psyduck attack with NORMAL_ATTACK | Meowth is stunned
	+Psyduck HP: 42(Damage received: 0)
	+Meowth HP: 41(Damage received: 0)

=====================!!! Round 4 !!!=====================
* CoolDown Psyduck: Ability1 [2] Ability2 [4]
* CoolDown Meowth: Ability1 [0] Ability2 [2]
Psyduck attack with NORMAL_ATTACK | Meowth attack with ABILITY1
!! Meowth has dodged attack !!
	+Psyduck HP: 37(Damage received: 5)
	+Meowth HP: 41(Damage received: 0)

=====================!!! Round 5 !!!=====================
* CoolDown Psyduck: Ability1 [1] Ability2 [3]
* CoolDown Meowth: Ability1 [4] Ability2 [1]
Psyduck attack with NORMAL_ATTACK | Meowth attack with NORMAL_ATTACK
	+Psyduck HP: 36(Damage received: 1)
	+Meowth HP: 41(Damage received: 0)

=====================!!! Round 6 !!!=====================
* CoolDown Psyduck: Ability1 [0] Ability2 [2]
* CoolDown Meowth: Ability1 [3] Ability2 [0]
Psyduck attack with ABILITY1 | Meowth attack with ABILITY2
!! Meowth has dodged attack !!
	+Psyduck HP: 35(Damage received: 1)
	+Meowth HP: 41(Damage received: 0)

=====================!!! Round 7 !!!=====================
* CoolDown Psyduck: Ability1 [4] Ability2 [1]
* CoolDown Meowth: Ability1 [2] Ability2 [3]
Psyduck attack with NORMAL_ATTACK | Meowth attack with NORMAL_ATTACK
	+Psyduck HP: 34(Damage received: 1)
	+Meowth HP: 41(Damage received: 0)

=====================!!! Round 8 !!!=====================
* CoolDown Psyduck: Ability1 [3] Ability2 [0]
* CoolDown Meowth: Ability1 [1] Ability2 [2]
Psyduck attack with ABILITY2 | Meowth attack with NORMAL_ATTACK
	+Psyduck HP: 33(Damage received: 1)
	+Meowth HP: 39(Damage received: 2)

=====================!!! Round 9 !!!=====================
* CoolDown Psyduck: Ability1 [2] Ability2 [5]
* CoolDown Meowth: Ability1 [0] Ability2 [1]
Psyduck attack with NORMAL_ATTACK | Meowth is stunned
	+Psyduck HP: 33(Damage received: 0)
	+Meowth HP: 39(Damage received: 0)

=====================!!! Round 10 !!!=====================
* CoolDown Psyduck: Ability1 [1] Ability2 [4]
* CoolDown Meowth: Ability1 [0] Ability2 [0]
Psyduck attack with NORMAL_ATTACK | Meowth attack with NORMAL_ATTACK
	+Psyduck HP: 32(Damage received: 1)
	+Meowth HP: 39(Damage received: 0)

=====================!!! Round 11 !!!=====================
* CoolDown Psyduck: Ability1 [0] Ability2 [3]
* CoolDown Meowth: Ability1 [0] Ability2 [0]
Psyduck attack with ABILITY1 | Meowth attack with ABILITY1
!! Meowth has dodged attack !!
	+Psyduck HP: 27(Damage received: 5)
	+Meowth HP: 39(Damage received: 0)

=====================!!! Round 12 !!!=====================
* CoolDown Psyduck: Ability1 [4] Ability2 [2]
* CoolDown Meowth: Ability1 [4] Ability2 [0]
Psyduck attack with NORMAL_ATTACK | Meowth attack with ABILITY2
!! Meowth has dodged attack !!
	+Psyduck HP: 26(Damage received: 1)
	+Meowth HP: 39(Damage received: 0)

=====================!!! Round 13 !!!=====================
* CoolDown Psyduck: Ability1 [3] Ability2 [1]
* CoolDown Meowth: Ability1 [3] Ability2 [3]
Psyduck attack with NORMAL_ATTACK | Meowth attack with NORMAL_ATTACK
	+Psyduck HP: 25(Damage received: 1)
	+Meowth HP: 39(Damage received: 0)

=====================!!! Round 14 !!!=====================
* CoolDown Psyduck: Ability1 [2] Ability2 [0]
* CoolDown Meowth: Ability1 [2] Ability2 [2]
Psyduck attack with NORMAL_ATTACK | Meowth attack with NORMAL_ATTACK
	+Psyduck HP: 24(Damage received: 1)
	+Meowth HP: 39(Damage received: 0)

=====================!!! Round 15 !!!=====================
* CoolDown Psyduck: Ability1 [1] Ability2 [0]
* CoolDown Meowth: Ability1 [1] Ability2 [1]
Psyduck attack with NORMAL_ATTACK | Meowth attack with NORMAL_ATTACK
	+Psyduck HP: 23(Damage received: 1)
	+Meowth HP: 39(Damage received: 0)

=====================!!! Round 16 !!!=====================
* CoolDown Psyduck: Ability1 [0] Ability2 [0]
* CoolDown Meowth: Ability1 [0] Ability2 [0]
Psyduck attack with ABILITY1 | Meowth attack with ABILITY1
!! Meowth has dodged attack !!
	+Psyduck HP: 18(Damage received: 5)
	+Meowth HP: 39(Damage received: 0)

=====================!!! Round 17 !!!=====================
* CoolDown Psyduck: Ability1 [4] Ability2 [0]
* CoolDown Meowth: Ability1 [4] Ability2 [0]
Psyduck attack with NORMAL_ATTACK | Meowth attack with NORMAL_ATTACK
	+Psyduck HP: 17(Damage received: 1)
	+Meowth HP: 39(Damage received: 0)

=====================!!! Round 18 !!!=====================
* CoolDown Psyduck: Ability1 [3] Ability2 [0]
* CoolDown Meowth: Ability1 [3] Ability2 [0]
Psyduck attack with ABILITY2 | Meowth attack with ABILITY2
!! Meowth has dodged attack !!
	+Psyduck HP: 16(Damage received: 1)
	+Meowth HP: 39(Damage received: 0)

=====================!!! Round 19 !!!=====================
* CoolDown Psyduck: Ability1 [2] Ability2 [5]
* CoolDown Meowth: Ability1 [2] Ability2 [3]
Psyduck attack with NORMAL_ATTACK | Meowth is stunned
	+Psyduck HP: 16(Damage received: 0)
	+Meowth HP: 39(Damage received: 0)

=====================!!! Round 20 !!!=====================
* CoolDown Psyduck: Ability1 [1] Ability2 [4]
* CoolDown Meowth: Ability1 [1] Ability2 [2]
Psyduck attack with NORMAL_ATTACK | Meowth attack with NORMAL_ATTACK
	+Psyduck HP: 15(Damage received: 1)
	+Meowth HP: 39(Damage received: 0)

=====================!!! Round 21 !!!=====================
* CoolDown Psyduck: Ability1 [0] Ability2 [3]
* CoolDown Meowth: Ability1 [0] Ability2 [1]
Psyduck attack with ABILITY1 | Meowth attack with NORMAL_ATTACK
	+Psyduck HP: 14(Damage received: 1)
	+Meowth HP: 37(Damage received: 2)

=====================!!! Round 22 !!!=====================
* CoolDown Psyduck: Ability1 [4] Ability2 [2]
* CoolDown Meowth: Ability1 [0] Ability2 [0]
Psyduck attack with NORMAL_ATTACK | Meowth attack with ABILITY2
!! Meowth has dodged attack !!
	+Psyduck HP: 13(Damage received: 1)
	+Meowth HP: 37(Damage received: 0)

=====================!!! Round 23 !!!=====================
* CoolDown Psyduck: Ability1 [3] Ability2 [1]
* CoolDown Meowth: Ability1 [0] Ability2 [3]
Psyduck attack with NORMAL_ATTACK | Meowth attack with NORMAL_ATTACK
	+Psyduck HP: 12(Damage received: 1)
	+Meowth HP: 37(Damage received: 0)

=====================!!! Round 24 !!!=====================
* CoolDown Psyduck: Ability1 [2] Ability2 [0]
* CoolDown Meowth: Ability1 [0] Ability2 [2]
Psyduck attack with ABILITY2 | Meowth attack with NORMAL_ATTACK
	+Psyduck HP: 11(Damage received: 1)
	+Meowth HP: 35(Damage received: 2)

=====================!!! Round 25 !!!=====================
* CoolDown Psyduck: Ability1 [1] Ability2 [5]
* CoolDown Meowth: Ability1 [0] Ability2 [1]
Psyduck attack with NORMAL_ATTACK | Meowth is stunned
	+Psyduck HP: 11(Damage received: 0)
	+Meowth HP: 35(Damage received: 0)

=====================!!! Round 26 !!!=====================
* CoolDown Psyduck: Ability1 [0] Ability2 [4]
* CoolDown Meowth: Ability1 [0] Ability2 [0]
Psyduck attack with ABILITY1 | Meowth attack with ABILITY1
!! Meowth has dodged attack !!
	+Psyduck HP: 6(Damage received: 5)
	+Meowth HP: 35(Damage received: 0)

=====================!!! Round 27 !!!=====================
* CoolDown Psyduck: Ability1 [4] Ability2 [3]
* CoolDown Meowth: Ability1 [4] Ability2 [0]
Psyduck attack with NORMAL_ATTACK | Meowth attack with NORMAL_ATTACK
	+Psyduck HP: 5(Damage received: 1)
	+Meowth HP: 35(Damage received: 0)

=====================!!! Round 28 !!!=====================
* CoolDown Psyduck: Ability1 [3] Ability2 [2]
* CoolDown Meowth: Ability1 [3] Ability2 [0]
Psyduck attack with NORMAL_ATTACK | Meowth attack with ABILITY2
!! Meowth has dodged attack !!
	+Psyduck HP: 4(Damage received: 1)
	+Meowth HP: 35(Damage received: 0)

=====================!!! Round 29 !!!=====================
* CoolDown Psyduck: Ability1 [2] Ability2 [1]
* CoolDown Meowth: Ability1 [2] Ability2 [3]
Psyduck attack with NORMAL_ATTACK | Meowth attack with NORMAL_ATTACK
	+Psyduck HP: 3(Damage received: 1)
	+Meowth HP: 35(Damage received: 0)

=====================!!! Round 30 !!!=====================
* CoolDown Psyduck: Ability1 [1] Ability2 [0]
* CoolDown Meowth: Ability1 [1] Ability2 [2]
Psyduck attack with NORMAL_ATTACK | Meowth attack with NORMAL_ATTACK
	+Psyduck HP: 2(Damage received: 1)
	+Meowth HP: 35(Damage received: 0)

=====================!!! Round 31 !!!=====================
* CoolDown Psyduck: Ability1 [0] Ability2 [0]
* CoolDown Meowth: Ability1 [0] Ability2 [1]
Psyduck attack with NORMAL_ATTACK | Meowth attack with ABILITY1
!! Meowth has dodged attack !!
	+Psyduck HP: -3(Damage received: 5)
	+Meowth HP: 35(Damage received: 0)

		+++ Result: Win Meowth +++

Meowth challenged Meowth
Meowth have: []
Meowth have: []
Meowth HP: 43 Normal Attack: 5 Special Attack: null Defence: 6 Special Defence: null Ability{damage=5, stun=false, dodge=true, coolDown=4} Ability{damage=1, stun=false, dodge=true, coolDown=3}
Meowth HP: 44 Normal Attack: 6 Special Attack: null Defence: 7 Special Defence: null Ability{damage=5, stun=false, dodge=true, coolDown=4} Ability{damage=1, stun=false, dodge=true, coolDown=3}

=====================!!! Round 1 !!!=====================
* CoolDown Meowth: Ability1 [0] Ability2 [0]
* CoolDown Meowth: Ability1 [0] Ability2 [0]
Meowth attack with NORMAL_ATTACK | Meowth attack with ABILITY2
!! Meowth has dodged attack !!
	+Meowth HP: 42(Damage received: 1)
	+Meowth HP: 44(Damage received: 0)

=====================!!! Round 2 !!!=====================
* CoolDown Meowth: Ability1 [0] Ability2 [0]
* CoolDown Meowth: Ability1 [0] Ability2 [3]
Meowth attack with ABILITY2 | Meowth attack with NORMAL_ATTACK
!! Meowth has dodged attack !!
	+Meowth HP: 42(Damage received: 0)
	+Meowth HP: 43(Damage received: 1)

=====================!!! Round 3 !!!=====================
* CoolDown Meowth: Ability1 [0] Ability2 [3]
* CoolDown Meowth: Ability1 [0] Ability2 [2]
Meowth attack with ABILITY1 | Meowth attack with ABILITY1
!! Meowth has dodged attack !!
!! Meowth has dodged attack !!
	+Meowth HP: 42(Damage received: 0)
	+Meowth HP: 43(Damage received: 0)

=====================!!! Round 4 !!!=====================
* CoolDown Meowth: Ability1 [4] Ability2 [2]
* CoolDown Meowth: Ability1 [4] Ability2 [1]
Meowth attack with NORMAL_ATTACK | Meowth attack with NORMAL_ATTACK
	+Meowth HP: 42(Damage received: 0)
	+Meowth HP: 43(Damage received: 0)

=====================!!! Round 5 !!!=====================
* CoolDown Meowth: Ability1 [3] Ability2 [1]
* CoolDown Meowth: Ability1 [3] Ability2 [0]
Meowth attack with NORMAL_ATTACK | Meowth attack with ABILITY2
!! Meowth has dodged attack !!
	+Meowth HP: 41(Damage received: 1)
	+Meowth HP: 43(Damage received: 0)

=====================!!! Round 6 !!!=====================
* CoolDown Meowth: Ability1 [2] Ability2 [0]
* CoolDown Meowth: Ability1 [2] Ability2 [3]
Meowth attack with ABILITY2 | Meowth attack with NORMAL_ATTACK
!! Meowth has dodged attack !!
	+Meowth HP: 41(Damage received: 0)
	+Meowth HP: 42(Damage received: 1)

=====================!!! Round 7 !!!=====================
* CoolDown Meowth: Ability1 [1] Ability2 [3]
* CoolDown Meowth: Ability1 [1] Ability2 [2]
Meowth attack with NORMAL_ATTACK | Meowth attack with NORMAL_ATTACK
	+Meowth HP: 41(Damage received: 0)
	+Meowth HP: 42(Damage received: 0)

=====================!!! Round 8 !!!=====================
* CoolDown Meowth: Ability1 [0] Ability2 [2]
* CoolDown Meowth: Ability1 [0] Ability2 [1]
Meowth attack with ABILITY1 | Meowth attack with NORMAL_ATTACK
!! Meowth has dodged attack !!
	+Meowth HP: 41(Damage received: 0)
	+Meowth HP: 37(Damage received: 5)

=====================!!! Round 9 !!!=====================
* CoolDown Meowth: Ability1 [4] Ability2 [1]
* CoolDown Meowth: Ability1 [0] Ability2 [0]
Meowth attack with NORMAL_ATTACK | Meowth attack with ABILITY2
!! Meowth has dodged attack !!
	+Meowth HP: 40(Damage received: 1)
	+Meowth HP: 37(Damage received: 0)

=====================!!! Round 10 !!!=====================
* CoolDown Meowth: Ability1 [3] Ability2 [0]
* CoolDown Meowth: Ability1 [0] Ability2 [3]
Meowth attack with ABILITY2 | Meowth attack with ABILITY1
!! Meowth has dodged attack !!
!! Meowth has dodged attack !!
	+Meowth HP: 40(Damage received: 0)
	+Meowth HP: 37(Damage received: 0)

=====================!!! Round 11 !!!=====================
* CoolDown Meowth: Ability1 [2] Ability2 [3]
* CoolDown Meowth: Ability1 [4] Ability2 [2]
Meowth attack with NORMAL_ATTACK | Meowth attack with NORMAL_ATTACK
	+Meowth HP: 40(Damage received: 0)
	+Meowth HP: 37(Damage received: 0)

=====================!!! Round 12 !!!=====================
* CoolDown Meowth: Ability1 [1] Ability2 [2]
* CoolDown Meowth: Ability1 [3] Ability2 [1]
Meowth attack with NORMAL_ATTACK | Meowth attack with NORMAL_ATTACK
	+Meowth HP: 40(Damage received: 0)
	+Meowth HP: 37(Damage received: 0)

=====================!!! Round 13 !!!=====================
* CoolDown Meowth: Ability1 [0] Ability2 [1]
* CoolDown Meowth: Ability1 [2] Ability2 [0]
Meowth attack with NORMAL_ATTACK | Meowth attack with NORMAL_ATTACK
	+Meowth HP: 40(Damage received: 0)
	+Meowth HP: 37(Damage received: 0)

=====================!!! Round 14 !!!=====================
* CoolDown Meowth: Ability1 [0] Ability2 [0]
* CoolDown Meowth: Ability1 [1] Ability2 [0]
Meowth attack with ABILITY2 | Meowth attack with ABILITY2
!! Meowth has dodged attack !!
!! Meowth has dodged attack !!
	+Meowth HP: 40(Damage received: 0)
	+Meowth HP: 37(Damage received: 0)

=====================!!! Round 15 !!!=====================
* CoolDown Meowth: Ability1 [0] Ability2 [3]
* CoolDown Meowth: Ability1 [0] Ability2 [3]
Meowth attack with NORMAL_ATTACK | Meowth attack with NORMAL_ATTACK
	+Meowth HP: 40(Damage received: 0)
	+Meowth HP: 37(Damage received: 0)

=====================!!! Round 16 !!!=====================
* CoolDown Meowth: Ability1 [0] Ability2 [2]
* CoolDown Meowth: Ability1 [0] Ability2 [2]
Meowth attack with NORMAL_ATTACK | Meowth attack with ABILITY1
!! Meowth has dodged attack !!
	+Meowth HP: 35(Damage received: 5)
	+Meowth HP: 37(Damage received: 0)

=====================!!! Round 17 !!!=====================
* CoolDown Meowth: Ability1 [0] Ability2 [1]
* CoolDown Meowth: Ability1 [4] Ability2 [1]
Meowth attack with ABILITY1 | Meowth attack with NORMAL_ATTACK
!! Meowth has dodged attack !!
	+Meowth HP: 35(Damage received: 0)
	+Meowth HP: 32(Damage received: 5)

=====================!!! Round 18 !!!=====================
* CoolDown Meowth: Ability1 [4] Ability2 [0]
* CoolDown Meowth: Ability1 [3] Ability2 [0]
Meowth attack with ABILITY2 | Meowth attack with NORMAL_ATTACK
!! Meowth has dodged attack !!
	+Meowth HP: 35(Damage received: 0)
	+Meowth HP: 31(Damage received: 1)

=====================!!! Round 19 !!!=====================
* CoolDown Meowth: Ability1 [3] Ability2 [3]
* CoolDown Meowth: Ability1 [2] Ability2 [0]
Meowth attack with NORMAL_ATTACK | Meowth attack with ABILITY2
!! Meowth has dodged attack !!
	+Meowth HP: 34(Damage received: 1)
	+Meowth HP: 31(Damage received: 0)

=====================!!! Round 20 !!!=====================
* CoolDown Meowth: Ability1 [2] Ability2 [2]
* CoolDown Meowth: Ability1 [1] Ability2 [3]
Meowth attack with NORMAL_ATTACK | Meowth attack with NORMAL_ATTACK
	+Meowth HP: 34(Damage received: 0)
	+Meowth HP: 31(Damage received: 0)

=====================!!! Round 21 !!!=====================
* CoolDown Meowth: Ability1 [1] Ability2 [1]
* CoolDown Meowth: Ability1 [0] Ability2 [2]
Meowth attack with NORMAL_ATTACK | Meowth attack with ABILITY1
!! Meowth has dodged attack !!
	+Meowth HP: 29(Damage received: 5)
	+Meowth HP: 31(Damage received: 0)

=====================!!! Round 22 !!!=====================
* CoolDown Meowth: Ability1 [0] Ability2 [0]
* CoolDown Meowth: Ability1 [4] Ability2 [1]
Meowth attack with ABILITY1 | Meowth attack with NORMAL_ATTACK
!! Meowth has dodged attack !!
	+Meowth HP: 29(Damage received: 0)
	+Meowth HP: 26(Damage received: 5)

=====================!!! Round 23 !!!=====================
* CoolDown Meowth: Ability1 [4] Ability2 [0]
* CoolDown Meowth: Ability1 [3] Ability2 [0]
Meowth attack with NORMAL_ATTACK | Meowth attack with NORMAL_ATTACK
	+Meowth HP: 29(Damage received: 0)
	+Meowth HP: 26(Damage received: 0)

=====================!!! Round 24 !!!=====================
* CoolDown Meowth: Ability1 [3] Ability2 [0]
* CoolDown Meowth: Ability1 [2] Ability2 [0]
Meowth attack with ABILITY2 | Meowth attack with NORMAL_ATTACK
!! Meowth has dodged attack !!
	+Meowth HP: 29(Damage received: 0)
	+Meowth HP: 25(Damage received: 1)

=====================!!! Round 25 !!!=====================
* CoolDown Meowth: Ability1 [2] Ability2 [3]
* CoolDown Meowth: Ability1 [1] Ability2 [0]
Meowth attack with NORMAL_ATTACK | Meowth attack with ABILITY2
!! Meowth has dodged attack !!
	+Meowth HP: 28(Damage received: 1)
	+Meowth HP: 25(Damage received: 0)

=====================!!! Round 26 !!!=====================
* CoolDown Meowth: Ability1 [1] Ability2 [2]
* CoolDown Meowth: Ability1 [0] Ability2 [3]
Meowth attack with NORMAL_ATTACK | Meowth attack with NORMAL_ATTACK
	+Meowth HP: 28(Damage received: 0)
	+Meowth HP: 25(Damage received: 0)

=====================!!! Round 27 !!!=====================
* CoolDown Meowth: Ability1 [0] Ability2 [1]
* CoolDown Meowth: Ability1 [0] Ability2 [2]
Meowth attack with ABILITY1 | Meowth attack with ABILITY1
!! Meowth has dodged attack !!
!! Meowth has dodged attack !!
	+Meowth HP: 28(Damage received: 0)
	+Meowth HP: 25(Damage received: 0)

=====================!!! Round 28 !!!=====================
* CoolDown Meowth: Ability1 [4] Ability2 [0]
* CoolDown Meowth: Ability1 [4] Ability2 [1]
Meowth attack with ABILITY2 | Meowth attack with NORMAL_ATTACK
!! Meowth has dodged attack !!
	+Meowth HP: 28(Damage received: 0)
	+Meowth HP: 24(Damage received: 1)

=====================!!! Round 29 !!!=====================
* CoolDown Meowth: Ability1 [3] Ability2 [3]
* CoolDown Meowth: Ability1 [3] Ability2 [0]
Meowth attack with NORMAL_ATTACK | Meowth attack with NORMAL_ATTACK
	+Meowth HP: 28(Damage received: 0)
	+Meowth HP: 24(Damage received: 0)

=====================!!! Round 30 !!!=====================
* CoolDown Meowth: Ability1 [2] Ability2 [2]
* CoolDown Meowth: Ability1 [2] Ability2 [0]
Meowth attack with NORMAL_ATTACK | Meowth attack with ABILITY2
!! Meowth has dodged attack !!
	+Meowth HP: 27(Damage received: 1)
	+Meowth HP: 24(Damage received: 0)

=====================!!! Round 31 !!!=====================
* CoolDown Meowth: Ability1 [1] Ability2 [1]
* CoolDown Meowth: Ability1 [1] Ability2 [3]
Meowth attack with NORMAL_ATTACK | Meowth attack with NORMAL_ATTACK
	+Meowth HP: 27(Damage received: 0)
	+Meowth HP: 24(Damage received: 0)

=====================!!! Round 32 !!!=====================
* CoolDown Meowth: Ability1 [0] Ability2 [0]
* CoolDown Meowth: Ability1 [0] Ability2 [2]
Meowth attack with NORMAL_ATTACK | Meowth attack with NORMAL_ATTACK
	+Meowth HP: 27(Damage received: 0)
	+Meowth HP: 24(Damage received: 0)

=====================!!! Round 33 !!!=====================
* CoolDown Meowth: Ability1 [0] Ability2 [0]
* CoolDown Meowth: Ability1 [0] Ability2 [1]
Meowth attack with ABILITY1 | Meowth attack with NORMAL_ATTACK
!! Meowth has dodged attack !!
	+Meowth HP: 27(Damage received: 0)
	+Meowth HP: 19(Damage received: 5)

=====================!!! Round 34 !!!=====================
* CoolDown Meowth: Ability1 [4] Ability2 [0]
* CoolDown Meowth: Ability1 [0] Ability2 [0]
Meowth attack with NORMAL_ATTACK | Meowth attack with ABILITY1
!! Meowth has dodged attack !!
	+Meowth HP: 22(Damage received: 5)
	+Meowth HP: 19(Damage received: 0)

=====================!!! Round 35 !!!=====================
* CoolDown Meowth: Ability1 [3] Ability2 [0]
* CoolDown Meowth: Ability1 [4] Ability2 [0]
Meowth attack with NORMAL_ATTACK | Meowth attack with ABILITY2
!! Meowth has dodged attack !!
	+Meowth HP: 21(Damage received: 1)
	+Meowth HP: 19(Damage received: 0)

=====================!!! Round 36 !!!=====================
* CoolDown Meowth: Ability1 [2] Ability2 [0]
* CoolDown Meowth: Ability1 [3] Ability2 [3]
Meowth attack with ABILITY2 | Meowth attack with NORMAL_ATTACK
!! Meowth has dodged attack !!
	+Meowth HP: 21(Damage received: 0)
	+Meowth HP: 18(Damage received: 1)

=====================!!! Round 37 !!!=====================
* CoolDown Meowth: Ability1 [1] Ability2 [3]
* CoolDown Meowth: Ability1 [2] Ability2 [2]
Meowth attack with NORMAL_ATTACK | Meowth attack with NORMAL_ATTACK
	+Meowth HP: 21(Damage received: 0)
	+Meowth HP: 18(Damage received: 0)

=====================!!! Round 38 !!!=====================
* CoolDown Meowth: Ability1 [0] Ability2 [2]
* CoolDown Meowth: Ability1 [1] Ability2 [1]
Meowth attack with NORMAL_ATTACK | Meowth attack with NORMAL_ATTACK
	+Meowth HP: 21(Damage received: 0)
	+Meowth HP: 18(Damage received: 0)

=====================!!! Round 39 !!!=====================
* CoolDown Meowth: Ability1 [0] Ability2 [1]
* CoolDown Meowth: Ability1 [0] Ability2 [0]
Meowth attack with NORMAL_ATTACK | Meowth attack with ABILITY1
!! Meowth has dodged attack !!
	+Meowth HP: 16(Damage received: 5)
	+Meowth HP: 18(Damage received: 0)

=====================!!! Round 40 !!!=====================
* CoolDown Meowth: Ability1 [0] Ability2 [0]
* CoolDown Meowth: Ability1 [4] Ability2 [0]
Meowth attack with ABILITY1 | Meowth attack with ABILITY2
!! Meowth has dodged attack !!
!! Meowth has dodged attack !!
	+Meowth HP: 16(Damage received: 0)
	+Meowth HP: 18(Damage received: 0)

=====================!!! Round 41 !!!=====================
* CoolDown Meowth: Ability1 [4] Ability2 [0]
* CoolDown Meowth: Ability1 [3] Ability2 [3]
Meowth attack with ABILITY2 | Meowth attack with NORMAL_ATTACK
!! Meowth has dodged attack !!
	+Meowth HP: 16(Damage received: 0)
	+Meowth HP: 17(Damage received: 1)

=====================!!! Round 42 !!!=====================
* CoolDown Meowth: Ability1 [3] Ability2 [3]
* CoolDown Meowth: Ability1 [2] Ability2 [2]
Meowth attack with NORMAL_ATTACK | Meowth attack with NORMAL_ATTACK
	+Meowth HP: 16(Damage received: 0)
	+Meowth HP: 17(Damage received: 0)

=====================!!! Round 43 !!!=====================
* CoolDown Meowth: Ability1 [2] Ability2 [2]
* CoolDown Meowth: Ability1 [1] Ability2 [1]
Meowth attack with NORMAL_ATTACK | Meowth attack with NORMAL_ATTACK
	+Meowth HP: 16(Damage received: 0)
	+Meowth HP: 17(Damage received: 0)

=====================!!! Round 44 !!!=====================
* CoolDown Meowth: Ability1 [1] Ability2 [1]
* CoolDown Meowth: Ability1 [0] Ability2 [0]
Meowth attack with NORMAL_ATTACK | Meowth attack with NORMAL_ATTACK
	+Meowth HP: 16(Damage received: 0)
	+Meowth HP: 17(Damage received: 0)

=====================!!! Round 45 !!!=====================
* CoolDown Meowth: Ability1 [0] Ability2 [0]
* CoolDown Meowth: Ability1 [0] Ability2 [0]
Meowth attack with NORMAL_ATTACK | Meowth attack with ABILITY2
!! Meowth has dodged attack !!
	+Meowth HP: 15(Damage received: 1)
	+Meowth HP: 17(Damage received: 0)

=====================!!! Round 46 !!!=====================
* CoolDown Meowth: Ability1 [0] Ability2 [0]
* CoolDown Meowth: Ability1 [0] Ability2 [3]
Meowth attack with ABILITY2 | Meowth attack with ABILITY1
!! Meowth has dodged attack !!
!! Meowth has dodged attack !!
	+Meowth HP: 15(Damage received: 0)
	+Meowth HP: 17(Damage received: 0)

=====================!!! Round 47 !!!=====================
* CoolDown Meowth: Ability1 [0] Ability2 [3]
* CoolDown Meowth: Ability1 [4] Ability2 [2]
Meowth attack with ABILITY1 | Meowth attack with NORMAL_ATTACK
!! Meowth has dodged attack !!
	+Meowth HP: 15(Damage received: 0)
	+Meowth HP: 12(Damage received: 5)

=====================!!! Round 48 !!!=====================
* CoolDown Meowth: Ability1 [4] Ability2 [2]
* CoolDown Meowth: Ability1 [3] Ability2 [1]
Meowth attack with NORMAL_ATTACK | Meowth attack with NORMAL_ATTACK
	+Meowth HP: 15(Damage received: 0)
	+Meowth HP: 12(Damage received: 0)

=====================!!! Round 49 !!!=====================
* CoolDown Meowth: Ability1 [3] Ability2 [1]
* CoolDown Meowth: Ability1 [2] Ability2 [0]
Meowth attack with NORMAL_ATTACK | Meowth attack with ABILITY2
!! Meowth has dodged attack !!
	+Meowth HP: 14(Damage received: 1)
	+Meowth HP: 12(Damage received: 0)

=====================!!! Round 50 !!!=====================
* CoolDown Meowth: Ability1 [2] Ability2 [0]
* CoolDown Meowth: Ability1 [1] Ability2 [3]
Meowth attack with ABILITY2 | Meowth attack with NORMAL_ATTACK
!! Meowth has dodged attack !!
	+Meowth HP: 14(Damage received: 0)
	+Meowth HP: 11(Damage received: 1)

=====================!!! Round 51 !!!=====================
* CoolDown Meowth: Ability1 [1] Ability2 [3]
* CoolDown Meowth: Ability1 [0] Ability2 [2]
Meowth attack with NORMAL_ATTACK | Meowth attack with NORMAL_ATTACK
	+Meowth HP: 14(Damage received: 0)
	+Meowth HP: 11(Damage received: 0)

=====================!!! Round 52 !!!=====================
* CoolDown Meowth: Ability1 [0] Ability2 [2]
* CoolDown Meowth: Ability1 [0] Ability2 [1]
Meowth attack with ABILITY1 | Meowth attack with ABILITY1
!! Meowth has dodged attack !!
!! Meowth has dodged attack !!
	+Meowth HP: 14(Damage received: 0)
	+Meowth HP: 11(Damage received: 0)

=====================!!! Round 53 !!!=====================
* CoolDown Meowth: Ability1 [4] Ability2 [1]
* CoolDown Meowth: Ability1 [4] Ability2 [0]
Meowth attack with NORMAL_ATTACK | Meowth attack with ABILITY2
!! Meowth has dodged attack !!
	+Meowth HP: 13(Damage received: 1)
	+Meowth HP: 11(Damage received: 0)

=====================!!! Round 54 !!!=====================
* CoolDown Meowth: Ability1 [3] Ability2 [0]
* CoolDown Meowth: Ability1 [3] Ability2 [3]
Meowth attack with ABILITY2 | Meowth attack with NORMAL_ATTACK
!! Meowth has dodged attack !!
	+Meowth HP: 13(Damage received: 0)
	+Meowth HP: 10(Damage received: 1)

=====================!!! Round 55 !!!=====================
* CoolDown Meowth: Ability1 [2] Ability2 [3]
* CoolDown Meowth: Ability1 [2] Ability2 [2]
Meowth attack with NORMAL_ATTACK | Meowth attack with NORMAL_ATTACK
	+Meowth HP: 13(Damage received: 0)
	+Meowth HP: 10(Damage received: 0)

=====================!!! Round 56 !!!=====================
* CoolDown Meowth: Ability1 [1] Ability2 [2]
* CoolDown Meowth: Ability1 [1] Ability2 [1]
Meowth attack with NORMAL_ATTACK | Meowth attack with NORMAL_ATTACK
	+Meowth HP: 13(Damage received: 0)
	+Meowth HP: 10(Damage received: 0)

=====================!!! Round 57 !!!=====================
* CoolDown Meowth: Ability1 [0] Ability2 [1]
* CoolDown Meowth: Ability1 [0] Ability2 [0]
Meowth attack with ABILITY1 | Meowth attack with ABILITY1
!! Meowth has dodged attack !!
!! Meowth has dodged attack !!
	+Meowth HP: 13(Damage received: 0)
	+Meowth HP: 10(Damage received: 0)

=====================!!! Round 58 !!!=====================
* CoolDown Meowth: Ability1 [4] Ability2 [0]
* CoolDown Meowth: Ability1 [4] Ability2 [0]
Meowth attack with ABILITY2 | Meowth attack with NORMAL_ATTACK
!! Meowth has dodged attack !!
	+Meowth HP: 13(Damage received: 0)
	+Meowth HP: 9(Damage received: 1)

=====================!!! Round 59 !!!=====================
* CoolDown Meowth: Ability1 [3] Ability2 [3]
* CoolDown Meowth: Ability1 [3] Ability2 [0]
Meowth attack with NORMAL_ATTACK | Meowth attack with ABILITY2
!! Meowth has dodged attack !!
	+Meowth HP: 12(Damage received: 1)
	+Meowth HP: 9(Damage received: 0)

=====================!!! Round 60 !!!=====================
* CoolDown Meowth: Ability1 [2] Ability2 [2]
* CoolDown Meowth: Ability1 [2] Ability2 [3]
Meowth attack with NORMAL_ATTACK | Meowth attack with NORMAL_ATTACK
	+Meowth HP: 12(Damage received: 0)
	+Meowth HP: 9(Damage received: 0)

=====================!!! Round 61 !!!=====================
* CoolDown Meowth: Ability1 [1] Ability2 [1]
* CoolDown Meowth: Ability1 [1] Ability2 [2]
Meowth attack with NORMAL_ATTACK | Meowth attack with NORMAL_ATTACK
	+Meowth HP: 12(Damage received: 0)
	+Meowth HP: 9(Damage received: 0)

=====================!!! Round 62 !!!=====================
* CoolDown Meowth: Ability1 [0] Ability2 [0]
* CoolDown Meowth: Ability1 [0] Ability2 [1]
Meowth attack with NORMAL_ATTACK | Meowth attack with ABILITY1
!! Meowth has dodged attack !!
	+Meowth HP: 7(Damage received: 5)
	+Meowth HP: 9(Damage received: 0)

=====================!!! Round 63 !!!=====================
* CoolDown Meowth: Ability1 [0] Ability2 [0]
* CoolDown Meowth: Ability1 [4] Ability2 [0]
Meowth attack with ABILITY1 | Meowth attack with ABILITY2
!! Meowth has dodged attack !!
!! Meowth has dodged attack !!
	+Meowth HP: 7(Damage received: 0)
	+Meowth HP: 9(Damage received: 0)

=====================!!! Round 64 !!!=====================
* CoolDown Meowth: Ability1 [4] Ability2 [0]
* CoolDown Meowth: Ability1 [3] Ability2 [3]
Meowth attack with NORMAL_ATTACK | Meowth attack with NORMAL_ATTACK
	+Meowth HP: 7(Damage received: 0)
	+Meowth HP: 9(Damage received: 0)

=====================!!! Round 65 !!!=====================
* CoolDown Meowth: Ability1 [3] Ability2 [0]
* CoolDown Meowth: Ability1 [2] Ability2 [2]
Meowth attack with ABILITY2 | Meowth attack with NORMAL_ATTACK
!! Meowth has dodged attack !!
	+Meowth HP: 7(Damage received: 0)
	+Meowth HP: 8(Damage received: 1)

=====================!!! Round 66 !!!=====================
* CoolDown Meowth: Ability1 [2] Ability2 [3]
* CoolDown Meowth: Ability1 [1] Ability2 [1]
Meowth attack with NORMAL_ATTACK | Meowth attack with NORMAL_ATTACK
	+Meowth HP: 7(Damage received: 0)
	+Meowth HP: 8(Damage received: 0)

=====================!!! Round 67 !!!=====================
* CoolDown Meowth: Ability1 [1] Ability2 [2]
* CoolDown Meowth: Ability1 [0] Ability2 [0]
Meowth attack with NORMAL_ATTACK | Meowth attack with NORMAL_ATTACK
	+Meowth HP: 7(Damage received: 0)
	+Meowth HP: 8(Damage received: 0)

=====================!!! Round 68 !!!=====================
* CoolDown Meowth: Ability1 [0] Ability2 [1]
* CoolDown Meowth: Ability1 [0] Ability2 [0]
Meowth attack with ABILITY1 | Meowth attack with ABILITY1
!! Meowth has dodged attack !!
!! Meowth has dodged attack !!
	+Meowth HP: 7(Damage received: 0)
	+Meowth HP: 8(Damage received: 0)

=====================!!! Round 69 !!!=====================
* CoolDown Meowth: Ability1 [4] Ability2 [0]
* CoolDown Meowth: Ability1 [4] Ability2 [0]
Meowth attack with NORMAL_ATTACK | Meowth attack with ABILITY2
!! Meowth has dodged attack !!
	+Meowth HP: 6(Damage received: 1)
	+Meowth HP: 8(Damage received: 0)

=====================!!! Round 70 !!!=====================
* CoolDown Meowth: Ability1 [3] Ability2 [0]
* CoolDown Meowth: Ability1 [3] Ability2 [3]
Meowth attack with ABILITY2 | Meowth attack with NORMAL_ATTACK
!! Meowth has dodged attack !!
	+Meowth HP: 6(Damage received: 0)
	+Meowth HP: 7(Damage received: 1)

=====================!!! Round 71 !!!=====================
* CoolDown Meowth: Ability1 [2] Ability2 [3]
* CoolDown Meowth: Ability1 [2] Ability2 [2]
Meowth attack with NORMAL_ATTACK | Meowth attack with NORMAL_ATTACK
	+Meowth HP: 6(Damage received: 0)
	+Meowth HP: 7(Damage received: 0)

=====================!!! Round 72 !!!=====================
* CoolDown Meowth: Ability1 [1] Ability2 [2]
* CoolDown Meowth: Ability1 [1] Ability2 [1]
Meowth attack with NORMAL_ATTACK | Meowth attack with NORMAL_ATTACK
	+Meowth HP: 6(Damage received: 0)
	+Meowth HP: 7(Damage received: 0)

=====================!!! Round 73 !!!=====================
* CoolDown Meowth: Ability1 [0] Ability2 [1]
* CoolDown Meowth: Ability1 [0] Ability2 [0]
Meowth attack with NORMAL_ATTACK | Meowth attack with NORMAL_ATTACK
	+Meowth HP: 6(Damage received: 0)
	+Meowth HP: 7(Damage received: 0)

=====================!!! Round 74 !!!=====================
* CoolDown Meowth: Ability1 [0] Ability2 [0]
* CoolDown Meowth: Ability1 [0] Ability2 [0]
Meowth attack with ABILITY1 | Meowth attack with ABILITY1
!! Meowth has dodged attack !!
!! Meowth has dodged attack !!
	+Meowth HP: 6(Damage received: 0)
	+Meowth HP: 7(Damage received: 0)

=====================!!! Round 75 !!!=====================
* CoolDown Meowth: Ability1 [4] Ability2 [0]
* CoolDown Meowth: Ability1 [4] Ability2 [0]
Meowth attack with ABILITY2 | Meowth attack with ABILITY2
!! Meowth has dodged attack !!
!! Meowth has dodged attack !!
	+Meowth HP: 6(Damage received: 0)
	+Meowth HP: 7(Damage received: 0)

=====================!!! Round 76 !!!=====================
* CoolDown Meowth: Ability1 [3] Ability2 [3]
* CoolDown Meowth: Ability1 [3] Ability2 [3]
Meowth attack with NORMAL_ATTACK | Meowth attack with NORMAL_ATTACK
	+Meowth HP: 6(Damage received: 0)
	+Meowth HP: 7(Damage received: 0)

=====================!!! Round 77 !!!=====================
* CoolDown Meowth: Ability1 [2] Ability2 [2]
* CoolDown Meowth: Ability1 [2] Ability2 [2]
Meowth attack with NORMAL_ATTACK | Meowth attack with NORMAL_ATTACK
	+Meowth HP: 6(Damage received: 0)
	+Meowth HP: 7(Damage received: 0)

=====================!!! Round 78 !!!=====================
* CoolDown Meowth: Ability1 [1] Ability2 [1]
* CoolDown Meowth: Ability1 [1] Ability2 [1]
Meowth attack with NORMAL_ATTACK | Meowth attack with NORMAL_ATTACK
	+Meowth HP: 6(Damage received: 0)
	+Meowth HP: 7(Damage received: 0)

=====================!!! Round 79 !!!=====================
* CoolDown Meowth: Ability1 [0] Ability2 [0]
* CoolDown Meowth: Ability1 [0] Ability2 [0]
Meowth attack with NORMAL_ATTACK | Meowth attack with ABILITY1
!! Meowth has dodged attack !!
	+Meowth HP: 1(Damage received: 5)
	+Meowth HP: 7(Damage received: 0)

=====================!!! Round 80 !!!=====================
* CoolDown Meowth: Ability1 [0] Ability2 [0]
* CoolDown Meowth: Ability1 [4] Ability2 [0]
Meowth attack with ABILITY1 | Meowth attack with ABILITY2
!! Meowth has dodged attack !!
!! Meowth has dodged attack !!
	+Meowth HP: 1(Damage received: 0)
	+Meowth HP: 7(Damage received: 0)

=====================!!! Round 81 !!!=====================
* CoolDown Meowth: Ability1 [4] Ability2 [0]
* CoolDown Meowth: Ability1 [3] Ability2 [3]
Meowth attack with NORMAL_ATTACK | Meowth attack with NORMAL_ATTACK
	+Meowth HP: 1(Damage received: 0)
	+Meowth HP: 7(Damage received: 0)

=====================!!! Round 82 !!!=====================
* CoolDown Meowth: Ability1 [3] Ability2 [0]
* CoolDown Meowth: Ability1 [2] Ability2 [2]
Meowth attack with ABILITY2 | Meowth attack with NORMAL_ATTACK
!! Meowth has dodged attack !!
	+Meowth HP: 1(Damage received: 0)
	+Meowth HP: 6(Damage received: 1)

=====================!!! Round 83 !!!=====================
* CoolDown Meowth: Ability1 [2] Ability2 [3]
* CoolDown Meowth: Ability1 [1] Ability2 [1]
Meowth attack with NORMAL_ATTACK | Meowth attack with NORMAL_ATTACK
	+Meowth HP: 1(Damage received: 0)
	+Meowth HP: 6(Damage received: 0)

=====================!!! Round 84 !!!=====================
* CoolDown Meowth: Ability1 [1] Ability2 [2]
* CoolDown Meowth: Ability1 [0] Ability2 [0]
Meowth attack with NORMAL_ATTACK | Meowth attack with ABILITY1
!! Meowth has dodged attack !!
	+Meowth HP: -4(Damage received: 5)
	+Meowth HP: 6(Damage received: 0)

		+++ Result: Win Meowth +++

Winner of all adventure is: Iris with pokemon: Meowth