Squirtle challenged Charmander
Squirtle have: [Sword{Attack +3}, Vest{HP +10}]
Charmander have: [Wand{Special Attack +3}, Shield{Defence +2, Special Defence +2}]
Squirtle HP: 70 Normal Attack: null Special Attack: 3 Defence: 5 Special Defence: 3 Ability{damage=4, stun=false, dodge=false, coolDown=3} Ability{damage=2, stun=true, dodge=false, coolDown=2}
Charmander HP: 50 Normal Attack: 4 Special Attack: null Defence: 5 Special Defence: null Ability{damage=4, stun=true, dodge=false, coolDown=4} Ability{damage=7, stun=false, dodge=false, coolDown=6}

=====================!!! Round 1 !!!=====================
* CoolDown Squirtle: Ability1 [0] Ability2 [0]
* CoolDown Charmander: Ability1 [0] Ability2 [0]
Squirtle attack with ABILITY1 | Charmander attack with NORMAL_ATTACK
	+Squirtle HP: 70(Damage received: 0)
	+Charmander HP: 46(Damage received: 4)

=====================!!! Round 2 !!!=====================
* CoolDown Squirtle: Ability1 [3] Ability2 [0]
* CoolDown Charmander: Ability1 [0] Ability2 [0]
Squirtle attack with SPECIAL_ATTACK | Charmander attack with NORMAL_ATTACK
	+Squirtle HP: 70(Damage received: 0)
	+Charmander HP: 46(Damage received: 0)

=====================!!! Round 3 !!!=====================
* CoolDown Squirtle: Ability1 [2] Ability2 [0]
* CoolDown Charmander: Ability1 [0] Ability2 [0]
Squirtle attack with SPECIAL_ATTACK | Charmander attack with ABILITY2
	+Squirtle HP: 63(Damage received: 7)
	+Charmander HP: 46(Damage received: 0)

=====================!!! Round 4 !!!=====================
* CoolDown Squirtle: Ability1 [1] Ability2 [0]
* CoolDown Charmander: Ability1 [0] Ability2 [6]
Squirtle attack with ABILITY2 | Charmander attack with ABILITY1
	+Squirtle HP: 59(Damage received: 4)
	+Charmander HP: 44(Damage received: 2)

=====================!!! Round 5 !!!=====================
* CoolDown Squirtle: Ability1 [0] Ability2 [2]
* CoolDown Charmander: Ability1 [4] Ability2 [5]
Squirtle is stunned | Charmander is stunned
	+Squirtle HP: 59(Damage received: 0)
	+Charmander HP: 44(Damage received: 0)

=====================!!! Round 6 !!!=====================
* CoolDown Squirtle: Ability1 [0] Ability2 [1]
* CoolDown Charmander: Ability1 [3] Ability2 [4]
Squirtle attack with SPECIAL_ATTACK | Charmander attack with NORMAL_ATTACK
	+Squirtle HP: 59(Damage received: 0)
	+Charmander HP: 44(Damage received: 0)

=====================!!! Round 7 !!!=====================
* CoolDown Squirtle: Ability1 [0] Ability2 [0]
* CoolDown Charmander: Ability1 [2] Ability2 [3]
Squirtle attack with SPECIAL_ATTACK | Charmander attack with NORMAL_ATTACK
	+Squirtle HP: 59(Damage received: 0)
	+Charmander HP: 44(Damage received: 0)

=====================!!! Round 8 !!!=====================
* CoolDown Squirtle: Ability1 [0] Ability2 [0]
* CoolDown Charmander: Ability1 [1] Ability2 [2]
Squirtle attack with ABILITY2 | Charmander attack with NORMAL_ATTACK
	+Squirtle HP: 59(Damage received: 0)
	+Charmander HP: 42(Damage received: 2)

=====================!!! Round 9 !!!=====================
* CoolDown Squirtle: Ability1 [0] Ability2 [2]
* CoolDown Charmander: Ability1 [0] Ability2 [1]
Squirtle attack with ABILITY1 | Charmander is stunned
	+Squirtle HP: 59(Damage received: 0)
	+Charmander HP: 38(Damage received: 4)

=====================!!! Round 10 !!!=====================
* CoolDown Squirtle: Ability1 [3] Ability2 [1]
* CoolDown Charmander: Ability1 [0] Ability2 [0]
Squirtle attack with SPECIAL_ATTACK | Charmander attack with ABILITY1
	+Squirtle HP: 55(Damage received: 4)
	+Charmander HP: 38(Damage received: 0)

=====================!!! Round 11 !!!=====================
* CoolDown Squirtle: Ability1 [2] Ability2 [0]
* CoolDown Charmander: Ability1 [4] Ability2 [0]
Squirtle is stunned | Charmander attack with NORMAL_ATTACK
	+Squirtle HP: 55(Damage received: 0)
	+Charmander HP: 38(Damage received: 0)

=====================!!! Round 12 !!!=====================
* CoolDown Squirtle: Ability1 [1] Ability2 [0]
* CoolDown Charmander: Ability1 [3] Ability2 [0]
Squirtle attack with SPECIAL_ATTACK | Charmander attack with NORMAL_ATTACK
	+Squirtle HP: 55(Damage received: 0)
	+Charmander HP: 38(Damage received: 0)

=====================!!! Round 13 !!!=====================
* CoolDown Squirtle: Ability1 [0] Ability2 [0]
* CoolDown Charmander: Ability1 [2] Ability2 [0]
Squirtle attack with ABILITY2 | Charmander attack with ABILITY2
	+Squirtle HP: 48(Damage received: 7)
	+Charmander HP: 36(Damage received: 2)

=====================!!! Round 14 !!!=====================
* CoolDown Squirtle: Ability1 [0] Ability2 [2]
* CoolDown Charmander: Ability1 [1] Ability2 [6]
Squirtle attack with SPECIAL_ATTACK | Charmander is stunned
	+Squirtle HP: 48(Damage received: 0)
	+Charmander HP: 36(Damage received: 0)

=====================!!! Round 15 !!!=====================
* CoolDown Squirtle: Ability1 [0] Ability2 [1]
* CoolDown Charmander: Ability1 [0] Ability2 [5]
Squirtle attack with ABILITY1 | Charmander attack with ABILITY1
	+Squirtle HP: 44(Damage received: 4)
	+Charmander HP: 32(Damage received: 4)

=====================!!! Round 16 !!!=====================
* CoolDown Squirtle: Ability1 [3] Ability2 [0]
* CoolDown Charmander: Ability1 [4] Ability2 [4]
Squirtle is stunned | Charmander attack with NORMAL_ATTACK
	+Squirtle HP: 44(Damage received: 0)
	+Charmander HP: 32(Damage received: 0)

=====================!!! Round 17 !!!=====================
* CoolDown Squirtle: Ability1 [2] Ability2 [0]
* CoolDown Charmander: Ability1 [3] Ability2 [3]
Squirtle attack with SPECIAL_ATTACK | Charmander attack with NORMAL_ATTACK
	+Squirtle HP: 44(Damage received: 0)
	+Charmander HP: 32(Damage received: 0)

=====================!!! Round 18 !!!=====================
* CoolDown Squirtle: Ability1 [1] Ability2 [0]
* CoolDown Charmander: Ability1 [2] Ability2 [2]
Squirtle attack with SPECIAL_ATTACK | Charmander attack with NORMAL_ATTACK
	+Squirtle HP: 44(Damage received: 0)
	+Charmander HP: 32(Damage received: 0)

=====================!!! Round 19 !!!=====================
* CoolDown Squirtle: Ability1 [0] Ability2 [0]
* CoolDown Charmander: Ability1 [1] Ability2 [1]
Squirtle attack with ABILITY2 | Charmander attack with NORMAL_ATTACK
	+Squirtle HP: 44(Damage received: 0)
	+Charmander HP: 30(Damage received: 2)

=====================!!! Round 20 !!!=====================
* CoolDown Squirtle: Ability1 [0] Ability2 [2]
* CoolDown Charmander: Ability1 [0] Ability2 [0]
Squirtle attack with ABILITY1 | Charmander is stunned
	+Squirtle HP: 44(Damage received: 0)
	+Charmander HP: 26(Damage received: 4)

=====================!!! Round 21 !!!=====================
* CoolDown Squirtle: Ability1 [3] Ability2 [1]
* CoolDown Charmander: Ability1 [0] Ability2 [0]
Squirtle attack with SPECIAL_ATTACK | Charmander attack with ABILITY2
	+Squirtle HP: 37(Damage received: 7)
	+Charmander HP: 26(Damage received: 0)

=====================!!! Round 22 !!!=====================
* CoolDown Squirtle: Ability1 [2] Ability2 [0]
* CoolDown Charmander: Ability1 [0] Ability2 [6]
Squirtle attack with SPECIAL_ATTACK | Charmander attack with NORMAL_ATTACK
	+Squirtle HP: 37(Damage received: 0)
	+Charmander HP: 26(Damage received: 0)

=====================!!! Round 23 !!!=====================
* CoolDown Squirtle: Ability1 [1] Ability2 [0]
* CoolDown Charmander: Ability1 [0] Ability2 [5]
Squirtle attack with ABILITY2 | Charmander attack with NORMAL_ATTACK
	+Squirtle HP: 37(Damage received: 0)
	+Charmander HP: 24(Damage received: 2)

=====================!!! Round 24 !!!=====================
* CoolDown Squirtle: Ability1 [0] Ability2 [2]
* CoolDown Charmander: Ability1 [0] Ability2 [4]
Squirtle attack with ABILITY1 | Charmander is stunned
	+Squirtle HP: 37(Damage received: 0)
	+Charmander HP: 20(Damage received: 4)

=====================!!! Round 25 !!!=====================
* CoolDown Squirtle: Ability1 [3] Ability2 [1]
* CoolDown Charmander: Ability1 [0] Ability2 [3]
Squirtle attack with SPECIAL_ATTACK | Charmander attack with NORMAL_ATTACK
	+Squirtle HP: 37(Damage received: 0)
	+Charmander HP: 20(Damage received: 0)

=====================!!! Round 26 !!!=====================
* CoolDown Squirtle: Ability1 [2] Ability2 [0]
* CoolDown Charmander: Ability1 [0] Ability2 [2]
Squirtle attack with SPECIAL_ATTACK | Charmander attack with ABILITY1
	+Squirtle HP: 33(Damage received: 4)
	+Charmander HP: 20(Damage received: 0)

=====================!!! Round 27 !!!=====================
* CoolDown Squirtle: Ability1 [1] Ability2 [0]
* CoolDown Charmander: Ability1 [4] Ability2 [1]
Squirtle is stunned | Charmander attack with NORMAL_ATTACK
	+Squirtle HP: 33(Damage received: 0)
	+Charmander HP: 20(Damage received: 0)

=====================!!! Round 28 !!!=====================
* CoolDown Squirtle: Ability1 [0] Ability2 [0]
* CoolDown Charmander: Ability1 [3] Ability2 [0]
Squirtle attack with ABILITY2 | Charmander attack with ABILITY2
	+Squirtle HP: 26(Damage received: 7)
	+Charmander HP: 18(Damage received: 2)

=====================!!! Round 29 !!!=====================
* CoolDown Squirtle: Ability1 [0] Ability2 [2]
* CoolDown Charmander: Ability1 [2] Ability2 [6]
Squirtle attack with ABILITY1 | Charmander is stunned
	+Squirtle HP: 26(Damage received: 0)
	+Charmander HP: 14(Damage received: 4)

=====================!!! Round 30 !!!=====================
* CoolDown Squirtle: Ability1 [3] Ability2 [1]
* CoolDown Charmander: Ability1 [1] Ability2 [5]
Squirtle attack with SPECIAL_ATTACK | Charmander attack with NORMAL_ATTACK
	+Squirtle HP: 26(Damage received: 0)
	+Charmander HP: 14(Damage received: 0)

=====================!!! Round 31 !!!=====================
* CoolDown Squirtle: Ability1 [2] Ability2 [0]
* CoolDown Charmander: Ability1 [0] Ability2 [4]
Squirtle attack with SPECIAL_ATTACK | Charmander attack with ABILITY1
	+Squirtle HP: 22(Damage received: 4)
	+Charmander HP: 14(Damage received: 0)

=====================!!! Round 32 !!!=====================
* CoolDown Squirtle: Ability1 [1] Ability2 [0]
* CoolDown Charmander: Ability1 [4] Ability2 [3]
Squirtle is stunned | Charmander attack with NORMAL_ATTACK
	+Squirtle HP: 22(Damage received: 0)
	+Charmander HP: 14(Damage received: 0)

=====================!!! Round 33 !!!=====================
* CoolDown Squirtle: Ability1 [0] Ability2 [0]
* CoolDown Charmander: Ability1 [3] Ability2 [2]
Squirtle attack with ABILITY2 | Charmander attack with NORMAL_ATTACK
	+Squirtle HP: 22(Damage received: 0)
	+Charmander HP: 12(Damage received: 2)

=====================!!! Round 34 !!!=====================
* CoolDown Squirtle: Ability1 [0] Ability2 [2]
* CoolDown Charmander: Ability1 [2] Ability2 [1]
Squirtle attack with SPECIAL_ATTACK | Charmander is stunned
	+Squirtle HP: 22(Damage received: 0)
	+Charmander HP: 12(Damage received: 0)

=====================!!! Round 35 !!!=====================
* CoolDown Squirtle: Ability1 [0] Ability2 [1]
* CoolDown Charmander: Ability1 [1] Ability2 [0]
Squirtle attack with SPECIAL_ATTACK | Charmander attack with ABILITY2
	+Squirtle HP: 15(Damage received: 7)
	+Charmander HP: 12(Damage received: 0)

=====================!!! Round 36 !!!=====================
* CoolDown Squirtle: Ability1 [0] Ability2 [0]
* CoolDown Charmander: Ability1 [0] Ability2 [6]
Squirtle attack with ABILITY1 | Charmander attack with NORMAL_ATTACK
	+Squirtle HP: 15(Damage received: 0)
	+Charmander HP: 8(Damage received: 4)

=====================!!! Round 37 !!!=====================
* CoolDown Squirtle: Ability1 [3] Ability2 [0]
* CoolDown Charmander: Ability1 [0] Ability2 [5]
Squirtle attack with SPECIAL_ATTACK | Charmander attack with NORMAL_ATTACK
	+Squirtle HP: 15(Damage received: 0)
	+Charmander HP: 8(Damage received: 0)

=====================!!! Round 38 !!!=====================
* CoolDown Squirtle: Ability1 [2] Ability2 [0]
* CoolDown Charmander: Ability1 [0] Ability2 [4]
Squirtle attack with ABILITY2 | Charmander attack with NORMAL_ATTACK
	+Squirtle HP: 15(Damage received: 0)
	+Charmander HP: 6(Damage received: 2)

=====================!!! Round 39 !!!=====================
* CoolDown Squirtle: Ability1 [1] Ability2 [2]
* CoolDown Charmander: Ability1 [0] Ability2 [3]
Squirtle attack with SPECIAL_ATTACK | Charmander is stunned
	+Squirtle HP: 15(Damage received: 0)
	+Charmander HP: 6(Damage received: 0)

=====================!!! Round 40 !!!=====================
* CoolDown Squirtle: Ability1 [0] Ability2 [1]
* CoolDown Charmander: Ability1 [0] Ability2 [2]
Squirtle attack with SPECIAL_ATTACK | Charmander attack with ABILITY1
	+Squirtle HP: 11(Damage received: 4)
	+Charmander HP: 6(Damage received: 0)

=====================!!! Round 41 !!!=====================
* CoolDown Squirtle: Ability1 [0] Ability2 [0]
* CoolDown Charmander: Ability1 [4] Ability2 [1]
Squirtle is stunned | Charmander attack with NORMAL_ATTACK
	+Squirtle HP: 11(Damage received: 0)
	+Charmander HP: 6(Damage received: 0)

=====================!!! Round 42 !!!=====================
* CoolDown Squirtle: Ability1 [0] Ability2 [0]
* CoolDown Charmander: Ability1 [3] Ability2 [0]
Squirtle attack with ABILITY1 | Charmander attack with ABILITY2
	+Squirtle HP: 4(Damage received: 7)
	+Charmander HP: 2(Damage received: 4)

=====================!!! Round 43 !!!=====================
* CoolDown Squirtle: Ability1 [3] Ability2 [0]
* CoolDown Charmander: Ability1 [2] Ability2 [6]
Squirtle attack with ABILITY2 | Charmander attack with NORMAL_ATTACK
	+Squirtle HP: 4(Damage received: 0)
	+Charmander HP: 0(Damage received: 2)

		+++ Result: Win Squirtle +++

Bulbasaur challenged Vulpix
Bulbasaur have: [Sword{Attack +3}, Vest{HP +10}]
Vulpix have: [Wand{Special Attack +3}, Shield{Defence +2, Special Defence +2}]
Bulbasaur HP: 52 Normal Attack: null Special Attack: 5 Defence: 3 Special Defence: 5 Ability{damage=6, stun=false, dodge=false, coolDown=4} Ability{damage=5, stun=false, dodge=false, coolDown=3}
Vulpix HP: 36 Normal Attack: 5 Special Attack: null Defence: 4 Special Defence: null Ability{damage=8, stun=true, dodge=false, coolDown=6} Ability{damage=2, stun=false, dodge=true, coolDown=7}

=====================!!! Round 1 !!!=====================
* CoolDown Bulbasaur: Ability1 [0] Ability2 [0]
* CoolDown Vulpix: Ability1 [0] Ability2 [0]
Bulbasaur attack with ABILITY2 | Vulpix attack with NORMAL_ATTACK
	+Bulbasaur HP: 50(Damage received: 2)
	+Vulpix HP: 31(Damage received: 5)

=====================!!! Round 2 !!!=====================
* CoolDown Bulbasaur: Ability1 [0] Ability2 [3]
* CoolDown Vulpix: Ability1 [0] Ability2 [0]
Bulbasaur attack with ABILITY1 | Vulpix attack with NORMAL_ATTACK
	+Bulbasaur HP: 48(Damage received: 2)
	+Vulpix HP: 25(Damage received: 6)

=====================!!! Round 3 !!!=====================
* CoolDown Bulbasaur: Ability1 [4] Ability2 [2]
* CoolDown Vulpix: Ability1 [0] Ability2 [0]
Bulbasaur attack with SPECIAL_ATTACK | Vulpix attack with NORMAL_ATTACK
	+Bulbasaur HP: 46(Damage received: 2)
	+Vulpix HP: 25(Damage received: 0)

=====================!!! Round 4 !!!=====================
* CoolDown Bulbasaur: Ability1 [3] Ability2 [1]
* CoolDown Vulpix: Ability1 [0] Ability2 [0]
Bulbasaur attack with SPECIAL_ATTACK | Vulpix attack with ABILITY2
!! Vulpix has dodged attack !!
	+Bulbasaur HP: 44(Damage received: 2)
	+Vulpix HP: 25(Damage received: 0)

=====================!!! Round 5 !!!=====================
* CoolDown Bulbasaur: Ability1 [2] Ability2 [0]
* CoolDown Vulpix: Ability1 [0] Ability2 [7]
Bulbasaur attack with SPECIAL_ATTACK | Vulpix attack with NORMAL_ATTACK
	+Bulbasaur HP: 42(Damage received: 2)
	+Vulpix HP: 25(Damage received: 0)

=====================!!! Round 6 !!!=====================
* CoolDown Bulbasaur: Ability1 [1] Ability2 [0]
* CoolDown Vulpix: Ability1 [0] Ability2 [6]
Bulbasaur attack with ABILITY2 | Vulpix attack with NORMAL_ATTACK
	+Bulbasaur HP: 40(Damage received: 2)
	+Vulpix HP: 20(Damage received: 5)

=====================!!! Round 7 !!!=====================
* CoolDown Bulbasaur: Ability1 [0] Ability2 [3]
* CoolDown Vulpix: Ability1 [0] Ability2 [5]
Bulbasaur attack with SPECIAL_ATTACK | Vulpix attack with ABILITY1
	+Bulbasaur HP: 32(Damage received: 8)
	+Vulpix HP: 20(Damage received: 0)

=====================!!! Round 8 !!!=====================
* CoolDown Bulbasaur: Ability1 [0] Ability2 [2]
* CoolDown Vulpix: Ability1 [6] Ability2 [4]
Bulbasaur is stunned | Vulpix attack with NORMAL_ATTACK
	+Bulbasaur HP: 30(Damage received: 2)
	+Vulpix HP: 20(Damage received: 0)

=====================!!! Round 9 !!!=====================
* CoolDown Bulbasaur: Ability1 [0] Ability2 [1]
* CoolDown Vulpix: Ability1 [5] Ability2 [3]
Bulbasaur attack with SPECIAL_ATTACK | Vulpix attack with NORMAL_ATTACK
	+Bulbasaur HP: 28(Damage received: 2)
	+Vulpix HP: 20(Damage received: 0)

=====================!!! Round 10 !!!=====================
* CoolDown Bulbasaur: Ability1 [0] Ability2 [0]
* CoolDown Vulpix: Ability1 [4] Ability2 [2]
Bulbasaur attack with SPECIAL_ATTACK | Vulpix attack with NORMAL_ATTACK
	+Bulbasaur HP: 26(Damage received: 2)
	+Vulpix HP: 20(Damage received: 0)

=====================!!! Round 11 !!!=====================
* CoolDown Bulbasaur: Ability1 [0] Ability2 [0]
* CoolDown Vulpix: Ability1 [3] Ability2 [1]
Bulbasaur attack with ABILITY2 | Vulpix attack with NORMAL_ATTACK
	+Bulbasaur HP: 24(Damage received: 2)
	+Vulpix HP: 15(Damage received: 5)

=====================!!! Round 12 !!!=====================
* CoolDown Bulbasaur: Ability1 [0] Ability2 [3]
* CoolDown Vulpix: Ability1 [2] Ability2 [0]
Bulbasaur attack with SPECIAL_ATTACK | Vulpix attack with NORMAL_ATTACK
	+Bulbasaur HP: 22(Damage received: 2)
	+Vulpix HP: 15(Damage received: 0)

=====================!!! Round 13 !!!=====================
* CoolDown Bulbasaur: Ability1 [0] Ability2 [2]
* CoolDown Vulpix: Ability1 [1] Ability2 [0]
Bulbasaur attack with SPECIAL_ATTACK | Vulpix attack with NORMAL_ATTACK
	+Bulbasaur HP: 20(Damage received: 2)
	+Vulpix HP: 15(Damage received: 0)

=====================!!! Round 14 !!!=====================
* CoolDown Bulbasaur: Ability1 [0] Ability2 [1]
* CoolDown Vulpix: Ability1 [0] Ability2 [0]
Bulbasaur attack with ABILITY1 | Vulpix attack with NORMAL_ATTACK
	+Bulbasaur HP: 18(Damage received: 2)
	+Vulpix HP: 9(Damage received: 6)

=====================!!! Round 15 !!!=====================
* CoolDown Bulbasaur: Ability1 [4] Ability2 [0]
* CoolDown Vulpix: Ability1 [0] Ability2 [0]
Bulbasaur attack with ABILITY2 | Vulpix attack with ABILITY2
!! Vulpix has dodged attack !!
	+Bulbasaur HP: 16(Damage received: 2)
	+Vulpix HP: 9(Damage received: 0)

=====================!!! Round 16 !!!=====================
* CoolDown Bulbasaur: Ability1 [3] Ability2 [3]
* CoolDown Vulpix: Ability1 [0] Ability2 [7]
Bulbasaur attack with SPECIAL_ATTACK | Vulpix attack with NORMAL_ATTACK
	+Bulbasaur HP: 14(Damage received: 2)
	+Vulpix HP: 9(Damage received: 0)

=====================!!! Round 17 !!!=====================
* CoolDown Bulbasaur: Ability1 [2] Ability2 [2]
* CoolDown Vulpix: Ability1 [0] Ability2 [6]
Bulbasaur attack with SPECIAL_ATTACK | Vulpix attack with NORMAL_ATTACK
	+Bulbasaur HP: 12(Damage received: 2)
	+Vulpix HP: 9(Damage received: 0)

=====================!!! Round 18 !!!=====================
* CoolDown Bulbasaur: Ability1 [1] Ability2 [1]
* CoolDown Vulpix: Ability1 [0] Ability2 [5]
Bulbasaur attack with SPECIAL_ATTACK | Vulpix attack with NORMAL_ATTACK
	+Bulbasaur HP: 10(Damage received: 2)
	+Vulpix HP: 9(Damage received: 0)

=====================!!! Round 19 !!!=====================
* CoolDown Bulbasaur: Ability1 [0] Ability2 [0]
* CoolDown Vulpix: Ability1 [0] Ability2 [4]
Bulbasaur attack with ABILITY1 | Vulpix attack with ABILITY1
	+Bulbasaur HP: 2(Damage received: 8)
	+Vulpix HP: 3(Damage received: 6)

=====================!!! Round 20 !!!=====================
* CoolDown Bulbasaur: Ability1 [4] Ability2 [0]
* CoolDown Vulpix: Ability1 [6] Ability2 [3]
Bulbasaur is stunned | Vulpix attack with NORMAL_ATTACK
	+Bulbasaur HP: 0(Damage received: 2)
	+Vulpix HP: 3(Damage received: 0)

		+++ Result: Win Vulpix +++

Vulpix challenged Eevee
Vulpix have: [Sword{Attack +3}, Vest{HP +10}]
Eevee have: [Wand{Special Attack +3}, Shield{Defence +2, Special Defence +2}]
Vulpix HP: 46 Normal Attack: 8 Special Attack: null Defence: 2 Special Defence: null Ability{damage=8, stun=true, dodge=false, coolDown=6} Ability{damage=2, stun=false, dodge=true, coolDown=7}
Eevee HP: 39 Normal Attack: null Special Attack: 7 Defence: 5 Special Defence: 7 Ability{damage=5, stun=false, dodge=false, coolDown=3} Ability{damage=3, stun=true, dodge=false, coolDown=3}

=====================!!! Round 1 !!!=====================
* CoolDown Vulpix: Ability1 [0] Ability2 [0]
* CoolDown Eevee: Ability1 [0] Ability2 [0]
Vulpix attack with ABILITY2 | Eevee attack with ABILITY1
!! Vulpix has dodged attack !!
	+Vulpix HP: 46(Damage received: 0)
	+Eevee HP: 37(Damage received: 2)

=====================!!! Round 2 !!!=====================
* CoolDown Vulpix: Ability1 [0] Ability2 [7]
* CoolDown Eevee: Ability1 [3] Ability2 [0]
Vulpix attack with NORMAL_ATTACK | Eevee attack with ABILITY2
	+Vulpix HP: 43(Damage received: 3)
	+Eevee HP: 34(Damage received: 3)

=====================!!! Round 3 !!!=====================
* CoolDown Vulpix: Ability1 [0] Ability2 [6]
* CoolDown Eevee: Ability1 [2] Ability2 [3]
Vulpix is stunned | Eevee attack with SPECIAL_ATTACK
	+Vulpix HP: 40(Damage received: 3)
	+Eevee HP: 34(Damage received: 0)

=====================!!! Round 4 !!!=====================
* CoolDown Vulpix: Ability1 [0] Ability2 [5]
* CoolDown Eevee: Ability1 [1] Ability2 [2]
Vulpix attack with ABILITY1 | Eevee attack with SPECIAL_ATTACK
	+Vulpix HP: 37(Damage received: 3)
	+Eevee HP: 26(Damage received: 8)

=====================!!! Round 5 !!!=====================
* CoolDown Vulpix: Ability1 [6] Ability2 [4]
* CoolDown Eevee: Ability1 [0] Ability2 [1]
Vulpix attack with NORMAL_ATTACK | Eevee is stunned
	+Vulpix HP: 37(Damage received: 0)
	+Eevee HP: 23(Damage received: 3)

=====================!!! Round 6 !!!=====================
* CoolDown Vulpix: Ability1 [5] Ability2 [3]
* CoolDown Eevee: Ability1 [0] Ability2 [0]
Vulpix attack with NORMAL_ATTACK | Eevee attack with ABILITY2
	+Vulpix HP: 34(Damage received: 3)
	+Eevee HP: 20(Damage received: 3)

=====================!!! Round 7 !!!=====================
* CoolDown Vulpix: Ability1 [4] Ability2 [2]
* CoolDown Eevee: Ability1 [0] Ability2 [3]
Vulpix is stunned | Eevee attack with SPECIAL_ATTACK
	+Vulpix HP: 31(Damage received: 3)
	+Eevee HP: 20(Damage received: 0)

=====================!!! Round 8 !!!=====================
* CoolDown Vulpix: Ability1 [3] Ability2 [1]
* CoolDown Eevee: Ability1 [0] Ability2 [2]
Vulpix attack with NORMAL_ATTACK | Eevee attack with SPECIAL_ATTACK
	+Vulpix HP: 28(Damage received: 3)
	+Eevee HP: 17(Damage received: 3)

=====================!!! Round 9 !!!=====================
* CoolDown Vulpix: Ability1 [2] Ability2 [0]
* CoolDown Eevee: Ability1 [0] Ability2 [1]
Vulpix attack with ABILITY2 | Eevee attack with SPECIAL_ATTACK
!! Vulpix has dodged attack !!
	+Vulpix HP: 28(Damage received: 0)
	+Eevee HP: 15(Damage received: 2)

=====================!!! Round 10 !!!=====================
* CoolDown Vulpix: Ability1 [1] Ability2 [7]
* CoolDown Eevee: Ability1 [0] Ability2 [0]
Vulpix attack with NORMAL_ATTACK | Eevee attack with ABILITY1
	+Vulpix HP: 23(Damage received: 5)
	+Eevee HP: 12(Damage received: 3)

=====================!!! Round 11 !!!=====================
* CoolDown Vulpix: Ability1 [0] Ability2 [6]
* CoolDown Eevee: Ability1 [3] Ability2 [0]
Vulpix attack with NORMAL_ATTACK | Eevee attack with SPECIAL_ATTACK
	+Vulpix HP: 20(Damage received: 3)
	+Eevee HP: 9(Damage received: 3)

=====================!!! Round 12 !!!=====================
* CoolDown Vulpix: Ability1 [0] Ability2 [5]
* CoolDown Eevee: Ability1 [2] Ability2 [0]
Vulpix attack with NORMAL_ATTACK | Eevee attack with SPECIAL_ATTACK
	+Vulpix HP: 17(Damage received: 3)
	+Eevee HP: 6(Damage received: 3)

=====================!!! Round 13 !!!=====================
* CoolDown Vulpix: Ability1 [0] Ability2 [4]
* CoolDown Eevee: Ability1 [1] Ability2 [0]
Vulpix attack with ABILITY1 | Eevee attack with SPECIAL_ATTACK
	+Vulpix HP: 14(Damage received: 3)
	+Eevee HP: -2(Damage received: 8)

		+++ Result: Win Vulpix +++

Vulpix challenged Vulpix
Vulpix have: [Sword{Attack +3}, Vest{HP +10}]
Vulpix have: [Wand{Special Attack +3}, Shield{Defence +2, Special Defence +2}]
Vulpix HP: 47 Normal Attack: 9 Special Attack: null Defence: 3 Special Defence: null Ability{damage=8, stun=true, dodge=false, coolDown=6} Ability{damage=2, stun=false, dodge=true, coolDown=7}
Vulpix HP: 37 Normal Attack: 6 Special Attack: null Defence: 5 Special Defence: null Ability{damage=8, stun=true, dodge=false, coolDown=6} Ability{damage=2, stun=false, dodge=true, coolDown=7}

=====================!!! Round 1 !!!=====================
* CoolDown Vulpix: Ability1 [0] Ability2 [0]
* CoolDown Vulpix: Ability1 [0] Ability2 [0]
Vulpix attack with NORMAL_ATTACK | Vulpix attack with NORMAL_ATTACK
	+Vulpix HP: 44(Damage received: 3)
	+Vulpix HP: 33(Damage received: 4)

=====================!!! Round 2 !!!=====================
* CoolDown Vulpix: Ability1 [0] Ability2 [0]
* CoolDown Vulpix: Ability1 [0] Ability2 [0]
Vulpix attack with ABILITY1 | Vulpix attack with NORMAL_ATTACK
	+Vulpix HP: 41(Damage received: 3)
	+Vulpix HP: 25(Damage received: 8)

=====================!!! Round 3 !!!=====================
* CoolDown Vulpix: Ability1 [6] Ability2 [0]
* CoolDown Vulpix: Ability1 [0] Ability2 [0]
Vulpix attack with ABILITY2 | Vulpix is stunned
!! Vulpix has dodged attack !!
	+Vulpix HP: 41(Damage received: 0)
	+Vulpix HP: 23(Damage received: 2)

=====================!!! Round 4 !!!=====================
* CoolDown Vulpix: Ability1 [5] Ability2 [7]
* CoolDown Vulpix: Ability1 [0] Ability2 [0]
Vulpix attack with NORMAL_ATTACK | Vulpix attack with ABILITY1
	+Vulpix HP: 33(Damage received: 8)
	+Vulpix HP: 19(Damage received: 4)

=====================!!! Round 5 !!!=====================
* CoolDown Vulpix: Ability1 [4] Ability2 [6]
* CoolDown Vulpix: Ability1 [6] Ability2 [0]
Vulpix is stunned | Vulpix attack with NORMAL_ATTACK
	+Vulpix HP: 30(Damage received: 3)
	+Vulpix HP: 19(Damage received: 0)

=====================!!! Round 6 !!!=====================
* CoolDown Vulpix: Ability1 [3] Ability2 [5]
* CoolDown Vulpix: Ability1 [5] Ability2 [0]
Vulpix attack with NORMAL_ATTACK | Vulpix attack with ABILITY2
!! Vulpix has dodged attack !!
	+Vulpix HP: 28(Damage received: 2)
	+Vulpix HP: 19(Damage received: 0)

=====================!!! Round 7 !!!=====================
* CoolDown Vulpix: Ability1 [2] Ability2 [4]
* CoolDown Vulpix: Ability1 [4] Ability2 [7]
Vulpix attack with NORMAL_ATTACK | Vulpix attack with NORMAL_ATTACK
	+Vulpix HP: 25(Damage received: 3)
	+Vulpix HP: 15(Damage received: 4)

=====================!!! Round 8 !!!=====================
* CoolDown Vulpix: Ability1 [1] Ability2 [3]
* CoolDown Vulpix: Ability1 [3] Ability2 [6]
Vulpix attack with NORMAL_ATTACK | Vulpix attack with NORMAL_ATTACK
	+Vulpix HP: 22(Damage received: 3)
	+Vulpix HP: 11(Damage received: 4)

=====================!!! Round 9 !!!=====================
* CoolDown Vulpix: Ability1 [0] Ability2 [2]
* CoolDown Vulpix: Ability1 [2] Ability2 [5]
Vulpix attack with ABILITY1 | Vulpix attack with NORMAL_ATTACK
	+Vulpix HP: 19(Damage received: 3)
	+Vulpix HP: 3(Damage received: 8)

=====================!!! Round 10 !!!=====================
* CoolDown Vulpix: Ability1 [6] Ability2 [1]
* CoolDown Vulpix: Ability1 [1] Ability2 [4]
Vulpix attack with NORMAL_ATTACK | Vulpix is stunned
	+Vulpix HP: 19(Damage received: 0)
	+Vulpix HP: -1(Damage received: 4)

		+++ Result: Win Vulpix +++

Winner of all adventure is: May with pokemon: Vulpix