Pikachu challenged Vulpix
Pikachu have: [ChristmasTree{Attack +3, Defence +1}, Vitamins{HP +2, Attack +2, Special Attack +2}, Sword{Attack +3}]
Vulpix have: [Wand{Special Attack +3}, Shield{Defence +2, Special Defence +2}, Sword{Attack +3}]
Pikachu HP: 37 Normal Attack: null Special Attack: 6 Defence: 3 Special Defence: 6 Ability{damage=6, stun=false, dodge=false, coolDown=4} Ability{damage=4, stun=true, dodge=true, coolDown=5}
Vulpix HP: 36 Normal Attack: 8 Special Attack: null Defence: 4 Special Defence: null Ability{damage=8, stun=true, dodge=false, coolDown=6} Ability{damage=2, stun=false, dodge=true, coolDown=7}

=====================!!! Round 1 !!!=====================
* CoolDown Pikachu: Ability1 [0] Ability2 [0]
* CoolDown Vulpix: Ability1 [0] Ability2 [0]
Pikachu attack with ABILITY2 | Vulpix attack with NORMAL_ATTACK
!! Pikachu has dodged attack !!
	+Pikachu HP: 37(Damage received: 0)
	+Vulpix HP: 32(Damage received: 4)

=====================!!! Round 2 !!!=====================
* CoolDown Pikachu: Ability1 [0] Ability2 [5]
* CoolDown Vulpix: Ability1 [0] Ability2 [0]
Pikachu attack with ABILITY1 | Vulpix is stunned
	+Pikachu HP: 37(Damage received: 0)
	+Vulpix HP: 26(Damage received: 6)

=====================!!! Round 3 !!!=====================
* CoolDown Pikachu: Ability1 [4] Ability2 [4]
* CoolDown Vulpix: Ability1 [0] Ability2 [0]
Pikachu attack with SPECIAL_ATTACK | Vulpix attack with ABILITY2
!! Vulpix has dodged attack !!
	+Pikachu HP: 35(Damage received: 2)
	+Vulpix HP: 26(Damage received: 0)

=====================!!! Round 4 !!!=====================
* CoolDown Pikachu: Ability1 [3] Ability2 [3]
* CoolDown Vulpix: Ability1 [0] Ability2 [7]
Pikachu attack with SPECIAL_ATTACK | Vulpix attack with NORMAL_ATTACK
	+Pikachu HP: 30(Damage received: 5)
	+Vulpix HP: 26(Damage received: 0)

=====================!!! Round 5 !!!=====================
* CoolDown Pikachu: Ability1 [2] Ability2 [2]
* CoolDown Vulpix: Ability1 [0] Ability2 [6]
Pikachu attack with SPECIAL_ATTACK | Vulpix attack with ABILITY1
	+Pikachu HP: 22(Damage received: 8)
	+Vulpix HP: 26(Damage received: 0)

=====================!!! Round 6 !!!=====================
* CoolDown Pikachu: Ability1 [1] Ability2 [1]
* CoolDown Vulpix: Ability1 [6] Ability2 [5]
Pikachu is stunned | Vulpix attack with NORMAL_ATTACK
	+Pikachu HP: 17(Damage received: 5)
	+Vulpix HP: 26(Damage received: 0)

=====================!!! Round 7 !!!=====================
* CoolDown Pikachu: Ability1 [0] Ability2 [0]
* CoolDown Vulpix: Ability1 [5] Ability2 [4]
Pikachu attack with SPECIAL_ATTACK | Vulpix attack with NORMAL_ATTACK
	+Pikachu HP: 12(Damage received: 5)
	+Vulpix HP: 26(Damage received: 0)

=====================!!! Round 8 !!!=====================
* CoolDown Pikachu: Ability1 [0] Ability2 [0]
* CoolDown Vulpix: Ability1 [4] Ability2 [3]
Pikachu attack with SPECIAL_ATTACK | Vulpix attack with NORMAL_ATTACK
	+Pikachu HP: 7(Damage received: 5)
	+Vulpix HP: 26(Damage received: 0)

=====================!!! Round 9 !!!=====================
* CoolDown Pikachu: Ability1 [0] Ability2 [0]
* CoolDown Vulpix: Ability1 [3] Ability2 [2]
Pikachu attack with SPECIAL_ATTACK | Vulpix attack with NORMAL_ATTACK
	+Pikachu HP: 2(Damage received: 5)
	+Vulpix HP: 26(Damage received: 0)

=====================!!! Round 10 !!!=====================
* CoolDown Pikachu: Ability1 [0] Ability2 [0]
* CoolDown Vulpix: Ability1 [2] Ability2 [1]
Pikachu attack with ABILITY2 | Vulpix attack with NORMAL_ATTACK
!! Pikachu has dodged attack !!
	+Pikachu HP: 2(Damage received: 0)
	+Vulpix HP: 22(Damage received: 4)

=====================!!! Round 11 !!!=====================
* CoolDown Pikachu: Ability1 [0] Ability2 [5]
* CoolDown Vulpix: Ability1 [1] Ability2 [0]
Pikachu attack with SPECIAL_ATTACK | Vulpix is stunned
	+Pikachu HP: 2(Damage received: 0)
	+Vulpix HP: 22(Damage received: 0)

=====================!!! Round 12 !!!=====================
* CoolDown Pikachu: Ability1 [0] Ability2 [4]
* CoolDown Vulpix: Ability1 [0] Ability2 [0]
Pikachu attack with SPECIAL_ATTACK | Vulpix attack with NORMAL_ATTACK
	+Pikachu HP: -3(Damage received: 5)
	+Vulpix HP: 22(Damage received: 0)

		+++ Result: Win Vulpix +++

Jigglypuff challenged Neutrel1
Jigglypuff have: [Sword{Attack +3}, ChristmasTree{Attack +3, Defence +1}]
Neutrel1 have: null
Jigglypuff HP: 34 Normal Attack: 10 Special Attack: null Defence: 3 Special Defence: null Ability{damage=4, stun=true, dodge=false, coolDown=4} Ability{damage=3, stun=true, dodge=false, coolDown=4}
Neutrel1 HP: 10 Normal Attack: 3 Special Attack: null Defence: 1 Special Defence: null null null

=====================!!! Round 1 !!!=====================
* CoolDown Jigglypuff: Ability1 [0] Ability2 [0]
* CoolDown Neutrel1: Ability1 [0] Ability2 [0]
Jigglypuff attack with ABILITY2 | Neutrel1 attack with NORMAL_ATTACK
	+Jigglypuff HP: 34(Damage received: 0)
	+Neutrel1 HP: 7(Damage received: 3)

=====================!!! Round 2 !!!=====================
* CoolDown Jigglypuff: Ability1 [0] Ability2 [4]
* CoolDown Neutrel1: Ability1 [0] Ability2 [0]
Jigglypuff attack with ABILITY1 | Neutrel1 is stunned
	+Jigglypuff HP: 34(Damage received: 0)
	+Neutrel1 HP: 3(Damage received: 4)

=====================!!! Round 3 !!!=====================
* CoolDown Jigglypuff: Ability1 [4] Ability2 [3]
* CoolDown Neutrel1: Ability1 [0] Ability2 [0]
Jigglypuff attack with NORMAL_ATTACK | Neutrel1 is stunned
	+Jigglypuff HP: 34(Damage received: 0)
	+Neutrel1 HP: -6(Damage received: 9)

		+++ Result: Win Jigglypuff +++

Jigglypuff challenged Neutrel1
Jigglypuff have: [Sword{Attack +3}, Shield{Defence +2, Special Defence +2}]
Neutrel1 have: null
Jigglypuff HP: 34 Normal Attack: 7 Special Attack: null Defence: 4 Special Defence: null Ability{damage=4, stun=true, dodge=false, coolDown=4} Ability{damage=3, stun=true, dodge=false, coolDown=4}
Neutrel1 HP: 10 Normal Attack: 3 Special Attack: null Defence: 1 Special Defence: null null null

=====================!!! Round 1 !!!=====================
* CoolDown Jigglypuff: Ability1 [0] Ability2 [0]
* CoolDown Neutrel1: Ability1 [0] Ability2 [0]
Jigglypuff attack with ABILITY2 | Neutrel1 attack with NORMAL_ATTACK
	+Jigglypuff HP: 34(Damage received: 0)
	+Neutrel1 HP: 7(Damage received: 3)

=====================!!! Round 2 !!!=====================
* CoolDown Jigglypuff: Ability1 [0] Ability2 [4]
* CoolDown Neutrel1: Ability1 [0] Ability2 [0]
Jigglypuff attack with NORMAL_ATTACK | Neutrel1 is stunned
	+Jigglypuff HP: 34(Damage received: 0)
	+Neutrel1 HP: 1(Damage received: 6)

=====================!!! Round 3 !!!=====================
* CoolDown Jigglypuff: Ability1 [0] Ability2 [3]
* CoolDown Neutrel1: Ability1 [0] Ability2 [0]
Jigglypuff attack with ABILITY1 | Neutrel1 attack with NORMAL_ATTACK
	+Jigglypuff HP: 34(Damage received: 0)
	+Neutrel1 HP: -3(Damage received: 4)

		+++ Result: Win Jigglypuff +++

Charmander challenged Psyduck
Charmander have: [Shield{Defence +2, Special Defence +2}, Sword{Attack +3}, Cape{Special Defence +3}]
Psyduck have: [Wand{Special Attack +3}, Shield{Defence +2, Special Defence +2}, Sword{Attack +3}]
Charmander HP: 50 Normal Attack: 7 Special Attack: null Defence: 5 Special Defence: null Ability{damage=4, stun=true, dodge=false, coolDown=4} Ability{damage=7, stun=false, dodge=false, coolDown=6}
Psyduck HP: 43 Normal Attack: 6 Special Attack: null Defence: 5 Special Defence: null Ability{damage=2, stun=false, dodge=false, coolDown=4} Ability{damage=2, stun=true, dodge=false, coolDown=5}

=====================!!! Round 1 !!!=====================
* CoolDown Charmander: Ability1 [0] Ability2 [0]
* CoolDown Psyduck: Ability1 [0] Ability2 [0]
Charmander attack with ABILITY2 | Psyduck attack with NORMAL_ATTACK
	+Charmander HP: 49(Damage received: 1)
	+Psyduck HP: 36(Damage received: 7)

=====================!!! Round 2 !!!=====================
* CoolDown Charmander: Ability1 [0] Ability2 [6]
* CoolDown Psyduck: Ability1 [0] Ability2 [0]
Charmander attack with NORMAL_ATTACK | Psyduck attack with ABILITY1
	+Charmander HP: 47(Damage received: 2)
	+Psyduck HP: 34(Damage received: 2)

=====================!!! Round 3 !!!=====================
* CoolDown Charmander: Ability1 [0] Ability2 [5]
* CoolDown Psyduck: Ability1 [4] Ability2 [0]
Charmander attack with NORMAL_ATTACK | Psyduck attack with ABILITY2
	+Charmander HP: 45(Damage received: 2)
	+Psyduck HP: 32(Damage received: 2)

=====================!!! Round 4 !!!=====================
* CoolDown Charmander: Ability1 [0] Ability2 [4]
* CoolDown Psyduck: Ability1 [3] Ability2 [5]
Charmander is stunned | Psyduck attack with NORMAL_ATTACK
	+Charmander HP: 44(Damage received: 1)
	+Psyduck HP: 32(Damage received: 0)

=====================!!! Round 5 !!!=====================
* CoolDown Charmander: Ability1 [0] Ability2 [3]
* CoolDown Psyduck: Ability1 [2] Ability2 [4]
Charmander attack with NORMAL_ATTACK | Psyduck attack with NORMAL_ATTACK
	+Charmander HP: 43(Damage received: 1)
	+Psyduck HP: 30(Damage received: 2)

=====================!!! Round 6 !!!=====================
* CoolDown Charmander: Ability1 [0] Ability2 [2]
* CoolDown Psyduck: Ability1 [1] Ability2 [3]
Charmander attack with ABILITY1 | Psyduck attack with NORMAL_ATTACK
	+Charmander HP: 42(Damage received: 1)
	+Psyduck HP: 26(Damage received: 4)

=====================!!! Round 7 !!!=====================
* CoolDown Charmander: Ability1 [4] Ability2 [1]
* CoolDown Psyduck: Ability1 [0] Ability2 [2]
Charmander attack with NORMAL_ATTACK | Psyduck is stunned
	+Charmander HP: 42(Damage received: 0)
	+Psyduck HP: 24(Damage received: 2)

=====================!!! Round 8 !!!=====================
* CoolDown Charmander: Ability1 [3] Ability2 [0]
* CoolDown Psyduck: Ability1 [0] Ability2 [1]
Charmander attack with ABILITY2 | Psyduck attack with NORMAL_ATTACK
	+Charmander HP: 41(Damage received: 1)
	+Psyduck HP: 17(Damage received: 7)

=====================!!! Round 9 !!!=====================
* CoolDown Charmander: Ability1 [2] Ability2 [6]
* CoolDown Psyduck: Ability1 [0] Ability2 [0]
Charmander attack with NORMAL_ATTACK | Psyduck attack with NORMAL_ATTACK
	+Charmander HP: 40(Damage received: 1)
	+Psyduck HP: 15(Damage received: 2)

=====================!!! Round 10 !!!=====================
* CoolDown Charmander: Ability1 [1] Ability2 [5]
* CoolDown Psyduck: Ability1 [0] Ability2 [0]
Charmander attack with NORMAL_ATTACK | Psyduck attack with ABILITY1
	+Charmander HP: 38(Damage received: 2)
	+Psyduck HP: 13(Damage received: 2)

=====================!!! Round 11 !!!=====================
* CoolDown Charmander: Ability1 [0] Ability2 [4]
* CoolDown Psyduck: Ability1 [4] Ability2 [0]
Charmander attack with ABILITY1 | Psyduck attack with ABILITY2
	+Charmander HP: 36(Damage received: 2)
	+Psyduck HP: 9(Damage received: 4)

=====================!!! Round 12 !!!=====================
* CoolDown Charmander: Ability1 [4] Ability2 [3]
* CoolDown Psyduck: Ability1 [3] Ability2 [5]
Charmander is stunned | Psyduck is stunned
	+Charmander HP: 36(Damage received: 0)
	+Psyduck HP: 9(Damage received: 0)

=====================!!! Round 13 !!!=====================
* CoolDown Charmander: Ability1 [3] Ability2 [2]
* CoolDown Psyduck: Ability1 [2] Ability2 [4]
Charmander attack with NORMAL_ATTACK | Psyduck attack with NORMAL_ATTACK
	+Charmander HP: 35(Damage received: 1)
	+Psyduck HP: 7(Damage received: 2)

=====================!!! Round 14 !!!=====================
* CoolDown Charmander: Ability1 [2] Ability2 [1]
* CoolDown Psyduck: Ability1 [1] Ability2 [3]
Charmander attack with NORMAL_ATTACK | Psyduck attack with NORMAL_ATTACK
	+Charmander HP: 34(Damage received: 1)
	+Psyduck HP: 5(Damage received: 2)

=====================!!! Round 15 !!!=====================
* CoolDown Charmander: Ability1 [1] Ability2 [0]
* CoolDown Psyduck: Ability1 [0] Ability2 [2]
Charmander attack with ABILITY2 | Psyduck attack with NORMAL_ATTACK
	+Charmander HP: 33(Damage received: 1)
	+Psyduck HP: -2(Damage received: 7)

		+++ Result: Win Charmander +++

Pikachu challenged Neutrel2
Pikachu have: [ChristmasTree{Attack +3, Defence +1}, Sword{Attack +3}, Vitamins{HP +2, Attack +2, Special Attack +2}]
Neutrel2 have: null
Pikachu HP: 37 Normal Attack: null Special Attack: 6 Defence: 3 Special Defence: 6 Ability{damage=6, stun=false, dodge=false, coolDown=4} Ability{damage=4, stun=true, dodge=true, coolDown=5}
Neutrel2 HP: 20 Normal Attack: 4 Special Attack: null Defence: 1 Special Defence: null null null

=====================!!! Round 1 !!!=====================
* CoolDown Pikachu: Ability1 [0] Ability2 [0]
* CoolDown Neutrel2: Ability1 [0] Ability2 [0]
Pikachu attack with SPECIAL_ATTACK | Neutrel2 attack with NORMAL_ATTACK
	+Pikachu HP: 36(Damage received: 1)
	+Neutrel2 HP: 15(Damage received: 5)

=====================!!! Round 2 !!!=====================
* CoolDown Pikachu: Ability1 [0] Ability2 [0]
* CoolDown Neutrel2: Ability1 [0] Ability2 [0]
Pikachu attack with ABILITY1 | Neutrel2 attack with NORMAL_ATTACK
	+Pikachu HP: 35(Damage received: 1)
	+Neutrel2 HP: 9(Damage received: 6)

=====================!!! Round 3 !!!=====================
* CoolDown Pikachu: Ability1 [4] Ability2 [0]
* CoolDown Neutrel2: Ability1 [0] Ability2 [0]
Pikachu attack with ABILITY2 | Neutrel2 attack with NORMAL_ATTACK
!! Pikachu has dodged attack !!
	+Pikachu HP: 35(Damage received: 0)
	+Neutrel2 HP: 5(Damage received: 4)

=====================!!! Round 4 !!!=====================
* CoolDown Pikachu: Ability1 [3] Ability2 [5]
* CoolDown Neutrel2: Ability1 [0] Ability2 [0]
Pikachu attack with SPECIAL_ATTACK | Neutrel2 is stunned
	+Pikachu HP: 35(Damage received: 0)
	+Neutrel2 HP: 0(Damage received: 5)

		+++ Result: Win Pikachu +++

Vulpix challenged Neutrel2
Vulpix have: [Wand{Special Attack +3}, Shield{Defence +2, Special Defence +2}]
Neutrel2 have: null
Vulpix HP: 37 Normal Attack: 6 Special Attack: null Defence: 5 Special Defence: null Ability{damage=8, stun=true, dodge=false, coolDown=6} Ability{damage=2, stun=false, dodge=true, coolDown=7}
Neutrel2 HP: 20 Normal Attack: 4 Special Attack: null Defence: 1 Special Defence: null null null

=====================!!! Round 1 !!!=====================
* CoolDown Vulpix: Ability1 [0] Ability2 [0]
* CoolDown Neutrel2: Ability1 [0] Ability2 [0]
Vulpix attack with ABILITY2 | Neutrel2 attack with NORMAL_ATTACK
!! Vulpix has dodged attack !!
	+Vulpix HP: 37(Damage received: 0)
	+Neutrel2 HP: 18(Damage received: 2)

=====================!!! Round 2 !!!=====================
* CoolDown Vulpix: Ability1 [0] Ability2 [7]
* CoolDown Neutrel2: Ability1 [0] Ability2 [0]
Vulpix attack with ABILITY1 | Neutrel2 attack with NORMAL_ATTACK
	+Vulpix HP: 37(Damage received: 0)
	+Neutrel2 HP: 10(Damage received: 8)

=====================!!! Round 3 !!!=====================
* CoolDown Vulpix: Ability1 [6] Ability2 [6]
* CoolDown Neutrel2: Ability1 [0] Ability2 [0]
Vulpix attack with NORMAL_ATTACK | Neutrel2 is stunned
	+Vulpix HP: 37(Damage received: 0)
	+Neutrel2 HP: 5(Damage received: 5)

=====================!!! Round 4 !!!=====================
* CoolDown Vulpix: Ability1 [5] Ability2 [5]
* CoolDown Neutrel2: Ability1 [0] Ability2 [0]
Vulpix attack with NORMAL_ATTACK | Neutrel2 attack with NORMAL_ATTACK
	+Vulpix HP: 37(Damage received: 0)
	+Neutrel2 HP: 0(Damage received: 5)

		+++ Result: Win Vulpix +++

Pikachu challenged Neutrel2
Pikachu have: [ChristmasTree{Attack +3, Defence +1}, Sword{Attack +3}]
Neutrel2 have: null
Pikachu HP: 36 Normal Attack: null Special Attack: 5 Defence: 4 Special Defence: 5 Ability{damage=6, stun=false, dodge=false, coolDown=4} Ability{damage=4, stun=true, dodge=true, coolDown=5}
Neutrel2 HP: 20 Normal Attack: 4 Special Attack: null Defence: 1 Special Defence: null null null

=====================!!! Round 1 !!!=====================
* CoolDown Pikachu: Ability1 [0] Ability2 [0]
* CoolDown Neutrel2: Ability1 [0] Ability2 [0]
Pikachu attack with ABILITY2 | Neutrel2 attack with NORMAL_ATTACK
!! Pikachu has dodged attack !!
	+Pikachu HP: 36(Damage received: 0)
	+Neutrel2 HP: 16(Damage received: 4)

=====================!!! Round 2 !!!=====================
* CoolDown Pikachu: Ability1 [0] Ability2 [5]
* CoolDown Neutrel2: Ability1 [0] Ability2 [0]
Pikachu attack with SPECIAL_ATTACK | Neutrel2 is stunned
	+Pikachu HP: 36(Damage received: 0)
	+Neutrel2 HP: 12(Damage received: 4)

=====================!!! Round 3 !!!=====================
* CoolDown Pikachu: Ability1 [0] Ability2 [4]
* CoolDown Neutrel2: Ability1 [0] Ability2 [0]
Pikachu attack with ABILITY1 | Neutrel2 attack with NORMAL_ATTACK
	+Pikachu HP: 36(Damage received: 0)
	+Neutrel2 HP: 6(Damage received: 6)

=====================!!! Round 4 !!!=====================
* CoolDown Pikachu: Ability1 [4] Ability2 [3]
* CoolDown Neutrel2: Ability1 [0] Ability2 [0]
Pikachu attack with SPECIAL_ATTACK | Neutrel2 attack with NORMAL_ATTACK
	+Pikachu HP: 36(Damage received: 0)
	+Neutrel2 HP: 2(Damage received: 4)

=====================!!! Round 5 !!!=====================
* CoolDown Pikachu: Ability1 [3] Ability2 [2]
* CoolDown Neutrel2: Ability1 [0] Ability2 [0]
Pikachu attack with SPECIAL_ATTACK | Neutrel2 attack with NORMAL_ATTACK
	+Pikachu HP: 36(Damage received: 0)
	+Neutrel2 HP: -2(Damage received: 4)

		+++ Result: Win Pikachu +++

Psyduck challenged Neutrel2
Psyduck have: [Wand{Special Attack +3}, Shield{Defence +2, Special Defence +2}, Sword{Attack +3}]
Neutrel2 have: null
Psyduck HP: 43 Normal Attack: 6 Special Attack: null Defence: 5 Special Defence: null Ability{damage=2, stun=false, dodge=false, coolDown=4} Ability{damage=2, stun=true, dodge=false, coolDown=5}
Neutrel2 HP: 20 Normal Attack: 4 Special Attack: null Defence: 1 Special Defence: null null null

=====================!!! Round 1 !!!=====================
* CoolDown Psyduck: Ability1 [0] Ability2 [0]
* CoolDown Neutrel2: Ability1 [0] Ability2 [0]
Psyduck attack with ABILITY2 | Neutrel2 attack with NORMAL_ATTACK
	+Psyduck HP: 43(Damage received: 0)
	+Neutrel2 HP: 18(Damage received: 2)

=====================!!! Round 2 !!!=====================
* CoolDown Psyduck: Ability1 [0] Ability2 [5]
* CoolDown Neutrel2: Ability1 [0] Ability2 [0]
Psyduck attack with ABILITY1 | Neutrel2 is stunned
	+Psyduck HP: 43(Damage received: 0)
	+Neutrel2 HP: 16(Damage received: 2)

=====================!!! Round 3 !!!=====================
* CoolDown Psyduck: Ability1 [4] Ability2 [4]
* CoolDown Neutrel2: Ability1 [0] Ability2 [0]
Psyduck attack with NORMAL_ATTACK | Neutrel2 attack with NORMAL_ATTACK
	+Psyduck HP: 43(Damage received: 0)
	+Neutrel2 HP: 11(Damage received: 5)

=====================!!! Round 4 !!!=====================
* CoolDown Psyduck: Ability1 [3] Ability2 [3]
* CoolDown Neutrel2: Ability1 [0] Ability2 [0]
Psyduck attack with NORMAL_ATTACK | Neutrel2 attack with NORMAL_ATTACK
	+Psyduck HP: 43(Damage received: 0)
	+Neutrel2 HP: 6(Damage received: 5)

=====================!!! Round 5 !!!=====================
* CoolDown Psyduck: Ability1 [2] Ability2 [2]
* CoolDown Neutrel2: Ability1 [0] Ability2 [0]
Psyduck attack with NORMAL_ATTACK | Neutrel2 attack with NORMAL_ATTACK
	+Psyduck HP: 43(Damage received: 0)
	+Neutrel2 HP: 1(Damage received: 5)

=====================!!! Round 6 !!!=====================
* CoolDown Psyduck: Ability1 [1] Ability2 [1]
* CoolDown Neutrel2: Ability1 [0] Ability2 [0]
Psyduck attack with NORMAL_ATTACK | Neutrel2 attack with NORMAL_ATTACK
	+Psyduck HP: 43(Damage received: 0)
	+Neutrel2 HP: -4(Damage received: 5)

		+++ Result: Win Psyduck +++

Charmander challenged Neutrel1
Charmander have: [Shield{Defence +2, Special Defence +2}, Sword{Attack +3}, Cape{Special Defence +3}]
Neutrel1 have: null
Charmander HP: 51 Normal Attack: 8 Special Attack: null Defence: 6 Special Defence: null Ability{damage=4, stun=true, dodge=false, coolDown=4} Ability{damage=7, stun=false, dodge=false, coolDown=6}
Neutrel1 HP: 10 Normal Attack: 3 Special Attack: null Defence: 1 Special Defence: null null null

=====================!!! Round 1 !!!=====================
* CoolDown Charmander: Ability1 [0] Ability2 [0]
* CoolDown Neutrel1: Ability1 [0] Ability2 [0]
Charmander attack with ABILITY1 | Neutrel1 attack with NORMAL_ATTACK
	+Charmander HP: 51(Damage received: 0)
	+Neutrel1 HP: 6(Damage received: 4)

=====================!!! Round 2 !!!=====================
* CoolDown Charmander: Ability1 [4] Ability2 [0]
* CoolDown Neutrel1: Ability1 [0] Ability2 [0]
Charmander attack with ABILITY2 | Neutrel1 is stunned
	+Charmander HP: 51(Damage received: 0)
	+Neutrel1 HP: -1(Damage received: 7)

		+++ Result: Win Charmander +++

Psyduck challenged Neutrel1
Psyduck have: [Wand{Special Attack +3}, Shield{Defence +2, Special Defence +2}, Sword{Attack +3}]
Neutrel1 have: null
Psyduck HP: 44 Normal Attack: 7 Special Attack: null Defence: 6 Special Defence: null Ability{damage=2, stun=false, dodge=false, coolDown=4} Ability{damage=2, stun=true, dodge=false, coolDown=5}
Neutrel1 HP: 10 Normal Attack: 3 Special Attack: null Defence: 1 Special Defence: null null null

=====================!!! Round 1 !!!=====================
* CoolDown Psyduck: Ability1 [0] Ability2 [0]
* CoolDown Neutrel1: Ability1 [0] Ability2 [0]
Psyduck attack with NORMAL_ATTACK | Neutrel1 attack with NORMAL_ATTACK
	+Psyduck HP: 44(Damage received: 0)
	+Neutrel1 HP: 4(Damage received: 6)

=====================!!! Round 2 !!!=====================
* CoolDown Psyduck: Ability1 [0] Ability2 [0]
* CoolDown Neutrel1: Ability1 [0] Ability2 [0]
Psyduck attack with ABILITY1 | Neutrel1 attack with NORMAL_ATTACK
	+Psyduck HP: 44(Damage received: 0)
	+Neutrel1 HP: 2(Damage received: 2)

=====================!!! Round 3 !!!=====================
* CoolDown Psyduck: Ability1 [4] Ability2 [0]
* CoolDown Neutrel1: Ability1 [0] Ability2 [0]
Psyduck attack with ABILITY2 | Neutrel1 attack with NORMAL_ATTACK
	+Psyduck HP: 44(Damage received: 0)
	+Neutrel1 HP: 0(Damage received: 2)

		+++ Result: Win Psyduck +++

Pikachu challenged Jigglypuff
Pikachu have: [ChristmasTree{Attack +3, Defence +1}, Sword{Attack +3}, Vitamins{HP +2, Attack +2, Special Attack +2}]
Jigglypuff have: [Sword{Attack +3}, Shield{Defence +2, Special Defence +2}]
Pikachu HP: 39 Normal Attack: null Special Attack: 8 Defence: 5 Special Defence: 8 Ability{damage=6, stun=false, dodge=false, coolDown=4} Ability{damage=4, stun=true, dodge=true, coolDown=5}
Jigglypuff HP: 35 Normal Attack: 8 Special Attack: null Defence: 5 Special Defence: null Ability{damage=4, stun=true, dodge=false, coolDown=4} Ability{damage=3, stun=true, dodge=false, coolDown=4}

=====================!!! Round 1 !!!=====================
* CoolDown Pikachu: Ability1 [0] Ability2 [0]
* CoolDown Jigglypuff: Ability1 [0] Ability2 [0]
Pikachu attack with ABILITY1 | Jigglypuff attack with NORMAL_ATTACK
	+Pikachu HP: 36(Damage received: 3)
	+Jigglypuff HP: 29(Damage received: 6)

=====================!!! Round 2 !!!=====================
* CoolDown Pikachu: Ability1 [4] Ability2 [0]
* CoolDown Jigglypuff: Ability1 [0] Ability2 [0]
Pikachu attack with ABILITY2 | Jigglypuff attack with ABILITY2
!! Pikachu has dodged attack !!
	+Pikachu HP: 36(Damage received: 0)
	+Jigglypuff HP: 25(Damage received: 4)

=====================!!! Round 3 !!!=====================
* CoolDown Pikachu: Ability1 [3] Ability2 [5]
* CoolDown Jigglypuff: Ability1 [0] Ability2 [4]
Pikachu is stunned | Jigglypuff is stunned
	+Pikachu HP: 36(Damage received: 0)
	+Jigglypuff HP: 25(Damage received: 0)

=====================!!! Round 4 !!!=====================
* CoolDown Pikachu: Ability1 [2] Ability2 [4]
* CoolDown Jigglypuff: Ability1 [0] Ability2 [3]
Pikachu attack with SPECIAL_ATTACK | Jigglypuff attack with NORMAL_ATTACK
	+Pikachu HP: 33(Damage received: 3)
	+Jigglypuff HP: 23(Damage received: 2)

=====================!!! Round 5 !!!=====================
* CoolDown Pikachu: Ability1 [1] Ability2 [3]
* CoolDown Jigglypuff: Ability1 [0] Ability2 [2]
Pikachu attack with SPECIAL_ATTACK | Jigglypuff attack with ABILITY1
	+Pikachu HP: 29(Damage received: 4)
	+Jigglypuff HP: 21(Damage received: 2)

=====================!!! Round 6 !!!=====================
* CoolDown Pikachu: Ability1 [0] Ability2 [2]
* CoolDown Jigglypuff: Ability1 [4] Ability2 [1]
Pikachu is stunned | Jigglypuff attack with NORMAL_ATTACK
	+Pikachu HP: 26(Damage received: 3)
	+Jigglypuff HP: 21(Damage received: 0)

=====================!!! Round 7 !!!=====================
* CoolDown Pikachu: Ability1 [0] Ability2 [1]
* CoolDown Jigglypuff: Ability1 [3] Ability2 [0]
Pikachu attack with ABILITY1 | Jigglypuff attack with ABILITY2
	+Pikachu HP: 23(Damage received: 3)
	+Jigglypuff HP: 15(Damage received: 6)

=====================!!! Round 8 !!!=====================
* CoolDown Pikachu: Ability1 [4] Ability2 [0]
* CoolDown Jigglypuff: Ability1 [2] Ability2 [4]
Pikachu is stunned | Jigglypuff attack with NORMAL_ATTACK
	+Pikachu HP: 20(Damage received: 3)
	+Jigglypuff HP: 15(Damage received: 0)

=====================!!! Round 9 !!!=====================
* CoolDown Pikachu: Ability1 [3] Ability2 [0]
* CoolDown Jigglypuff: Ability1 [1] Ability2 [3]
Pikachu attack with SPECIAL_ATTACK | Jigglypuff attack with NORMAL_ATTACK
	+Pikachu HP: 17(Damage received: 3)
	+Jigglypuff HP: 13(Damage received: 2)

=====================!!! Round 10 !!!=====================
* CoolDown Pikachu: Ability1 [2] Ability2 [0]
* CoolDown Jigglypuff: Ability1 [0] Ability2 [2]
Pikachu attack with ABILITY2 | Jigglypuff attack with ABILITY1
!! Pikachu has dodged attack !!
	+Pikachu HP: 17(Damage received: 0)
	+Jigglypuff HP: 9(Damage received: 4)

=====================!!! Round 11 !!!=====================
* CoolDown Pikachu: Ability1 [1] Ability2 [5]
* CoolDown Jigglypuff: Ability1 [4] Ability2 [1]
Pikachu is stunned | Jigglypuff is stunned
	+Pikachu HP: 17(Damage received: 0)
	+Jigglypuff HP: 9(Damage received: 0)

=====================!!! Round 12 !!!=====================
* CoolDown Pikachu: Ability1 [0] Ability2 [4]
* CoolDown Jigglypuff: Ability1 [3] Ability2 [0]
Pikachu attack with ABILITY1 | Jigglypuff attack with ABILITY2
	+Pikachu HP: 14(Damage received: 3)
	+Jigglypuff HP: 3(Damage received: 6)

=====================!!! Round 13 !!!=====================
* CoolDown Pikachu: Ability1 [4] Ability2 [3]
* CoolDown Jigglypuff: Ability1 [2] Ability2 [4]
Pikachu is stunned | Jigglypuff attack with NORMAL_ATTACK
	+Pikachu HP: 11(Damage received: 3)
	+Jigglypuff HP: 3(Damage received: 0)

=====================!!! Round 14 !!!=====================
* CoolDown Pikachu: Ability1 [3] Ability2 [2]
* CoolDown Jigglypuff: Ability1 [1] Ability2 [3]
Pikachu attack with SPECIAL_ATTACK | Jigglypuff attack with NORMAL_ATTACK
	+Pikachu HP: 8(Damage received: 3)
	+Jigglypuff HP: 1(Damage received: 2)

=====================!!! Round 15 !!!=====================
* CoolDown Pikachu: Ability1 [2] Ability2 [1]
* CoolDown Jigglypuff: Ability1 [0] Ability2 [2]
Pikachu attack with SPECIAL_ATTACK | Jigglypuff attack with NORMAL_ATTACK
	+Pikachu HP: 5(Damage received: 3)
	+Jigglypuff HP: -1(Damage received: 2)

		+++ Result: Win Pikachu +++

Jigglypuff challenged Vulpix
Jigglypuff have: [ChristmasTree{Attack +3, Defence +1}, Sword{Attack +3}, Cape{Special Defence +3}]
Vulpix have: [Wand{Special Attack +3}, Shield{Defence +2, Special Defence +2}, Sword{Attack +3}]
Jigglypuff HP: 35 Normal Attack: 11 Special Attack: null Defence: 4 Special Defence: null Ability{damage=4, stun=true, dodge=false, coolDown=4} Ability{damage=3, stun=true, dodge=false, coolDown=4}
Vulpix HP: 38 Normal Attack: 10 Special Attack: null Defence: 6 Special Defence: null Ability{damage=8, stun=true, dodge=false, coolDown=6} Ability{damage=2, stun=false, dodge=true, coolDown=7}

=====================!!! Round 1 !!!=====================
* CoolDown Jigglypuff: Ability1 [0] Ability2 [0]
* CoolDown Vulpix: Ability1 [0] Ability2 [0]
Jigglypuff attack with ABILITY2 | Vulpix attack with ABILITY1
	+Jigglypuff HP: 27(Damage received: 8)
	+Vulpix HP: 35(Damage received: 3)

=====================!!! Round 2 !!!=====================
* CoolDown Jigglypuff: Ability1 [0] Ability2 [4]
* CoolDown Vulpix: Ability1 [6] Ability2 [0]
Jigglypuff is stunned | Vulpix is stunned
	+Jigglypuff HP: 27(Damage received: 0)
	+Vulpix HP: 35(Damage received: 0)

=====================!!! Round 3 !!!=====================
* CoolDown Jigglypuff: Ability1 [0] Ability2 [3]
* CoolDown Vulpix: Ability1 [5] Ability2 [0]
Jigglypuff attack with ABILITY1 | Vulpix attack with NORMAL_ATTACK
	+Jigglypuff HP: 21(Damage received: 6)
	+Vulpix HP: 31(Damage received: 4)

=====================!!! Round 4 !!!=====================
* CoolDown Jigglypuff: Ability1 [4] Ability2 [2]
* CoolDown Vulpix: Ability1 [4] Ability2 [0]
Jigglypuff attack with NORMAL_ATTACK | Vulpix is stunned
	+Jigglypuff HP: 21(Damage received: 0)
	+Vulpix HP: 26(Damage received: 5)

=====================!!! Round 5 !!!=====================
* CoolDown Jigglypuff: Ability1 [3] Ability2 [1]
* CoolDown Vulpix: Ability1 [3] Ability2 [0]
Jigglypuff attack with NORMAL_ATTACK | Vulpix attack with ABILITY2
!! Vulpix has dodged attack !!
	+Jigglypuff HP: 19(Damage received: 2)
	+Vulpix HP: 26(Damage received: 0)

=====================!!! Round 6 !!!=====================
* CoolDown Jigglypuff: Ability1 [2] Ability2 [0]
* CoolDown Vulpix: Ability1 [2] Ability2 [7]
Jigglypuff attack with NORMAL_ATTACK | Vulpix attack with NORMAL_ATTACK
	+Jigglypuff HP: 13(Damage received: 6)
	+Vulpix HP: 21(Damage received: 5)

=====================!!! Round 7 !!!=====================
* CoolDown Jigglypuff: Ability1 [1] Ability2 [0]
* CoolDown Vulpix: Ability1 [1] Ability2 [6]
Jigglypuff attack with ABILITY2 | Vulpix attack with NORMAL_ATTACK
	+Jigglypuff HP: 7(Damage received: 6)
	+Vulpix HP: 18(Damage received: 3)

=====================!!! Round 8 !!!=====================
* CoolDown Jigglypuff: Ability1 [0] Ability2 [4]
* CoolDown Vulpix: Ability1 [0] Ability2 [5]
Jigglypuff attack with NORMAL_ATTACK | Vulpix is stunned
	+Jigglypuff HP: 7(Damage received: 0)
	+Vulpix HP: 13(Damage received: 5)

=====================!!! Round 9 !!!=====================
* CoolDown Jigglypuff: Ability1 [0] Ability2 [3]
* CoolDown Vulpix: Ability1 [0] Ability2 [4]
Jigglypuff attack with NORMAL_ATTACK | Vulpix attack with NORMAL_ATTACK
	+Jigglypuff HP: 1(Damage received: 6)
	+Vulpix HP: 8(Damage received: 5)

=====================!!! Round 10 !!!=====================
* CoolDown Jigglypuff: Ability1 [0] Ability2 [2]
* CoolDown Vulpix: Ability1 [0] Ability2 [3]
Jigglypuff attack with NORMAL_ATTACK | Vulpix attack with NORMAL_ATTACK
	+Jigglypuff HP: -5(Damage received: 6)
	+Vulpix HP: 3(Damage received: 5)

		+++ Result: Win Vulpix +++

Charmander challenged Psyduck
Charmander have: [Shield{Defence +2, Special Defence +2}, Sword{Attack +3}, Cape{Special Defence +3}]
Psyduck have: [Wand{Special Attack +3}, Shield{Defence +2, Special Defence +2}, Sword{Attack +3}]
Charmander HP: 52 Normal Attack: 9 Special Attack: null Defence: 7 Special Defence: null Ability{damage=4, stun=true, dodge=false, coolDown=4} Ability{damage=7, stun=false, dodge=false, coolDown=6}
Psyduck HP: 45 Normal Attack: 8 Special Attack: null Defence: 7 Special Defence: null Ability{damage=2, stun=false, dodge=false, coolDown=4} Ability{damage=2, stun=true, dodge=false, coolDown=5}

=====================!!! Round 1 !!!=====================
* CoolDown Charmander: Ability1 [0] Ability2 [0]
* CoolDown Psyduck: Ability1 [0] Ability2 [0]
Charmander attack with NORMAL_ATTACK | Psyduck attack with NORMAL_ATTACK
	+Charmander HP: 51(Damage received: 1)
	+Psyduck HP: 43(Damage received: 2)

=====================!!! Round 2 !!!=====================
* CoolDown Charmander: Ability1 [0] Ability2 [0]
* CoolDown Psyduck: Ability1 [0] Ability2 [0]
Charmander attack with ABILITY2 | Psyduck attack with ABILITY2
	+Charmander HP: 49(Damage received: 2)
	+Psyduck HP: 36(Damage received: 7)

=====================!!! Round 3 !!!=====================
* CoolDown Charmander: Ability1 [0] Ability2 [6]
* CoolDown Psyduck: Ability1 [0] Ability2 [5]
Charmander is stunned | Psyduck attack with NORMAL_ATTACK
	+Charmander HP: 48(Damage received: 1)
	+Psyduck HP: 36(Damage received: 0)

=====================!!! Round 4 !!!=====================
* CoolDown Charmander: Ability1 [0] Ability2 [5]
* CoolDown Psyduck: Ability1 [0] Ability2 [4]
Charmander attack with ABILITY1 | Psyduck attack with ABILITY1
	+Charmander HP: 46(Damage received: 2)
	+Psyduck HP: 32(Damage received: 4)

=====================!!! Round 5 !!!=====================
* CoolDown Charmander: Ability1 [4] Ability2 [4]
* CoolDown Psyduck: Ability1 [4] Ability2 [3]
Charmander attack with NORMAL_ATTACK | Psyduck is stunned
	+Charmander HP: 46(Damage received: 0)
	+Psyduck HP: 30(Damage received: 2)

=====================!!! Round 6 !!!=====================
* CoolDown Charmander: Ability1 [3] Ability2 [3]
* CoolDown Psyduck: Ability1 [3] Ability2 [2]
Charmander attack with NORMAL_ATTACK | Psyduck attack with NORMAL_ATTACK
	+Charmander HP: 45(Damage received: 1)
	+Psyduck HP: 28(Damage received: 2)

=====================!!! Round 7 !!!=====================
* CoolDown Charmander: Ability1 [2] Ability2 [2]
* CoolDown Psyduck: Ability1 [2] Ability2 [1]
Charmander attack with NORMAL_ATTACK | Psyduck attack with NORMAL_ATTACK
	+Charmander HP: 44(Damage received: 1)
	+Psyduck HP: 26(Damage received: 2)

=====================!!! Round 8 !!!=====================
* CoolDown Charmander: Ability1 [1] Ability2 [1]
* CoolDown Psyduck: Ability1 [1] Ability2 [0]
Charmander attack with NORMAL_ATTACK | Psyduck attack with NORMAL_ATTACK
	+Charmander HP: 43(Damage received: 1)
	+Psyduck HP: 24(Damage received: 2)

=====================!!! Round 9 !!!=====================
* CoolDown Charmander: Ability1 [0] Ability2 [0]
* CoolDown Psyduck: Ability1 [0] Ability2 [0]
Charmander attack with NORMAL_ATTACK | Psyduck attack with ABILITY2
	+Charmander HP: 41(Damage received: 2)
	+Psyduck HP: 22(Damage received: 2)

=====================!!! Round 10 !!!=====================
* CoolDown Charmander: Ability1 [0] Ability2 [0]
* CoolDown Psyduck: Ability1 [0] Ability2 [5]
Charmander is stunned | Psyduck attack with ABILITY1
	+Charmander HP: 39(Damage received: 2)
	+Psyduck HP: 22(Damage received: 0)

=====================!!! Round 11 !!!=====================
* CoolDown Charmander: Ability1 [0] Ability2 [0]
* CoolDown Psyduck: Ability1 [4] Ability2 [4]
Charmander attack with NORMAL_ATTACK | Psyduck attack with NORMAL_ATTACK
	+Charmander HP: 38(Damage received: 1)
	+Psyduck HP: 20(Damage received: 2)

=====================!!! Round 12 !!!=====================
* CoolDown Charmander: Ability1 [0] Ability2 [0]
* CoolDown Psyduck: Ability1 [3] Ability2 [3]
Charmander attack with ABILITY1 | Psyduck attack with NORMAL_ATTACK
	+Charmander HP: 37(Damage received: 1)
	+Psyduck HP: 16(Damage received: 4)

=====================!!! Round 13 !!!=====================
* CoolDown Charmander: Ability1 [4] Ability2 [0]
* CoolDown Psyduck: Ability1 [2] Ability2 [2]
Charmander attack with NORMAL_ATTACK | Psyduck is stunned
	+Charmander HP: 37(Damage received: 0)
	+Psyduck HP: 14(Damage received: 2)

=====================!!! Round 14 !!!=====================
* CoolDown Charmander: Ability1 [3] Ability2 [0]
* CoolDown Psyduck: Ability1 [1] Ability2 [1]
Charmander attack with NORMAL_ATTACK | Psyduck attack with NORMAL_ATTACK
	+Charmander HP: 36(Damage received: 1)
	+Psyduck HP: 12(Damage received: 2)

=====================!!! Round 15 !!!=====================
* CoolDown Charmander: Ability1 [2] Ability2 [0]
* CoolDown Psyduck: Ability1 [0] Ability2 [0]
Charmander attack with NORMAL_ATTACK | Psyduck attack with ABILITY1
	+Charmander HP: 34(Damage received: 2)
	+Psyduck HP: 10(Damage received: 2)

=====================!!! Round 16 !!!=====================
* CoolDown Charmander: Ability1 [1] Ability2 [0]
* CoolDown Psyduck: Ability1 [4] Ability2 [0]
Charmander attack with ABILITY2 | Psyduck attack with NORMAL_ATTACK
	+Charmander HP: 33(Damage received: 1)
	+Psyduck HP: 3(Damage received: 7)

=====================!!! Round 17 !!!=====================
* CoolDown Charmander: Ability1 [0] Ability2 [6]
* CoolDown Psyduck: Ability1 [3] Ability2 [0]
Charmander attack with NORMAL_ATTACK | Psyduck attack with NORMAL_ATTACK
	+Charmander HP: 32(Damage received: 1)
	+Psyduck HP: 1(Damage received: 2)

=====================!!! Round 18 !!!=====================
* CoolDown Charmander: Ability1 [0] Ability2 [5]
* CoolDown Psyduck: Ability1 [2] Ability2 [0]
Charmander attack with NORMAL_ATTACK | Psyduck attack with ABILITY2
	+Charmander HP: 30(Damage received: 2)
	+Psyduck HP: -1(Damage received: 2)

		+++ Result: Win Charmander +++

Charmander challenged Vulpix
Charmander have: [Shield{Defence +2, Special Defence +2}, Sword{Attack +3}, Cape{Special Defence +3}]
Vulpix have: [Wand{Special Attack +3}, Shield{Defence +2, Special Defence +2}, Sword{Attack +3}]
Charmander HP: 53 Normal Attack: 10 Special Attack: null Defence: 8 Special Defence: null Ability{damage=4, stun=true, dodge=false, coolDown=4} Ability{damage=7, stun=false, dodge=false, coolDown=6}
Vulpix HP: 39 Normal Attack: 11 Special Attack: null Defence: 7 Special Defence: null Ability{damage=8, stun=true, dodge=false, coolDown=6} Ability{damage=2, stun=false, dodge=true, coolDown=7}

=====================!!! Round 1 !!!=====================
* CoolDown Charmander: Ability1 [0] Ability2 [0]
* CoolDown Vulpix: Ability1 [0] Ability2 [0]
Charmander attack with ABILITY2 | Vulpix attack with ABILITY1
	+Charmander HP: 45(Damage received: 8)
	+Vulpix HP: 32(Damage received: 7)

=====================!!! Round 2 !!!=====================
* CoolDown Charmander: Ability1 [0] Ability2 [6]
* CoolDown Vulpix: Ability1 [6] Ability2 [0]
Charmander is stunned | Vulpix attack with NORMAL_ATTACK
	+Charmander HP: 42(Damage received: 3)
	+Vulpix HP: 32(Damage received: 0)

=====================!!! Round 3 !!!=====================
* CoolDown Charmander: Ability1 [0] Ability2 [5]
* CoolDown Vulpix: Ability1 [5] Ability2 [0]
Charmander attack with NORMAL_ATTACK | Vulpix attack with NORMAL_ATTACK
	+Charmander HP: 39(Damage received: 3)
	+Vulpix HP: 29(Damage received: 3)

=====================!!! Round 4 !!!=====================
* CoolDown Charmander: Ability1 [0] Ability2 [4]
* CoolDown Vulpix: Ability1 [4] Ability2 [0]
Charmander attack with NORMAL_ATTACK | Vulpix attack with ABILITY2
!! Vulpix has dodged attack !!
	+Charmander HP: 37(Damage received: 2)
	+Vulpix HP: 29(Damage received: 0)

=====================!!! Round 5 !!!=====================
* CoolDown Charmander: Ability1 [0] Ability2 [3]
* CoolDown Vulpix: Ability1 [3] Ability2 [7]
Charmander attack with ABILITY1 | Vulpix attack with NORMAL_ATTACK
	+Charmander HP: 34(Damage received: 3)
	+Vulpix HP: 25(Damage received: 4)

=====================!!! Round 6 !!!=====================
* CoolDown Charmander: Ability1 [4] Ability2 [2]
* CoolDown Vulpix: Ability1 [2] Ability2 [6]
Charmander attack with NORMAL_ATTACK | Vulpix is stunned
	+Charmander HP: 34(Damage received: 0)
	+Vulpix HP: 22(Damage received: 3)

=====================!!! Round 7 !!!=====================
* CoolDown Charmander: Ability1 [3] Ability2 [1]
* CoolDown Vulpix: Ability1 [1] Ability2 [5]
Charmander attack with NORMAL_ATTACK | Vulpix attack with NORMAL_ATTACK
	+Charmander HP: 31(Damage received: 3)
	+Vulpix HP: 19(Damage received: 3)

=====================!!! Round 8 !!!=====================
* CoolDown Charmander: Ability1 [2] Ability2 [0]
* CoolDown Vulpix: Ability1 [0] Ability2 [4]
Charmander attack with NORMAL_ATTACK | Vulpix attack with ABILITY1
	+Charmander HP: 23(Damage received: 8)
	+Vulpix HP: 16(Damage received: 3)

=====================!!! Round 9 !!!=====================
* CoolDown Charmander: Ability1 [1] Ability2 [0]
* CoolDown Vulpix: Ability1 [6] Ability2 [3]
Charmander is stunned | Vulpix attack with NORMAL_ATTACK
	+Charmander HP: 20(Damage received: 3)
	+Vulpix HP: 16(Damage received: 0)

=====================!!! Round 10 !!!=====================
* CoolDown Charmander: Ability1 [0] Ability2 [0]
* CoolDown Vulpix: Ability1 [5] Ability2 [2]
Charmander attack with ABILITY1 | Vulpix attack with NORMAL_ATTACK
	+Charmander HP: 17(Damage received: 3)
	+Vulpix HP: 12(Damage received: 4)

=====================!!! Round 11 !!!=====================
* CoolDown Charmander: Ability1 [4] Ability2 [0]
* CoolDown Vulpix: Ability1 [4] Ability2 [1]
Charmander attack with NORMAL_ATTACK | Vulpix is stunned
	+Charmander HP: 17(Damage received: 0)
	+Vulpix HP: 9(Damage received: 3)

=====================!!! Round 12 !!!=====================
* CoolDown Charmander: Ability1 [3] Ability2 [0]
* CoolDown Vulpix: Ability1 [3] Ability2 [0]
Charmander attack with ABILITY2 | Vulpix attack with ABILITY2
!! Vulpix has dodged attack !!
	+Charmander HP: 15(Damage received: 2)
	+Vulpix HP: 9(Damage received: 0)

=====================!!! Round 13 !!!=====================
* CoolDown Charmander: Ability1 [2] Ability2 [6]
* CoolDown Vulpix: Ability1 [2] Ability2 [7]
Charmander attack with NORMAL_ATTACK | Vulpix attack with NORMAL_ATTACK
	+Charmander HP: 12(Damage received: 3)
	+Vulpix HP: 6(Damage received: 3)

=====================!!! Round 14 !!!=====================
* CoolDown Charmander: Ability1 [1] Ability2 [5]
* CoolDown Vulpix: Ability1 [1] Ability2 [6]
Charmander attack with NORMAL_ATTACK | Vulpix attack with NORMAL_ATTACK
	+Charmander HP: 9(Damage received: 3)
	+Vulpix HP: 3(Damage received: 3)

=====================!!! Round 15 !!!=====================
* CoolDown Charmander: Ability1 [0] Ability2 [4]
* CoolDown Vulpix: Ability1 [0] Ability2 [5]
Charmander attack with ABILITY1 | Vulpix attack with NORMAL_ATTACK
	+Charmander HP: 6(Damage received: 3)
	+Vulpix HP: -1(Damage received: 4)

		+++ Result: Win Charmander +++

Winner of all adventure is: Misty with pokemon: Charmander